[driver] GPU=3 helion=/home/calebkim/helion-new-heuristics/wt-reduction/helion/__init__.py
[driver] kernel=long_sum shape=(8, 131072) mode=seeded rand_seed=1
[driver] disable_heuristics_env=None force='1' effort='quick' max_gen=None rand_seed_env='1' log='/home/calebkim/helion-new-heuristics/wt-reduction/logs/productB/long_sum_8_131072_seeded_s1'
[verify] config_spec.compiler_seed_configs (n=1): [{'block_sizes': [1], 'reduction_loops': [None], 'num_warps': 32, 'num_stages': 1}]
[verify] config_spec.autotuner_heuristics: ['triton_reduction_tile']
[verify] recomputed compiler_seed_configs (n=1): [{'block_sizes': [1], 'reduction_loops': [None], 'num_warps': 32, 'num_stages': 1}]
[verify] SEEDED OK: seed config = {'block_sizes': [1], 'reduction_loops': [None], 'num_warps': 32, 'num_stages': 1}
[verify] SEED-FLAT-ENCODE: raw reduction_loops=[None] num_warps=32 -> flat-normalized reduction_loops=[4096] num_warps=32  DEGRADED(persistent->looped)
[verify] EXPECTED_SEED_STR=Config(block_sizes=[1], num_stages=1, num_warps=32, reduction_loops=[None])
[0s] Starting autotuning process, this may take a while...
[0s] Autotune random seed: 1
[0s] Starting LFBOTreeSearch with initial_population=FROM_BEST_AVAILABLE, copies=2, max_generations=5, similarity_penalty=1.0
[0s] Starting with default config
[0s] Initial population: 2 total
Initial population precompiling 100% ━━━━━━━━━━━━━━━━━━━━━━━━ 2/2 30.7 configs/s
Initial population exploring neighbors 100% ━━━━━━━━━━━━━━━━━━ 2/2 0.8 configs/s
[5s] Adaptive compile timeout: 30s (90% percentile=0.2s, bounds=[30.0s, 60s])
[5s] Initial random population of 2, 2 starting points: 
ok=2
min=0.0101
mid=0.0384
max=0.0384
best={'atomic_indexing': [],
 'block_sizes': [1],
 'indexing': ['pointer', 'pointer', 'pointer'],
 'load_eviction_policies': ['', ''],
 'num_stages': 1,
 'num_warps': 32,
 'pid_type': 'flat',
 'range_flattens': [None],
 'range_multi_buffers': [None],
 'range_num_stages': [0],
 'range_unroll_factors': [0],
 'range_warp_specializes': [],
 'reduction_loops': [4096]}
[5s] Fitting surrogate: 2 points, 2 targets
[6s] Generation 1 starting: 12 neighbors, 2 active search path(s)
Generation 1: precompiling 100% ━━━━━━━━━━━━━━━━━━━━━━━━━━━ 12/12 93.8 configs/s
Generation 1: exploring neighbors 100% ━━━━━━━━━━━━━━━━━━━━━ 12/12 9.2 configs/s
[13s] Generation 1 complete: 
ok=14
min=0.0101
mid=0.0216
max=0.0599
best={'atomic_indexing': [],
 'block_sizes': [1],
 'indexing': ['pointer', 'pointer', 'pointer'],
 'load_eviction_policies': ['', ''],
 'num_stages': 1,
 'num_warps': 32,
 'pid_type': 'flat',
 'range_flattens': [None],
 'range_multi_buffers': [None],
 'range_num_stages': [0],
 'range_unroll_factors': [0],
 'range_warp_specializes': [],
 'reduction_loops': [4096]}
[13s] Fitting surrogate: 14 points, 14 targets
[14s] Generation 2 starting: 10 neighbors, 2 active search path(s)
Generation 2: precompiling 100% ━━━━━━━━━━━━━━━━━━━━━━━━━━━ 10/10 66.6 configs/s
Generation 2: exploring neighbors 100% ━━━━━━━━━━━━━━━━━━━━━ 10/10 0.6 configs/s
[33s] Generation 2 complete: 
ok=12
min=0.0078
mid=0.0101
max=0.0305
best={'atomic_indexing': [],
 'block_sizes': [1],
 'indexing': ['pointer', 'pointer', 'pointer'],
 'load_eviction_policies': ['last', ''],
 'num_sm_multiplier': 1,
 'num_stages': 1,
 'num_warps': 32,
 'pid_type': 'persistent_interleaved',
 'range_flattens': [None],
 'range_multi_buffers': [True],
 'range_num_stages': [0],
 'range_unroll_factors': [0],
 'range_warp_specializes': [],
 'reduction_loops': [4096]}
[33s] Fitting surrogate: 24 points, 24 targets
[33s] Generation 3 starting: 20 neighbors, 2 active search path(s)
Generation 3: precompiling 100% ━━━━━━━━━━━━━━━━━━━━━━━━━━━ 21/21 23.6 configs/s
Generation 3: exploring neighbors 100% ━━━━━━━━━━━━━━━━━━━━━ 21/21 9.8 configs/s
[38s] Generation 3 complete: 
ok=22
min=0.0078
mid=0.0090
max=0.1326
best={'atomic_indexing': [],
 'block_sizes': [1],
 'indexing': ['pointer', 'pointer', 'pointer'],
 'load_eviction_policies': ['last', ''],
 'num_sm_multiplier': 1,
 'num_stages': 1,
 'num_warps': 32,
 'pid_type': 'persistent_interleaved',
 'range_flattens': [None],
 'range_multi_buffers': [True],
 'range_num_stages': [0],
 'range_unroll_factors': [0],
 'range_warp_specializes': [],
 'reduction_loops': [4096]}
[38s] Fitting surrogate: 45 points, 45 targets
[39s] Generation 4 starting: 28 neighbors, 2 active search path(s)
Generation 4: precompiling 100% ━━━━━━━━━━━━━━━━━━━━━━━━━━━━━━ 28/28 - configs/s
Generation 4: exploring neighbors 100% ━━━━━━━━━━━━━━━━━━━━━ 28/28 9.1 configs/s
[43s] Generation 4 complete: 
ok=31
min=0.0078
mid=0.0081
max=0.0120
best={'atomic_indexing': [],
 'block_sizes': [1],
 'indexing': ['pointer', 'pointer', 'pointer'],
 'load_eviction_policies': ['last', ''],
 'num_sm_multiplier': 1,
 'num_stages': 1,
 'num_warps': 32,
 'pid_type': 'persistent_interleaved',
 'range_flattens': [None],
 'range_multi_buffers': [True],
 'range_num_stages': [0],
 'range_unroll_factors': [0],
 'range_warp_specializes': [],
 'reduction_loops': [4096]}
[43s] Fitting surrogate: 73 points, 73 targets
[43s] Copy 0 finish because of no improvement
[43s] Copy 1 finish because of no improvement
[43s] Autotuning stop at generation 5 because of no active search path
[44s] Autotuning complete in 44.6s after searching 73 configs.
One can hardcode the best config and skip autotuning with:
    @helion.kernel(config=helion.Config(atomic_indexing=[], block_sizes=[1], indexing=['pointer', 'pointer', 'pointer'], load_eviction_policies=['last', ''], num_sm_multiplier=1, num_stages=1, num_warps=32, pid_type='persistent_interleaved', range_flattens=[None], range_multi_buffers=[True], range_num_stages=[0], range_unroll_factors=[0], range_warp_specializes=[], reduction_loops=[4096]), static_shapes=True)

[44s] Code of selected kernel: /tmp/productB_cache_3/long_sum_8_131072_seeded_s1/inductor/yl/cylgealkvtmgwfo6fawfnhkvqkb2aaroertzz6h2q5e73wjqdiwe.py
[driver] DONE best_config={'block_sizes': [1], 'reduction_loops': [4096], 'range_unroll_factors': [0], 'range_warp_specializes': [], 'range_num_stages': [0], 'range_multi_buffers': [True], 'range_flattens': [None], 'load_eviction_policies': ['last', ''], 'num_warps': 32, 'num_stages': 1, 'indexing': ['pointer', 'pointer', 'pointer'], 'atomic_indexing': [], 'pid_type': 'persistent_interleaved', 'num_sm_multiplier': 1}
