[driver] GPU=2 helion=/home/calebkim/helion-new-heuristics/wt-reduction/helion/__init__.py
[driver] kernel=rms_norm shape=(2048, 16384) mode=unseeded rand_seed=1
[driver] disable_heuristics_env='1' force='1' effort='quick' max_gen=None rand_seed_env='1' log='/home/calebkim/helion-new-heuristics/wt-reduction/logs/productB/rms_norm_2048_16384_unseeded_s1'
[verify] config_spec.compiler_seed_configs (n=0): []
[verify] config_spec.autotuner_heuristics: []
[verify] recomputed compiler_seed_configs (n=0): []
[verify] UNSEEDED OK: no compiler seed in initial population
[verify] EXPECTED_SEED_STR=None
[0s] Starting autotuning process, this may take a while...
[0s] Autotune random seed: 1
[0s] Starting LFBOTreeSearch with initial_population=FROM_BEST_AVAILABLE, copies=2, max_generations=5, similarity_penalty=1.0
[0s] Starting with default config
[0s] Initial population: 1 total
Initial population precompiling 100% ━━━━━━━━━━━━━━━━━━━━━━━━━━━ 1/1 - configs/s
Initial population exploring neighbors 100% ━━━━━━━━━━━━━━━━━━━━ 1/1 - configs/s
[6s] Adaptive compile timeout: 30s (90% percentile=2.2s, bounds=[30.0s, 60s])
[6s] Initial random population of 1, 1 starting points: 
ok=1
min=0.1825
mid=0.1825
max=0.1825
best={'atomic_indexing': [],
 'block_sizes': [1],
 'indexing': ['pointer', 'pointer', 'pointer', 'pointer', 'pointer', 'pointer', 'pointer',
              'pointer'],
 'load_eviction_policies': ['', '', '', '', ''],
 'num_stages': 1,
 'num_warps': 4,
 'pid_type': 'flat',
 'range_flattens': [None],
 'range_multi_buffers': [None],
 'range_num_stages': [0],
 'range_unroll_factors': [0],
 'range_warp_specializes': [],
 'reduction_loops': [4096]}
[6s] All labels are identical, skip training surrogate.
[6s] Generation 1 starting: 8 neighbors, 1 active search path(s)
Generation 1: precompiling 100% ━━━━━━━━━━━━━━━━━━━━━━━━━━━━━━ 9/9 2.0 configs/s
Generation 1: exploring neighbors 100% ━━━━━━━━━━━━━━━━━━━━━━━ 9/9 1.2 configs/s
[16s] Generation 1 complete: 
ok=10
min=0.1327
mid=0.1885
max=0.9404
best={'atomic_indexing': [],
 'block_sizes': [1],
 'indexing': ['tensor_descriptor', 'pointer', 'pointer', 'pointer', 'pointer', 'pointer', 'pointer',
              'pointer'],
 'load_eviction_policies': ['', '', '', 'last', ''],
 'num_stages': 1,
 'num_warps': 16,
 'pid_type': 'flat',
 'range_flattens': [None],
 'range_multi_buffers': [None],
 'range_num_stages': [0],
 'range_unroll_factors': [0],
 'range_warp_specializes': [],
 'reduction_loops': [8192]}
[16s] Fitting surrogate: 10 points, 10 targets
[17s] Generation 2 starting: 7 neighbors, 1 active search path(s)
Generation 2: precompiling 100% ━━━━━━━━━━━━━━━━━━━━━━━━━━━━ 7/7 101.9 configs/s
Generation 2: exploring neighbors 100% ━━━━━━━━━━━━━━━━━━━━━━━ 7/7 4.7 configs/s
[19s] Generation 2 complete: 
ok=8
min=0.1292
mid=0.1327
max=0.1900
best={'atomic_indexing': [],
 'block_sizes': [1],
 'indexing': ['tensor_descriptor', 'tensor_descriptor', 'pointer', 'pointer', 'pointer', 'pointer',
              'pointer', 'pointer'],
 'load_eviction_policies': ['', '', '', 'last', ''],
 'num_stages': 1,
 'num_warps': 8,
 'pid_type': 'flat',
 'range_flattens': [None],
 'range_multi_buffers': [None],
 'range_num_stages': [0],
 'range_unroll_factors': [0],
 'range_warp_specializes': [],
 'reduction_loops': [None]}
[19s] Fitting surrogate: 17 points, 17 targets
[19s] Generation 3 starting: 13 neighbors, 1 active search path(s)
Generation 3: precompiling 100% ━━━━━━━━━━━━━━━━━━━━━━━━━━━━ 13/13 2.9 configs/s
Generation 3: exploring neighbors 100% ━━━━━━━━━━━━━━━━━━━━━ 13/13 3.8 configs/s
[25s] Generation 3 complete: 
error=1
ok=13
min=0.1280
mid=0.1295
max=0.1607
best={'atomic_indexing': [],
 'block_sizes': [2],
 'indexing': ['tensor_descriptor', 'tensor_descriptor', 'pointer', 'pointer', 'pointer', 'pointer',
              'pointer', 'tensor_descriptor'],
 'load_eviction_policies': ['last', '', '', 'last', ''],
 'num_stages': 3,
 'num_warps': 32,
 'pid_type': 'flat',
 'range_flattens': [None],
 'range_multi_buffers': [None],
 'range_num_stages': [0],
 'range_unroll_factors': [0],
 'range_warp_specializes': [],
 'reduction_loops': [None]}
[25s] Fitting surrogate: 30 points, 30 targets
[25s] Generation 4 starting: 14 neighbors, 1 active search path(s)
Generation 4: precompiling 100% ━━━━━━━━━━━━━━━━━━━━━━━━━━━ 15/15 19.1 configs/s
Generation 4: exploring neighbors 100% ━━━━━━━━━━━━━━━━━━━━━ 15/15 7.2 configs/s
[28s] Generation 4 complete: 
error=2
ok=14
min=0.1278
mid=0.1295
max=0.2762
best={'atomic_indexing': [],
 'block_sizes': [2],
 'indexing': ['tensor_descriptor', 'tensor_descriptor', 'pointer', 'pointer', 'pointer',
              'tensor_descriptor', 'pointer', 'tensor_descriptor'],
 'load_eviction_policies': ['last', '', 'first', 'last', ''],
 'num_stages': 3,
 'num_warps': 32,
 'pid_type': 'flat',
 'range_flattens': [None],
 'range_multi_buffers': [None],
 'range_num_stages': [0],
 'range_unroll_factors': [0],
 'range_warp_specializes': [],
 'reduction_loops': [None]}
[28s] Fitting surrogate: 45 points, 45 targets
[29s] Generation 5 starting: 16 neighbors, 1 active search path(s)
Generation 5: precompiling 100% ━━━━━━━━━━━━━━━━━━━━━━━━━━━ 16/16 32.8 configs/s
Generation 5: exploring neighbors 100% ━━━━━━━━━━━━━━━━━━━━━ 16/16 9.1 configs/s
[31s] Generation 5 complete: 
ok=17
min=0.1276
mid=0.1280
max=0.1294
best={'atomic_indexing': [],
 'block_sizes': [2],
 'indexing': ['tensor_descriptor', 'tensor_descriptor', 'pointer', 'pointer', 'pointer', 'pointer',
              'pointer', 'tensor_descriptor'],
 'load_eviction_policies': ['last', '', 'first', 'last', ''],
 'num_stages': 3,
 'num_warps': 32,
 'pid_type': 'flat',
 'range_flattens': [None],
 'range_multi_buffers': [None],
 'range_num_stages': [0],
 'range_unroll_factors': [0],
 'range_warp_specializes': [],
 'reduction_loops': [None]}
[32s] Autotuning complete in 32.9s after searching 61 configs.
One can hardcode the best config and skip autotuning with:
    @helion.kernel(config=helion.Config(atomic_indexing=[], block_sizes=[2], indexing=['tensor_descriptor', 'tensor_descriptor', 'pointer', 'pointer', 'pointer', 'pointer', 'pointer', 'tensor_descriptor'], load_eviction_policies=['last', '', 'first', 'last', ''], num_stages=3, num_warps=32, pid_type='flat', range_flattens=[None], range_multi_buffers=[None], range_num_stages=[0], range_unroll_factors=[0], range_warp_specializes=[], reduction_loops=[None]), static_shapes=True)

[32s] 3 of 61 configs failed due to compile failures.
[32s] Code of selected kernel: /tmp/productB_cache_2/rms_norm_2048_16384_unseeded_s1/inductor/yv/cyvw6o76n32lni43scewe75ryzye2av7kw42msnrhjdu3ma66jdw.py
[driver] DONE best_config={'block_sizes': [2], 'reduction_loops': [None], 'range_unroll_factors': [0], 'range_warp_specializes': [], 'range_num_stages': [0], 'range_multi_buffers': [None], 'range_flattens': [None], 'load_eviction_policies': ['last', '', 'first', 'last', ''], 'num_warps': 32, 'num_stages': 3, 'indexing': ['tensor_descriptor', 'tensor_descriptor', 'pointer', 'pointer', 'pointer', 'pointer', 'pointer', 'tensor_descriptor'], 'atomic_indexing': [], 'pid_type': 'flat'}
