[driver] GPU=2 helion=/home/calebkim/helion-new-heuristics/wt-reduction/helion/__init__.py
[driver] kernel=rms_norm shape=(2048, 16384) mode=unseeded rand_seed=2
[driver] disable_heuristics_env='1' force='1' effort='quick' max_gen=None rand_seed_env='2' log='/home/calebkim/helion-new-heuristics/wt-reduction/logs/productB/rms_norm_2048_16384_unseeded_s2'
[verify] config_spec.compiler_seed_configs (n=0): []
[verify] config_spec.autotuner_heuristics: []
[verify] recomputed compiler_seed_configs (n=0): []
[verify] UNSEEDED OK: no compiler seed in initial population
[verify] EXPECTED_SEED_STR=None
[0s] Starting autotuning process, this may take a while...
[0s] Autotune random seed: 2
[0s] Starting LFBOTreeSearch with initial_population=FROM_BEST_AVAILABLE, copies=2, max_generations=5, similarity_penalty=1.0
[0s] Starting with default config
[0s] Initial population: 1 total
Initial population precompiling 100% ━━━━━━━━━━━━━━━━━━━━━━━━━━━ 1/1 - configs/s
Initial population exploring neighbors 100% ━━━━━━━━━━━━━━━━━━━━ 1/1 - configs/s
[4s] Adaptive compile timeout: 30s (90% percentile=0.2s, bounds=[30.0s, 60s])
[4s] Initial random population of 1, 1 starting points: 
ok=1
min=0.1825
mid=0.1825
max=0.1825
best={'atomic_indexing': [],
 'block_sizes': [1],
 'indexing': ['pointer', 'pointer', 'pointer', 'pointer', 'pointer', 'pointer', 'pointer',
              'pointer'],
 'load_eviction_policies': ['', '', '', '', ''],
 'num_stages': 1,
 'num_warps': 4,
 'pid_type': 'flat',
 'range_flattens': [None],
 'range_multi_buffers': [None],
 'range_num_stages': [0],
 'range_unroll_factors': [0],
 'range_warp_specializes': [],
 'reduction_loops': [4096]}
[4s] All labels are identical, skip training surrogate.
[4s] Generation 1 starting: 7 neighbors, 1 active search path(s)
Generation 1: precompiling 100% ━━━━━━━━━━━━━━━━━━━━━━━━━━━━━━ 8/8 8.4 configs/s
Generation 1: exploring neighbors 100% ━━━━━━━━━━━━━━━━━━━━━━━ 8/8 3.2 configs/s
[11s] Generation 1 complete: 
ok=9
min=0.1443
mid=0.1656
max=0.1935
best={'atomic_indexing': [],
 'block_sizes': [2],
 'indexing': ['pointer', 'pointer', 'pointer', 'pointer', 'pointer', 'pointer', 'pointer',
              'pointer'],
 'load_eviction_policies': ['', '', '', '', ''],
 'num_sm_multiplier': 1,
 'num_stages': 1,
 'num_warps': 16,
 'pid_type': 'persistent_interleaved',
 'range_flattens': [None],
 'range_multi_buffers': [None],
 'range_num_stages': [0],
 'range_unroll_factors': [0],
 'range_warp_specializes': [],
 'reduction_loops': [4096]}
[11s] Fitting surrogate: 9 points, 9 targets
[12s] Generation 2 starting: 14 neighbors, 1 active search path(s)
Generation 2: precompiling 100% ━━━━━━━━━━━━━━━━━━━━━━━━━━━━ 14/14 4.3 configs/s
Generation 2: exploring neighbors 100% ━━━━━━━━━━━━━━━━━━━━━ 14/14 4.7 configs/s
[17s] Generation 2 complete: 
ok=15
min=0.1332
mid=0.1446
max=0.1809
best={'atomic_indexing': [],
 'block_sizes': [2],
 'indexing': ['pointer', 'pointer', 'pointer', 'pointer', 'pointer', 'pointer', 'pointer',
              'pointer'],
 'load_eviction_policies': ['', '', '', '', ''],
 'num_sm_multiplier': 1,
 'num_stages': 1,
 'num_warps': 32,
 'pid_type': 'persistent_interleaved',
 'range_flattens': [None],
 'range_multi_buffers': [None],
 'range_num_stages': [0],
 'range_unroll_factors': [0],
 'range_warp_specializes': [],
 'reduction_loops': [None]}
[17s] Fitting surrogate: 23 points, 23 targets
[17s] Generation 3 starting: 12 neighbors, 1 active search path(s)
Generation 3: precompiling 100% ━━━━━━━━━━━━━━━━━━━━━━━━━━━ 12/12 42.2 configs/s
Generation 3: exploring neighbors 100% ━━━━━━━━━━━━━━━━━━━━━ 12/12 7.1 configs/s
[21s] Generation 3 complete: 
error=1
ok=12
min=0.1328
mid=0.1339
max=0.1483
best={'atomic_indexing': [],
 'block_sizes': [2],
 'indexing': ['pointer', 'pointer', 'pointer', 'pointer', 'pointer', 'pointer', 'pointer',
              'pointer'],
 'load_eviction_policies': ['', 'last', '', '', ''],
 'num_sm_multiplier': 1,
 'num_stages': 1,
 'num_warps': 32,
 'pid_type': 'persistent_interleaved',
 'range_flattens': [None],
 'range_multi_buffers': [None],
 'range_num_stages': [0],
 'range_unroll_factors': [0],
 'range_warp_specializes': [],
 'reduction_loops': [None]}
[21s] Fitting surrogate: 35 points, 35 targets
[21s] Generation 4 starting: 16 neighbors, 1 active search path(s)
Generation 4: precompiling 100% ━━━━━━━━━━━━━━━━━━━━━━━━━━━ 16/16 17.2 configs/s
Generation 4: exploring neighbors 100% ━━━━━━━━━━━━━━━━━━━━━ 16/16 3.8 configs/s
[26s] Generation 4 complete: 
ok=17
min=0.1288
mid=0.1330
max=0.4037
best={'atomic_indexing': [],
 'block_sizes': [2],
 'indexing': ['pointer', 'pointer', 'pointer', 'pointer', 'pointer', 'pointer', 'pointer',
              'pointer'],
 'load_eviction_policies': ['', '', '', '', ''],
 'num_stages': 1,
 'num_warps': 32,
 'pid_type': 'flat',
 'range_flattens': [None],
 'range_multi_buffers': [None],
 'range_num_stages': [0],
 'range_unroll_factors': [0],
 'range_warp_specializes': [],
 'reduction_loops': [None]}
[26s] Fitting surrogate: 51 points, 51 targets
[27s] Generation 5 starting: 15 neighbors, 1 active search path(s)
Generation 5: precompiling 100% ━━━━━━━━━━━━━━━━━━━━━━━━━━━ 15/15 38.8 configs/s
Generation 5: exploring neighbors 100% ━━━━━━━━━━━━━━━━━━━━━ 15/15 6.3 configs/s
[35s] Generation 5 complete: 
ok=16
min=0.1288
mid=0.1294
max=0.2547
best={'atomic_indexing': [],
 'block_sizes': [2],
 'indexing': ['pointer', 'tensor_descriptor', 'pointer', 'pointer', 'pointer', 'pointer', 'pointer',
              'pointer'],
 'load_eviction_policies': ['', '', '', '', ''],
 'num_stages': 1,
 'num_warps': 32,
 'pid_type': 'flat',
 'range_flattens': [None],
 'range_multi_buffers': [None],
 'range_num_stages': [0],
 'range_unroll_factors': [0],
 'range_warp_specializes': [],
 'reduction_loops': [None]}
[37s] Autotuning complete in 37.1s after searching 66 configs.
One can hardcode the best config and skip autotuning with:
    @helion.kernel(config=helion.Config(atomic_indexing=[], block_sizes=[2], indexing=['pointer', 'tensor_descriptor', 'pointer', 'pointer', 'pointer', 'pointer', 'pointer', 'pointer'], load_eviction_policies=['', '', '', '', ''], num_stages=1, num_warps=32, pid_type='flat', range_flattens=[None], range_multi_buffers=[None], range_num_stages=[0], range_unroll_factors=[0], range_warp_specializes=[], reduction_loops=[None]), static_shapes=True)

[37s] 1 of 66 configs failed due to compile failures.
[37s] Code of selected kernel: /tmp/productB_cache_2/rms_norm_2048_16384_unseeded_s2/inductor/js/cjswtqxd7mhm5dpynprlvwnyll7c324rboxzqsxrvnkitucl4qbu.py
[driver] DONE best_config={'block_sizes': [2], 'reduction_loops': [None], 'range_unroll_factors': [0], 'range_warp_specializes': [], 'range_num_stages': [0], 'range_multi_buffers': [None], 'range_flattens': [None], 'load_eviction_policies': ['', '', '', '', ''], 'num_warps': 32, 'num_stages': 1, 'indexing': ['pointer', 'tensor_descriptor', 'pointer', 'pointer', 'pointer', 'pointer', 'pointer', 'pointer'], 'atomic_indexing': [], 'pid_type': 'flat'}
