[driver] GPU=3 helion=/home/calebkim/helion-new-heuristics/wt-reduction/helion/__init__.py
[driver] kernel=sum shape=(2048, 16384) mode=seeded rand_seed=2
[driver] disable_heuristics_env=None force='1' effort='quick' max_gen=None rand_seed_env='2' log='/home/calebkim/helion-new-heuristics/wt-reduction/logs/productB/sum_2048_16384_seeded_s2'
[verify] config_spec.compiler_seed_configs (n=1): [{'block_sizes': [1], 'reduction_loops': [None], 'num_warps': 16, 'num_stages': 1}]
[verify] config_spec.autotuner_heuristics: ['triton_reduction_tile']
[verify] recomputed compiler_seed_configs (n=1): [{'block_sizes': [1], 'reduction_loops': [None], 'num_warps': 16, 'num_stages': 1}]
[verify] SEEDED OK: seed config = {'block_sizes': [1], 'reduction_loops': [None], 'num_warps': 16, 'num_stages': 1}
[verify] SEED-FLAT-ENCODE: raw reduction_loops=[None] num_warps=16 -> flat-normalized reduction_loops=[4096] num_warps=16  DEGRADED(persistent->looped)
[verify] EXPECTED_SEED_STR=Config(block_sizes=[1], num_stages=1, num_warps=16, reduction_loops=[None])
[0s] Starting autotuning process, this may take a while...
[0s] Autotune random seed: 2
[0s] Starting LFBOTreeSearch with initial_population=FROM_BEST_AVAILABLE, copies=2, max_generations=5, similarity_penalty=1.0
[0s] Starting with default config
[0s] Initial population: 2 total
Initial population precompiling 100% ━━━━━━━━━━━━━━━━━━━━━━━━━━━ 2/2 - configs/s
Initial population exploring neighbors 100% ━━━━━━━━━━━━━━━━━ 2/2 12.8 configs/s
[5s] Adaptive compile timeout: 30s (90% percentile=0.1s, bounds=[30.0s, 60s])
[5s] Initial random population of 2, 2 starting points: 
ok=2
min=0.0756
mid=0.0761
max=0.0761
best={'atomic_indexing': [],
 'block_sizes': [1],
 'indexing': ['pointer', 'pointer', 'pointer'],
 'load_eviction_policies': ['', ''],
 'num_stages': 1,
 'num_warps': 16,
 'pid_type': 'flat',
 'range_flattens': [None],
 'range_multi_buffers': [None],
 'range_num_stages': [0],
 'range_unroll_factors': [0],
 'range_warp_specializes': [],
 'reduction_loops': [4096]}
[5s] Fitting surrogate: 2 points, 2 targets
[5s] Generation 1 starting: 15 neighbors, 2 active search path(s)
Generation 1: precompiling 100% ━━━━━━━━━━━━━━━━━━━━━━━━━━━ 15/15 72.2 configs/s
Generation 1: exploring neighbors 100% ━━━━━━━━━━━━━━━━━━━━━ 15/15 5.4 configs/s
[9s] Generation 1 complete: 
ok=17
min=0.0698
mid=0.0760
max=0.0782
best={'atomic_indexing': [],
 'block_sizes': [2],
 'indexing': ['pointer', 'pointer', 'pointer'],
 'load_eviction_policies': ['first', ''],
 'num_stages': 1,
 'num_warps': 16,
 'pid_type': 'flat',
 'range_flattens': [None],
 'range_multi_buffers': [None],
 'range_num_stages': [0],
 'range_unroll_factors': [0],
 'range_warp_specializes': [],
 'reduction_loops': [8192]}
[9s] Fitting surrogate: 17 points, 17 targets
[9s] Generation 2 starting: 8 neighbors, 2 active search path(s)
Generation 2: precompiling 100% ━━━━━━━━━━━━━━━━━━━━━━━━━━━━━━ 8/8 4.8 configs/s
Generation 2: exploring neighbors 100% ━━━━━━━━━━━━━━━━━━━━━━━ 8/8 7.4 configs/s
[11s] Generation 2 complete: 
ok=10
min=0.0692
mid=0.0706
max=0.0756
best={'atomic_indexing': [],
 'block_sizes': [1],
 'indexing': ['pointer', 'pointer', 'pointer'],
 'load_eviction_policies': ['first', ''],
 'num_stages': 1,
 'num_warps': 32,
 'pid_type': 'flat',
 'range_flattens': [None],
 'range_multi_buffers': [None],
 'range_num_stages': [0],
 'range_unroll_factors': [0],
 'range_warp_specializes': [],
 'reduction_loops': [4096]}
[11s] Fitting surrogate: 25 points, 25 targets
[12s] Generation 3 starting: 13 neighbors, 2 active search path(s)
Generation 3: precompiling 100% ━━━━━━━━━━━━━━━━━━━━━━━━━━━━━━ 13/13 - configs/s
Generation 3: exploring neighbors 100% ━━━━━━━━━━━━━━━━━━━━ 13/13 14.8 configs/s
[13s] Generation 3 complete: 
ok=15
min=0.0692
mid=0.0696
max=0.0732
best={'atomic_indexing': [],
 'block_sizes': [1],
 'indexing': ['pointer', 'pointer', 'pointer'],
 'load_eviction_policies': ['first', ''],
 'num_stages': 1,
 'num_warps': 32,
 'pid_type': 'flat',
 'range_flattens': [None],
 'range_multi_buffers': [None],
 'range_num_stages': [0],
 'range_unroll_factors': [0],
 'range_warp_specializes': [],
 'reduction_loops': [4096]}
[13s] Fitting surrogate: 38 points, 38 targets
[13s] Generation 4 starting: 12 neighbors, 2 active search path(s)
Generation 4: precompiling 100% ━━━━━━━━━━━━━━━━━━━━━━━━━ 12/12 1241.4 configs/s
Generation 4: exploring neighbors 100% ━━━━━━━━━━━━━━━━━━━━ 12/12 13.4 configs/s
[15s] Generation 4 complete: 
ok=14
min=0.0691
mid=0.0692
max=0.0758
best={'atomic_indexing': [],
 'block_sizes': [1],
 'indexing': ['pointer', 'tensor_descriptor', 'pointer'],
 'load_eviction_policies': ['first', 'last'],
 'num_stages': 1,
 'num_warps': 8,
 'pid_type': 'flat',
 'range_flattens': [None],
 'range_multi_buffers': [None],
 'range_num_stages': [0],
 'range_unroll_factors': [0],
 'range_warp_specializes': [],
 'reduction_loops': [4096]}
[15s] Fitting surrogate: 50 points, 50 targets
[16s] Copy 1 finish because of no improvement
[16s] Generation 5 starting: 13 neighbors, 1 active search path(s)
Generation 5: precompiling 100% ━━━━━━━━━━━━━━━━━━━━━━━━━━━ 13/13 32.0 configs/s
Generation 5: exploring neighbors 100% ━━━━━━━━━━━━━━━━━━━━━ 13/13 4.1 configs/s
[23s] Generation 5 complete: 
ok=14
min=0.0678
mid=0.0692
max=0.0708
best={'atomic_indexing': [],
 'block_sizes': [1],
 'indexing': ['pointer', 'tensor_descriptor', 'tensor_descriptor'],
 'load_eviction_policies': ['first', 'last'],
 'num_stages': 1,
 'num_warps': 16,
 'pid_type': 'flat',
 'range_flattens': [None],
 'range_multi_buffers': [None],
 'range_num_stages': [0],
 'range_unroll_factors': [0],
 'range_warp_specializes': [],
 'reduction_loops': [4096]}
[24s] Autotuning complete in 24.9s after searching 63 configs.
One can hardcode the best config and skip autotuning with:
    @helion.kernel(config=helion.Config(atomic_indexing=[], block_sizes=[1], indexing=['pointer', 'tensor_descriptor', 'tensor_descriptor'], load_eviction_policies=['first', 'last'], num_stages=1, num_warps=16, pid_type='flat', range_flattens=[None], range_multi_buffers=[None], range_num_stages=[0], range_unroll_factors=[0], range_warp_specializes=[], reduction_loops=[4096]), static_shapes=True)

[24s] Code of selected kernel: /tmp/productB_cache_3/sum_2048_16384_seeded_s2/inductor/f6/cf63mwnhutej5xxhtaqpjiq6jgt52stz4yajx3eivhcnbibuccya.py
[driver] DONE best_config={'block_sizes': [1], 'reduction_loops': [4096], 'range_unroll_factors': [0], 'range_warp_specializes': [], 'range_num_stages': [0], 'range_multi_buffers': [None], 'range_flattens': [None], 'load_eviction_policies': ['first', 'last'], 'num_warps': 16, 'num_stages': 1, 'indexing': ['pointer', 'tensor_descriptor', 'tensor_descriptor'], 'atomic_indexing': [], 'pid_type': 'flat'}
