GPU=0 helion=/home/dev/local/helion-reduction-heuristics-run2/helion/__init__.py
WARNING[TensorOperationInWrapper]: A tensor operation outside of the `hl.tile` or `hl.grid` loop will not be fused in the generated kernel.
Use @helion.kernel(ignore_warnings=[helion.exc.TensorOperationInWrapper]) to suppress this warning.
If this is not a tensor operation, please report this as a bug.
While processing:
  File "/home/dev/local/helion-reduction-heuristics-run2/examples/cross_entropy.py", line 79, in cross_entropy
    return losses.mean()
           ^^^^^^^^^^^^^

WARNING[TensorOperationInWrapper]: A tensor operation outside of the `hl.tile` or `hl.grid` loop will not be fused in the generated kernel.
Use @helion.kernel(ignore_warnings=[helion.exc.TensorOperationInWrapper]) to suppress this warning.
If this is not a tensor operation, please report this as a bug.
While processing:
  File "/home/dev/local/helion-reduction-heuristics-run2/examples/cross_entropy.py", line 79, in cross_entropy
    return losses.mean()
           ^^^^^^^^^^^^^

WARNING[TensorOperationInWrapper]: A tensor operation outside of the `hl.tile` or `hl.grid` loop will not be fused in the generated kernel.
Use @helion.kernel(ignore_warnings=[helion.exc.TensorOperationInWrapper]) to suppress this warning.
If this is not a tensor operation, please report this as a bug.
While processing:
  File "/home/dev/local/helion-reduction-heuristics-run2/examples/cross_entropy.py", line 79, in cross_entropy
    return losses.mean()
           ^^^^^^^^^^^^^

WARNING[TensorOperationInWrapper]: A tensor operation outside of the `hl.tile` or `hl.grid` loop will not be fused in the generated kernel.
Use @helion.kernel(ignore_warnings=[helion.exc.TensorOperationInWrapper]) to suppress this warning.
If this is not a tensor operation, please report this as a bug.
While processing:
  File "/home/dev/local/helion-reduction-heuristics-run2/examples/cross_entropy.py", line 79, in cross_entropy
    return losses.mean()
           ^^^^^^^^^^^^^


=== cross_entropy(8192,49152) ===  tc_default=563.3us (spread 0.00)
           arm       rl   w  ns    codegen        us  seed/arm   arm/tc  spread corr
   seed_looped  [16384]  32   1     looped     539.0     1.000    1.045    0.01 OK
       persist   [None]  32   1 persistent     527.1     1.023    1.069    0.01 OK
   persist_w16   [None]  16   1 persistent     593.2     0.909    0.950    0.01 OK
   persist_ns4   [None]  16   4 persistent     593.3     0.908    0.949    0.01 OK
WARNING[TensorOperationInWrapper]: A tensor operation outside of the `hl.tile` or `hl.grid` loop will not be fused in the generated kernel.
Use @helion.kernel(ignore_warnings=[helion.exc.TensorOperationInWrapper]) to suppress this warning.
If this is not a tensor operation, please report this as a bug.
While processing:
  File "/home/dev/local/helion-reduction-heuristics-run2/examples/cross_entropy.py", line 79, in cross_entropy
    return losses.mean()
           ^^^^^^^^^^^^^

WARNING[TensorOperationInWrapper]: A tensor operation outside of the `hl.tile` or `hl.grid` loop will not be fused in the generated kernel.
Use @helion.kernel(ignore_warnings=[helion.exc.TensorOperationInWrapper]) to suppress this warning.
If this is not a tensor operation, please report this as a bug.
While processing:
  File "/home/dev/local/helion-reduction-heuristics-run2/examples/cross_entropy.py", line 79, in cross_entropy
    return losses.mean()
           ^^^^^^^^^^^^^

WARNING[TensorOperationInWrapper]: A tensor operation outside of the `hl.tile` or `hl.grid` loop will not be fused in the generated kernel.
Use @helion.kernel(ignore_warnings=[helion.exc.TensorOperationInWrapper]) to suppress this warning.
If this is not a tensor operation, please report this as a bug.
While processing:
  File "/home/dev/local/helion-reduction-heuristics-run2/examples/cross_entropy.py", line 79, in cross_entropy
    return losses.mean()
           ^^^^^^^^^^^^^

WARNING[TensorOperationInWrapper]: A tensor operation outside of the `hl.tile` or `hl.grid` loop will not be fused in the generated kernel.
Use @helion.kernel(ignore_warnings=[helion.exc.TensorOperationInWrapper]) to suppress this warning.
If this is not a tensor operation, please report this as a bug.
While processing:
  File "/home/dev/local/helion-reduction-heuristics-run2/examples/cross_entropy.py", line 79, in cross_entropy
    return losses.mean()
           ^^^^^^^^^^^^^


=== cross_entropy(4096,50304) ===  tc_default=303.5us (spread 0.00)
           arm       rl   w  ns    codegen        us  seed/arm   arm/tc  spread corr
   seed_looped  [16384]  32   1     looped     441.8     1.000    0.687    0.00 OK
       persist   [None]  32   1 persistent     282.5     1.564    1.074    0.01 OK
   persist_w16   [None]  16   1 persistent     310.4     1.423    0.978    0.00 OK
   persist_ns4   [None]  16   4 persistent     310.2     1.424    0.978    0.00 OK
WARNING[TensorOperationInWrapper]: A tensor operation outside of the `hl.tile` or `hl.grid` loop will not be fused in the generated kernel.
Use @helion.kernel(ignore_warnings=[helion.exc.TensorOperationInWrapper]) to suppress this warning.
If this is not a tensor operation, please report this as a bug.
While processing:
  File "/home/dev/local/helion-reduction-heuristics-run2/examples/cross_entropy.py", line 79, in cross_entropy
    return losses.mean()
           ^^^^^^^^^^^^^

WARNING[TensorOperationInWrapper]: A tensor operation outside of the `hl.tile` or `hl.grid` loop will not be fused in the generated kernel.
Use @helion.kernel(ignore_warnings=[helion.exc.TensorOperationInWrapper]) to suppress this warning.
If this is not a tensor operation, please report this as a bug.
While processing:
  File "/home/dev/local/helion-reduction-heuristics-run2/examples/cross_entropy.py", line 79, in cross_entropy
    return losses.mean()
           ^^^^^^^^^^^^^

WARNING[TensorOperationInWrapper]: A tensor operation outside of the `hl.tile` or `hl.grid` loop will not be fused in the generated kernel.
Use @helion.kernel(ignore_warnings=[helion.exc.TensorOperationInWrapper]) to suppress this warning.
If this is not a tensor operation, please report this as a bug.
While processing:
  File "/home/dev/local/helion-reduction-heuristics-run2/examples/cross_entropy.py", line 79, in cross_entropy
    return losses.mean()
           ^^^^^^^^^^^^^

WARNING[TensorOperationInWrapper]: A tensor operation outside of the `hl.tile` or `hl.grid` loop will not be fused in the generated kernel.
Use @helion.kernel(ignore_warnings=[helion.exc.TensorOperationInWrapper]) to suppress this warning.
If this is not a tensor operation, please report this as a bug.
While processing:
  File "/home/dev/local/helion-reduction-heuristics-run2/examples/cross_entropy.py", line 79, in cross_entropy
    return losses.mean()
           ^^^^^^^^^^^^^


=== cross_entropy(8192,50257) ===  tc_default=678.4us (spread 0.00)
           arm       rl   w  ns    codegen        us  seed/arm   arm/tc  spread corr
   seed_looped  [16384]  32   1     looped    1041.8     1.000    0.651    0.01 OK
       persist   [None]  32   1 persistent     619.7     1.681    1.095    0.00 OK
   persist_w16   [None]  16   1 persistent     623.5     1.671    1.088    0.00 OK
   persist_ns4   [None]  16   4 persistent     623.8     1.670    1.088    0.00 OK
WARNING[TensorOperationInWrapper]: A tensor operation outside of the `hl.tile` or `hl.grid` loop will not be fused in the generated kernel.
Use @helion.kernel(ignore_warnings=[helion.exc.TensorOperationInWrapper]) to suppress this warning.
If this is not a tensor operation, please report this as a bug.
While processing:
  File "/home/dev/local/helion-reduction-heuristics-run2/examples/cross_entropy.py", line 79, in cross_entropy
    return losses.mean()
           ^^^^^^^^^^^^^

WARNING[TensorOperationInWrapper]: A tensor operation outside of the `hl.tile` or `hl.grid` loop will not be fused in the generated kernel.
Use @helion.kernel(ignore_warnings=[helion.exc.TensorOperationInWrapper]) to suppress this warning.
If this is not a tensor operation, please report this as a bug.
While processing:
  File "/home/dev/local/helion-reduction-heuristics-run2/examples/cross_entropy.py", line 79, in cross_entropy
    return losses.mean()
           ^^^^^^^^^^^^^

WARNING[TensorOperationInWrapper]: A tensor operation outside of the `hl.tile` or `hl.grid` loop will not be fused in the generated kernel.
Use @helion.kernel(ignore_warnings=[helion.exc.TensorOperationInWrapper]) to suppress this warning.
If this is not a tensor operation, please report this as a bug.
While processing:
  File "/home/dev/local/helion-reduction-heuristics-run2/examples/cross_entropy.py", line 79, in cross_entropy
    return losses.mean()
           ^^^^^^^^^^^^^

WARNING[TensorOperationInWrapper]: A tensor operation outside of the `hl.tile` or `hl.grid` loop will not be fused in the generated kernel.
Use @helion.kernel(ignore_warnings=[helion.exc.TensorOperationInWrapper]) to suppress this warning.
If this is not a tensor operation, please report this as a bug.
While processing:
  File "/home/dev/local/helion-reduction-heuristics-run2/examples/cross_entropy.py", line 79, in cross_entropy
    return losses.mean()
           ^^^^^^^^^^^^^


=== cross_entropy(4096,98304) ===  tc_default=566.5us (spread 0.00)
           arm       rl   w  ns    codegen        us  seed/arm   arm/tc  spread corr
   seed_looped  [16384]  32   1     looped     955.2     1.000    0.593    0.00 OK
       persist   [None]  32   1 persistent    1837.0     0.520    0.308    0.00 OK
   persist_w16   [None]  16   1 persistent    1413.5     0.676    0.401    0.00 OK
   persist_ns4   [None]  16   4 persistent    1413.5     0.676    0.401    0.00 OK
WARNING[TensorOperationInWrapper]: A tensor operation outside of the `hl.tile` or `hl.grid` loop will not be fused in the generated kernel.
Use @helion.kernel(ignore_warnings=[helion.exc.TensorOperationInWrapper]) to suppress this warning.
If this is not a tensor operation, please report this as a bug.
While processing:
  File "/home/dev/local/helion-reduction-heuristics-run2/examples/cross_entropy.py", line 79, in cross_entropy
    return losses.mean()
           ^^^^^^^^^^^^^

WARNING[TensorOperationInWrapper]: A tensor operation outside of the `hl.tile` or `hl.grid` loop will not be fused in the generated kernel.
Use @helion.kernel(ignore_warnings=[helion.exc.TensorOperationInWrapper]) to suppress this warning.
If this is not a tensor operation, please report this as a bug.
While processing:
  File "/home/dev/local/helion-reduction-heuristics-run2/examples/cross_entropy.py", line 79, in cross_entropy
    return losses.mean()
           ^^^^^^^^^^^^^

WARNING[TensorOperationInWrapper]: A tensor operation outside of the `hl.tile` or `hl.grid` loop will not be fused in the generated kernel.
Use @helion.kernel(ignore_warnings=[helion.exc.TensorOperationInWrapper]) to suppress this warning.
If this is not a tensor operation, please report this as a bug.
While processing:
  File "/home/dev/local/helion-reduction-heuristics-run2/examples/cross_entropy.py", line 79, in cross_entropy
    return losses.mean()
           ^^^^^^^^^^^^^

WARNING[TensorOperationInWrapper]: A tensor operation outside of the `hl.tile` or `hl.grid` loop will not be fused in the generated kernel.
Use @helion.kernel(ignore_warnings=[helion.exc.TensorOperationInWrapper]) to suppress this warning.
If this is not a tensor operation, please report this as a bug.
While processing:
  File "/home/dev/local/helion-reduction-heuristics-run2/examples/cross_entropy.py", line 79, in cross_entropy
    return losses.mean()
           ^^^^^^^^^^^^^


=== cross_entropy(8192,128256) ===  tc_default=1403.2us (spread 0.23)
           arm       rl   w  ns    codegen        us  seed/arm   arm/tc  spread corr
   seed_looped  [16384]  32   1     looped    2711.4     1.000    0.518    0.00 OK
       persist   [None]  32   1 persistent    5793.6     0.468    0.242    0.00 OK
   persist_w16   [None]  16   1 persistent   10598.8     0.256    0.132    0.00 OK
   persist_ns4   [None]  16   4 persistent   10599.9     0.256    0.132    0.00 OK
WARNING[TensorOperationInWrapper]: A tensor operation outside of the `hl.tile` or `hl.grid` loop will not be fused in the generated kernel.
Use @helion.kernel(ignore_warnings=[helion.exc.TensorOperationInWrapper]) to suppress this warning.
If this is not a tensor operation, please report this as a bug.
While processing:
  File "/home/dev/local/helion-reduction-heuristics-run2/examples/cross_entropy.py", line 79, in cross_entropy
    return losses.mean()
           ^^^^^^^^^^^^^

WARNING[TensorOperationInWrapper]: A tensor operation outside of the `hl.tile` or `hl.grid` loop will not be fused in the generated kernel.
Use @helion.kernel(ignore_warnings=[helion.exc.TensorOperationInWrapper]) to suppress this warning.
If this is not a tensor operation, please report this as a bug.
While processing:
  File "/home/dev/local/helion-reduction-heuristics-run2/examples/cross_entropy.py", line 79, in cross_entropy
    return losses.mean()
           ^^^^^^^^^^^^^

WARNING[TensorOperationInWrapper]: A tensor operation outside of the `hl.tile` or `hl.grid` loop will not be fused in the generated kernel.
Use @helion.kernel(ignore_warnings=[helion.exc.TensorOperationInWrapper]) to suppress this warning.
If this is not a tensor operation, please report this as a bug.
While processing:
  File "/home/dev/local/helion-reduction-heuristics-run2/examples/cross_entropy.py", line 79, in cross_entropy
    return losses.mean()
           ^^^^^^^^^^^^^

WARNING[TensorOperationInWrapper]: A tensor operation outside of the `hl.tile` or `hl.grid` loop will not be fused in the generated kernel.
Use @helion.kernel(ignore_warnings=[helion.exc.TensorOperationInWrapper]) to suppress this warning.
If this is not a tensor operation, please report this as a bug.
While processing:
  File "/home/dev/local/helion-reduction-heuristics-run2/examples/cross_entropy.py", line 79, in cross_entropy
    return losses.mean()
           ^^^^^^^^^^^^^


=== cross_entropy(2048,256000) ===  tc_default=742.6us (spread 0.00)
           arm       rl   w  ns    codegen        us  seed/arm   arm/tc  spread corr
   seed_looped  [16384]  32   1     looped    1364.4     1.000    0.544    0.00 OK
       persist   [None]  32   1 persistent    5011.5     0.272    0.148    0.00 OK
   persist_w16   [None]  16   1 persistent   10521.6     0.130    0.071    0.00 OK
   persist_ns4   [None]  16   4 persistent   10519.0     0.130    0.071    0.00 OK

[wrote /home/dev/local/helion-reduction-heuristics-run2/_lab/logs/run3/ce_persist_ab.json]
