[driver] GPU=3 helion=/home/calebkim/helion-new-heuristics/wt-reduction/helion/__init__.py
[driver] kernel=cross_entropy shape=(8192, 65536) mode=seeded rand_seed=1
[driver] disable_heuristics_env=None force='1' effort='quick' max_gen=None rand_seed_env='1' log='/home/calebkim/helion-new-heuristics/wt-reduction/logs/productB_full/cross_entropy_8192_65536_seeded_s1'
WARNING[TensorOperationInWrapper]: A tensor operation outside of the `hl.tile` or `hl.grid` loop will not be fused in the generated kernel.
Use @helion.kernel(ignore_warnings=[helion.exc.TensorOperationInWrapper]) to suppress this warning.
If this is not a tensor operation, please report this as a bug.
While processing:
  File "/home/calebkim/helion-new-heuristics/wt-reduction/examples/cross_entropy.py", line 79, in cross_entropy
    return losses.mean()
           ^^^^^^^^^^^^^

[verify] config_spec.compiler_seed_configs (n=1): [{'block_sizes': [1], 'reduction_loops': [16384], 'num_warps': 32, 'num_stages': 1}]
[verify] config_spec.autotuner_heuristics: ['triton_reduction_tile']
[verify] recomputed compiler_seed_configs (n=1): [{'block_sizes': [1], 'reduction_loops': [16384], 'num_warps': 32, 'num_stages': 1}]
[verify] SEEDED OK: seed config = {'block_sizes': [1], 'reduction_loops': [16384], 'num_warps': 32, 'num_stages': 1}
[verify] SEED-FLAT-ENCODE: track=T1 lever=reduction_loops raw=[16384] num_warps=32 -> flat-normalized reduction_loops=[16384] num_warps=32  PRESERVED
[verify] EXPECTED_SEED_STR=Config(block_sizes=[1], num_stages=1, num_warps=32, reduction_loops=[16384])
WARNING[TensorOperationInWrapper]: A tensor operation outside of the `hl.tile` or `hl.grid` loop will not be fused in the generated kernel.
Use @helion.kernel(ignore_warnings=[helion.exc.TensorOperationInWrapper]) to suppress this warning.
If this is not a tensor operation, please report this as a bug.
While processing:
  File "/home/calebkim/helion-new-heuristics/wt-reduction/examples/cross_entropy.py", line 79, in cross_entropy
    return losses.mean()
           ^^^^^^^^^^^^^

[0s] Starting autotuning process, this may take a while...
[0s] Autotune random seed: 1
[2s] Starting LFBOTreeSearch with initial_population=FROM_BEST_AVAILABLE, copies=2, max_generations=5, similarity_penalty=1.0
[2s] Starting with default config
[2s] Initial population: 2 total
Initial population precompiling 100% ━━━━━━━━━━━━━━━━━━━━━━━━━━━ 2/2 - configs/s
Initial population exploring neighbors 100% ━━━━━━━━━━━━━━━━━━ 2/2 7.7 configs/s
[7s] Adaptive compile timeout: 30s (90% percentile=0.2s, bounds=[30.0s, 60s])
[7s] Initial random population of 2, 2 starting points: 
ok=2
min=0.9920
mid=1.8633
max=1.8633
best={'atomic_indexing': [],
 'block_sizes': [1],
 'indexing': ['pointer', 'pointer', 'pointer', 'pointer', 'pointer', 'pointer'],
 'load_eviction_policies': ['', '', '', '', ''],
 'num_stages': 1,
 'num_warps': 32,
 'pid_type': 'flat',
 'range_flattens': [None],
 'range_multi_buffers': [None],
 'range_num_stages': [0],
 'range_unroll_factors': [0],
 'range_warp_specializes': [],
 'reduction_loops': [16384]}
[7s] Fitting surrogate: 2 points, 2 targets
[8s] Generation 1 starting: 14 neighbors, 2 active search path(s)
[39s] Timeout after 30s compiling Config(atomic_indexing=[], block_sizes=[2], indexing=['pointer', 'pointer', 'pointer', 'pointer', 'pointer', 'pointer'], load_eviction_policies=['', '', '', '', ''], num_stages=1, num_warps=1, pid_type='flat', range_flattens=[None], range_multi_buffers=[None], range_num_stages=[0], range_unroll_factors=[0], range_warp_specializes=[], reduction_loops=[16384])
[39s] Timeout after 30s compiling Config(atomic_indexing=[], block_sizes=[1], indexing=['pointer', 'pointer', 'pointer', 'pointer', 'pointer', 'pointer'], load_eviction_policies=['', '', '', '', ''], num_stages=1, num_warps=1, pid_type='flat', range_flattens=[None], range_multi_buffers=[None], range_num_stages=[0], range_unroll_factors=[0], range_warp_specializes=[], reduction_loops=[16384])
Generation 1: precompiling 100% ━━━━━━━━━━━━━━━━━━━━━━━━━━━━ 14/14 0.4 configs/s
Generation 1: exploring neighbors 100% ━━━━━━━━━━━━━━━━━━━━━ 14/14 0.8 configs/s
[56s] Generation 1 complete: 
timeout=2
ok=14
min=0.9920
mid=1.8373
max=8.2312
best={'atomic_indexing': [],
 'block_sizes': [1],
 'indexing': ['pointer', 'pointer', 'pointer', 'pointer', 'pointer', 'pointer'],
 'load_eviction_policies': ['', '', '', '', ''],
 'num_stages': 1,
 'num_warps': 32,
 'pid_type': 'flat',
 'range_flattens': [None],
 'range_multi_buffers': [None],
 'range_num_stages': [0],
 'range_unroll_factors': [0],
 'range_warp_specializes': [],
 'reduction_loops': [16384]}
[56s] Fitting surrogate: 16 points, 16 targets
[56s] Generation 2 starting: 11 neighbors, 2 active search path(s)
Generation 2: precompiling 100% ━━━━━━━━━━━━━━━━━━━━━━━━━━━━ 11/11 1.4 configs/s
Generation 2: exploring neighbors 100% ━━━━━━━━━━━━━━━━━━━━━ 11/11 1.0 configs/s
[73s] Generation 2 complete: 
ok=13
min=0.9910
mid=1.1356
max=8.9994
best={'atomic_indexing': [],
 'block_sizes': [1],
 'indexing': ['pointer', 'pointer', 'pointer', 'pointer', 'tensor_descriptor', 'pointer'],
 'load_eviction_policies': ['', '', '', '', 'first'],
 'num_stages': 1,
 'num_warps': 32,
 'pid_type': 'flat',
 'range_flattens': [None],
 'range_multi_buffers': [None],
 'range_num_stages': [0],
 'range_unroll_factors': [0],
 'range_warp_specializes': [],
 'reduction_loops': [32768]}
[73s] Fitting surrogate: 27 points, 27 targets
[73s] Copy 0 finish because of no improvement
[74s] Generation 3 starting: 10 neighbors, 1 active search path(s)
Generation 3: precompiling 100% ━━━━━━━━━━━━━━━━━━━━━━━━━━━ 11/11 11.0 configs/s
Generation 3: exploring neighbors 100% ━━━━━━━━━━━━━━━━━━━━━ 11/11 6.1 configs/s
[76s] Generation 3 complete: 
ok=12
min=0.9906
mid=0.9919
max=2.3400
best={'atomic_indexing': [],
 'block_sizes': [1],
 'indexing': ['tensor_descriptor', 'pointer', 'pointer', 'pointer', 'tensor_descriptor', 'pointer'],
 'load_eviction_policies': ['', '', '', '', ''],
 'num_stages': 1,
 'num_warps': 32,
 'pid_type': 'flat',
 'range_flattens': [None],
 'range_multi_buffers': [None],
 'range_num_stages': [0],
 'range_unroll_factors': [0],
 'range_warp_specializes': [],
 'reduction_loops': [32768]}
[76s] Fitting surrogate: 38 points, 38 targets
[77s] Generation 4 starting: 14 neighbors, 1 active search path(s)
Generation 4: precompiling 100% ━━━━━━━━━━━━━━━━━━━━━━━━━━━━ 14/14 5.9 configs/s
Generation 4: exploring neighbors 100% ━━━━━━━━━━━━━━━━━━━━━ 14/14 3.8 configs/s
[82s] Generation 4 complete: 
ok=15
min=0.9598
mid=0.9927
max=5.2100
best={'atomic_indexing': [],
 'block_sizes': [1],
 'indexing': ['tensor_descriptor', 'pointer', 'pointer', 'pointer', 'tensor_descriptor', 'pointer'],
 'load_eviction_policies': ['', '', 'last', '', ''],
 'num_stages': 1,
 'num_warps': 32,
 'pid_type': 'flat',
 'range_flattens': [None],
 'range_multi_buffers': [None],
 'range_num_stages': [0],
 'range_unroll_factors': [0],
 'range_warp_specializes': [],
 'reduction_loops': [32768]}
[82s] Fitting surrogate: 52 points, 52 targets
[82s] Generation 5 starting: 16 neighbors, 1 active search path(s)
Generation 5: precompiling 100% ━━━━━━━━━━━━━━━━━━━━━━━━━━━━ 16/16 8.0 configs/s
Generation 5: exploring neighbors 100% ━━━━━━━━━━━━━━━━━━━━━ 16/16 3.7 configs/s
[88s] Generation 5 complete: 
ok=17
min=0.9490
mid=0.9856
max=1.7664
best={'atomic_indexing': [],
 'block_sizes': [1],
 'indexing': ['tensor_descriptor', 'pointer', 'pointer', 'tensor_descriptor', 'tensor_descriptor',
              'pointer'],
 'load_eviction_policies': ['', '', 'last', 'first', ''],
 'num_stages': 1,
 'num_warps': 32,
 'pid_type': 'flat',
 'range_flattens': [None],
 'range_multi_buffers': [None],
 'range_num_stages': [0],
 'range_unroll_factors': [0],
 'range_warp_specializes': [],
 'reduction_loops': [32768]}
[90s] Autotuning complete in 90.1s after searching 66 configs.
One can hardcode the best config and skip autotuning with:
    @helion.kernel(config=helion.Config(atomic_indexing=[], block_sizes=[1], indexing=['tensor_descriptor', 'pointer', 'pointer', 'tensor_descriptor', 'tensor_descriptor', 'pointer'], load_eviction_policies=['', '', 'last', 'first', ''], num_stages=1, num_warps=32, pid_type='flat', range_flattens=[None], range_multi_buffers=[None], range_num_stages=[0], range_unroll_factors=[0], range_warp_specializes=[], reduction_loops=[32768]), static_shapes=True)

[90s] Code of selected kernel: /tmp/productB_full_cache_3/cross_entropy_8192_65536_seeded_s1/inductor/dl/cdlqm77t34q2wa4ott5gwy4efc3ti3wufni565wuykdnuzttwzfk.py
[driver] DONE best_config={'block_sizes': [1], 'reduction_loops': [32768], 'range_unroll_factors': [0], 'range_warp_specializes': [], 'range_num_stages': [0], 'range_multi_buffers': [None], 'range_flattens': [None], 'load_eviction_policies': ['', '', 'last', 'first', ''], 'num_warps': 32, 'num_stages': 1, 'indexing': ['tensor_descriptor', 'pointer', 'pointer', 'tensor_descriptor', 'tensor_descriptor', 'pointer'], 'atomic_indexing': [], 'pid_type': 'flat'}
