[driver] GPU=3 helion=/home/calebkim/helion-new-heuristics/wt-reduction/helion/__init__.py
[driver] kernel=cross_entropy shape=(8192, 65536) mode=seeded rand_seed=0
[driver] disable_heuristics_env=None force='1' effort='quick' max_gen=None rand_seed_env='0' log='/home/calebkim/helion-new-heuristics/wt-reduction/logs/productB_full/cross_entropy_8192_65536_seeded_s0'
WARNING[TensorOperationInWrapper]: A tensor operation outside of the `hl.tile` or `hl.grid` loop will not be fused in the generated kernel.
Use @helion.kernel(ignore_warnings=[helion.exc.TensorOperationInWrapper]) to suppress this warning.
If this is not a tensor operation, please report this as a bug.
While processing:
  File "/home/calebkim/helion-new-heuristics/wt-reduction/examples/cross_entropy.py", line 79, in cross_entropy
    return losses.mean()
           ^^^^^^^^^^^^^

[verify] config_spec.compiler_seed_configs (n=1): [{'block_sizes': [1], 'reduction_loops': [16384], 'num_warps': 32, 'num_stages': 1}]
[verify] config_spec.autotuner_heuristics: ['triton_reduction_tile']
[verify] recomputed compiler_seed_configs (n=1): [{'block_sizes': [1], 'reduction_loops': [16384], 'num_warps': 32, 'num_stages': 1}]
[verify] SEEDED OK: seed config = {'block_sizes': [1], 'reduction_loops': [16384], 'num_warps': 32, 'num_stages': 1}
[verify] SEED-FLAT-ENCODE: track=T1 lever=reduction_loops raw=[16384] num_warps=32 -> flat-normalized reduction_loops=[16384] num_warps=32  PRESERVED
[verify] EXPECTED_SEED_STR=Config(block_sizes=[1], num_stages=1, num_warps=32, reduction_loops=[16384])
WARNING[TensorOperationInWrapper]: A tensor operation outside of the `hl.tile` or `hl.grid` loop will not be fused in the generated kernel.
Use @helion.kernel(ignore_warnings=[helion.exc.TensorOperationInWrapper]) to suppress this warning.
If this is not a tensor operation, please report this as a bug.
While processing:
  File "/home/calebkim/helion-new-heuristics/wt-reduction/examples/cross_entropy.py", line 79, in cross_entropy
    return losses.mean()
           ^^^^^^^^^^^^^

[0s] Starting autotuning process, this may take a while...
[0s] Autotune random seed: 0
[2s] Starting LFBOTreeSearch with initial_population=FROM_BEST_AVAILABLE, copies=2, max_generations=5, similarity_penalty=1.0
[2s] Starting with default config
[2s] Initial population: 2 total
Initial population precompiling 100% ━━━━━━━━━━━━━━━━━━━━━━━━ 2/2 43.2 configs/s
Initial population exploring neighbors 100% ━━━━━━━━━━━━━━━━━━ 2/2 5.5 configs/s
[8s] Adaptive compile timeout: 30s (90% percentile=0.2s, bounds=[30.0s, 60s])
[8s] Initial random population of 2, 2 starting points: 
ok=2
min=0.9929
mid=1.8627
max=1.8627
best={'atomic_indexing': [],
 'block_sizes': [1],
 'indexing': ['pointer', 'pointer', 'pointer', 'pointer', 'pointer', 'pointer'],
 'load_eviction_policies': ['', '', '', '', ''],
 'num_stages': 1,
 'num_warps': 32,
 'pid_type': 'flat',
 'range_flattens': [None],
 'range_multi_buffers': [None],
 'range_num_stages': [0],
 'range_unroll_factors': [0],
 'range_warp_specializes': [],
 'reduction_loops': [16384]}
[8s] Fitting surrogate: 2 points, 2 targets
[8s] Generation 1 starting: 13 neighbors, 2 active search path(s)
Generation 1: precompiling 100% ━━━━━━━━━━━━━━━━━━━━━━━━━━━━ 13/13 1.3 configs/s
Generation 1: exploring neighbors 100% ━━━━━━━━━━━━━━━━━━━━━ 13/13 0.9 configs/s
[29s] Generation 1 complete: 
ok=15
min=0.9908
mid=1.1450
max=7.8523
best={'atomic_indexing': [],
 'block_sizes': [1],
 'indexing': ['pointer', 'pointer', 'pointer', 'pointer', 'pointer', 'pointer'],
 'load_eviction_policies': ['', '', '', '', ''],
 'num_stages': 1,
 'num_warps': 16,
 'pid_type': 'flat',
 'range_flattens': [None],
 'range_multi_buffers': [None],
 'range_num_stages': [0],
 'range_unroll_factors': [0],
 'range_warp_specializes': [],
 'reduction_loops': [32768]}
[29s] Fitting surrogate: 15 points, 15 targets
[30s] Generation 2 starting: 11 neighbors, 2 active search path(s)
[60s] Timeout after 30s compiling Config(atomic_indexing=[], block_sizes=[2], indexing=['pointer', 'pointer', 'pointer', 'pointer', 'pointer', 'pointer'], load_eviction_policies=['', 'last', '', '', ''], num_stages=1, num_warps=4, pid_type='flat', range_flattens=[None], range_multi_buffers=[None], range_num_stages=[0], range_unroll_factors=[0], range_warp_specializes=[], reduction_loops=[32768])
Generation 2: precompiling 100% ━━━━━━━━━━━━━━━━━━━━━━━━━━━━ 12/12 0.3 configs/s
Generation 2: exploring neighbors 100% ━━━━━━━━━━━━━━━━━━━━━ 12/12 1.1 configs/s
[75s] Generation 2 complete: 
timeout=1
ok=12
min=0.9908
mid=1.8583
max=12.0655
best={'atomic_indexing': [],
 'block_sizes': [1],
 'indexing': ['pointer', 'pointer', 'pointer', 'pointer', 'pointer', 'pointer'],
 'load_eviction_policies': ['', '', '', '', ''],
 'num_stages': 1,
 'num_warps': 16,
 'pid_type': 'flat',
 'range_flattens': [None],
 'range_multi_buffers': [None],
 'range_num_stages': [0],
 'range_unroll_factors': [0],
 'range_warp_specializes': [],
 'reduction_loops': [32768]}
[75s] Fitting surrogate: 27 points, 27 targets
[75s] Generation 3 starting: 21 neighbors, 2 active search path(s)
Generation 3: precompiling 100% ━━━━━━━━━━━━━━━━━━━━━━━━━━━━ 21/21 1.5 configs/s
Generation 3: exploring neighbors 100% ━━━━━━━━━━━━━━━━━━━━━ 21/21 1.1 configs/s
[104s] Generation 3 complete: 
ok=23
min=0.9555
mid=0.9917
max=8.8314
best={'atomic_indexing': [],
 'block_sizes': [1],
 'indexing': ['pointer', 'pointer', 'tensor_descriptor', 'pointer', 'pointer', 'pointer'],
 'load_eviction_policies': ['', '', '', 'first', ''],
 'num_stages': 1,
 'num_warps': 16,
 'pid_type': 'flat',
 'range_flattens': [None],
 'range_multi_buffers': [None],
 'range_num_stages': [0],
 'range_unroll_factors': [0],
 'range_warp_specializes': [],
 'reduction_loops': [32768]}
[104s] Fitting surrogate: 48 points, 48 targets
[104s] Generation 4 starting: 26 neighbors, 2 active search path(s)
Generation 4: precompiling 100% ━━━━━━━━━━━━━━━━━━━━━━━━━━━━ 27/27 2.1 configs/s
Generation 4: exploring neighbors 100% ━━━━━━━━━━━━━━━━━━━━━ 27/27 0.6 configs/s
[151s] Generation 4 complete: 
ok=28
min=0.9490
mid=1.0067
max=2.5680
best={'atomic_indexing': [],
 'block_sizes': [1],
 'indexing': ['pointer', 'pointer', 'tensor_descriptor', 'pointer', 'pointer', 'tensor_descriptor'],
 'load_eviction_policies': ['', '', '', 'first', 'first'],
 'num_stages': 1,
 'num_warps': 32,
 'pid_type': 'flat',
 'range_flattens': [None],
 'range_multi_buffers': [None],
 'range_num_stages': [0],
 'range_unroll_factors': [0],
 'range_warp_specializes': [],
 'reduction_loops': [32768]}
[151s] Fitting surrogate: 75 points, 75 targets
[152s] Generation 5 starting: 33 neighbors, 2 active search path(s)
[183s] Timeout after 30s compiling Config(atomic_indexing=[], block_sizes=[1], indexing=['tensor_descriptor', 'pointer', 'pointer', 'tensor_descriptor', 'pointer', 'tensor_descriptor'], load_eviction_policies=['', '', 'last', 'first', ''], num_stages=1, num_warps=2, pid_type='flat', range_flattens=[None], range_multi_buffers=[None], range_num_stages=[0], range_unroll_factors=[0], range_warp_specializes=[], reduction_loops=[32768])
[183s] Timeout after 30s compiling Config(atomic_indexing=[], block_sizes=[1], indexing=['tensor_descriptor', 'pointer', 'pointer', 'tensor_descriptor', 'pointer', 'tensor_descriptor'], load_eviction_policies=['', '', 'first', 'first', ''], maxnreg=128, num_sm_multiplier=1, num_stages=1, num_warps=2, pid_type='persistent_blocked', range_flattens=[None], range_multi_buffers=[None], range_num_stages=[0], range_unroll_factors=[0], range_warp_specializes=[], reduction_loops=[32768])
Generation 5: precompiling 100% ━━━━━━━━━━━━━━━━━━━━━━━━━━━━ 35/35 0.4 configs/s
Generation 5: exploring neighbors 100% ━━━━━━━━━━━━━━━━━━━━━ 35/35 1.3 configs/s
[209s] Generation 5 complete: 
timeout=2
ok=34
min=0.9489
mid=0.9639
max=3.7107
best={'atomic_indexing': [],
 'block_sizes': [1],
 'indexing': ['pointer', 'pointer', 'tensor_descriptor', 'pointer', 'pointer', 'pointer'],
 'load_eviction_policies': ['', '', '', 'first', ''],
 'num_stages': 1,
 'num_warps': 32,
 'pid_type': 'flat',
 'range_flattens': [None],
 'range_multi_buffers': [None],
 'range_num_stages': [0],
 'range_unroll_factors': [0],
 'range_warp_specializes': [],
 'reduction_loops': [32768]}
[210s] Autotuning complete in 210.5s after searching 107 configs.
One can hardcode the best config and skip autotuning with:
    @helion.kernel(config=helion.Config(atomic_indexing=[], block_sizes=[1], indexing=['pointer', 'pointer', 'tensor_descriptor', 'pointer', 'pointer', 'pointer'], load_eviction_policies=['', '', '', 'first', ''], num_stages=1, num_warps=32, pid_type='flat', range_flattens=[None], range_multi_buffers=[None], range_num_stages=[0], range_unroll_factors=[0], range_warp_specializes=[], reduction_loops=[32768]), static_shapes=True)

[210s] Code of selected kernel: /tmp/productB_full_cache_3/cross_entropy_8192_65536_seeded_s0/inductor/to/cto7ls3ahmvihfgek4tthpace5gge7kwbkgg7dzkje2so2fakopy.py
[driver] DONE best_config={'block_sizes': [1], 'reduction_loops': [32768], 'range_unroll_factors': [0], 'range_warp_specializes': [], 'range_num_stages': [0], 'range_multi_buffers': [None], 'range_flattens': [None], 'load_eviction_policies': ['', '', '', 'first', ''], 'num_warps': 32, 'num_stages': 1, 'indexing': ['pointer', 'pointer', 'tensor_descriptor', 'pointer', 'pointer', 'pointer'], 'atomic_indexing': [], 'pid_type': 'flat'}
