[driver] GPU=3 helion=/home/calebkim/helion-new-heuristics/wt-reduction/helion/__init__.py
[driver] kernel=cross_entropy shape=(8192, 65536) mode=unseeded rand_seed=0
[driver] disable_heuristics_env='1' force='1' effort='quick' max_gen=None rand_seed_env='0' log='/home/calebkim/helion-new-heuristics/wt-reduction/logs/productB_full/cross_entropy_8192_65536_unseeded_s0'
WARNING[TensorOperationInWrapper]: A tensor operation outside of the `hl.tile` or `hl.grid` loop will not be fused in the generated kernel.
Use @helion.kernel(ignore_warnings=[helion.exc.TensorOperationInWrapper]) to suppress this warning.
If this is not a tensor operation, please report this as a bug.
While processing:
  File "/home/calebkim/helion-new-heuristics/wt-reduction/examples/cross_entropy.py", line 79, in cross_entropy
    return losses.mean()
           ^^^^^^^^^^^^^

[verify] config_spec.compiler_seed_configs (n=0): []
[verify] config_spec.autotuner_heuristics: []
[verify] recomputed compiler_seed_configs (n=0): []
[verify] UNSEEDED OK: no compiler seed in initial population
[verify] EXPECTED_SEED_STR=None
WARNING[TensorOperationInWrapper]: A tensor operation outside of the `hl.tile` or `hl.grid` loop will not be fused in the generated kernel.
Use @helion.kernel(ignore_warnings=[helion.exc.TensorOperationInWrapper]) to suppress this warning.
If this is not a tensor operation, please report this as a bug.
While processing:
  File "/home/calebkim/helion-new-heuristics/wt-reduction/examples/cross_entropy.py", line 79, in cross_entropy
    return losses.mean()
           ^^^^^^^^^^^^^

[0s] Starting autotuning process, this may take a while...
[0s] Autotune random seed: 0
[2s] Starting LFBOTreeSearch with initial_population=FROM_BEST_AVAILABLE, copies=2, max_generations=5, similarity_penalty=1.0
[2s] Starting with default config
[2s] Initial population: 1 total
Initial population precompiling 100% ━━━━━━━━━━━━━━━━━━━━━━━━━━━ 1/1 - configs/s
Initial population exploring neighbors 100% ━━━━━━━━━━━━━━━━━━━━ 1/1 - configs/s
[7s] Adaptive compile timeout: 30s (90% percentile=0.4s, bounds=[30.0s, 60s])
[7s] Initial random population of 1, 1 starting points: 
ok=1
min=1.8635
mid=1.8635
max=1.8635
best={'atomic_indexing': [],
 'block_sizes': [1],
 'indexing': ['pointer', 'pointer', 'pointer', 'pointer', 'pointer', 'pointer'],
 'load_eviction_policies': ['', '', '', '', ''],
 'num_stages': 1,
 'num_warps': 4,
 'pid_type': 'flat',
 'range_flattens': [None],
 'range_multi_buffers': [None],
 'range_num_stages': [0],
 'range_unroll_factors': [0],
 'range_warp_specializes': [],
 'reduction_loops': [4096]}
[7s] All labels are identical, skip training surrogate.
[7s] Generation 1 starting: 8 neighbors, 1 active search path(s)
[38s] Timeout after 30s compiling Config(atomic_indexing=[], block_sizes=[4], indexing=['pointer', 'pointer', 'pointer', 'pointer', 'pointer', 'pointer'], load_eviction_policies=['', '', 'last', '', ''], num_stages=1, num_warps=1, pid_type='flat', range_flattens=[None], range_multi_buffers=[None], range_num_stages=[0], range_unroll_factors=[0], range_warp_specializes=[], reduction_loops=[4096])
[38s] Timeout after 30s compiling Config(atomic_indexing=[], block_sizes=[1], indexing=['pointer', 'pointer', 'pointer', 'pointer', 'pointer', 'pointer'], load_eviction_policies=['', '', '', '', ''], num_stages=1, num_warps=1, pid_type='flat', range_flattens=[None], range_multi_buffers=[None], range_num_stages=[0], range_unroll_factors=[0], range_warp_specializes=[], reduction_loops=[16384])
Generation 1: precompiling 100% ━━━━━━━━━━━━━━━━━━━━━━━━━━━━━━ 9/9 0.2 configs/s
Generation 1: exploring neighbors 100% ━━━━━━━━━━━━━━━━━━━━━━━ 9/9 0.5 configs/s
[55s] Generation 1 complete: 
timeout=2
ok=8
min=1.1152
mid=1.9350
max=4.2166
best={'atomic_indexing': [],
 'block_sizes': [1],
 'indexing': ['pointer', 'pointer', 'pointer', 'pointer', 'pointer', 'pointer'],
 'load_eviction_policies': ['', '', '', '', ''],
 'num_sm_multiplier': 1,
 'num_stages': 1,
 'num_warps': 16,
 'pid_type': 'persistent_interleaved',
 'range_flattens': [None],
 'range_multi_buffers': [False],
 'range_num_stages': [0],
 'range_unroll_factors': [0],
 'range_warp_specializes': [],
 'reduction_loops': [2048]}
[55s] Fitting surrogate: 10 points, 10 targets
[55s] Generation 2 starting: 12 neighbors, 1 active search path(s)
Generation 2: precompiling 100% ━━━━━━━━━━━━━━━━━━━━━━━━━━━ 12/12 86.3 configs/s
Generation 2: exploring neighbors 100% ━━━━━━━━━━━━━━━━━━━━━ 12/12 5.3 configs/s
[58s] Generation 2 complete: 
ok=13
min=1.0917
mid=1.3032
max=2.0849
best={'atomic_indexing': [],
 'block_sizes': [1],
 'indexing': ['pointer', 'pointer', 'pointer', 'pointer', 'pointer', 'pointer'],
 'load_eviction_policies': ['', '', '', '', ''],
 'num_sm_multiplier': 1,
 'num_stages': 1,
 'num_warps': 32,
 'pid_type': 'persistent_interleaved',
 'range_flattens': [None],
 'range_multi_buffers': [False],
 'range_num_stages': [0],
 'range_unroll_factors': [0],
 'range_warp_specializes': [],
 'reduction_loops': [4096]}
[58s] Fitting surrogate: 22 points, 22 targets
[58s] Generation 3 starting: 11 neighbors, 1 active search path(s)
Generation 3: precompiling 100% ━━━━━━━━━━━━━━━━━━━━━━━━━━━ 11/11 31.7 configs/s
Generation 3: exploring neighbors 100% ━━━━━━━━━━━━━━━━━━━━━ 11/11 8.3 configs/s
[60s] Generation 3 complete: 
ok=12
min=1.0772
mid=1.1151
max=1.1709
best={'atomic_indexing': [],
 'block_sizes': [1],
 'indexing': ['pointer', 'pointer', 'pointer', 'pointer', 'pointer', 'pointer'],
 'load_eviction_policies': ['', '', '', 'first', ''],
 'num_sm_multiplier': 1,
 'num_stages': 1,
 'num_warps': 16,
 'pid_type': 'persistent_interleaved',
 'range_flattens': [None],
 'range_multi_buffers': [False],
 'range_num_stages': [0],
 'range_unroll_factors': [0],
 'range_warp_specializes': [],
 'reduction_loops': [4096]}
[60s] Fitting surrogate: 33 points, 33 targets
[61s] Generation 4 starting: 16 neighbors, 1 active search path(s)
Generation 4: precompiling 100% ━━━━━━━━━━━━━━━━━━━━━━━━━━━ 17/17 33.0 configs/s
Generation 4: exploring neighbors 100% ━━━━━━━━━━━━━━━━━━━━━ 17/17 4.8 configs/s
[65s] Generation 4 complete: 
ok=18
min=0.9625
mid=1.0961
max=2.1557
best={'atomic_indexing': [],
 'block_sizes': [1],
 'indexing': ['pointer', 'pointer', 'pointer', 'pointer', 'pointer', 'pointer'],
 'load_eviction_policies': ['', '', '', 'first', 'last'],
 'num_sm_multiplier': 1,
 'num_stages': 1,
 'num_warps': 32,
 'pid_type': 'persistent_interleaved',
 'range_flattens': [None],
 'range_multi_buffers': [False],
 'range_num_stages': [0],
 'range_unroll_factors': [0],
 'range_warp_specializes': [],
 'reduction_loops': [4096]}
[65s] Fitting surrogate: 50 points, 50 targets
[66s] Generation 5 starting: 16 neighbors, 1 active search path(s)
Generation 5: precompiling 100% ━━━━━━━━━━━━━━━━━━━━━━━━━━━ 16/16 44.5 configs/s
Generation 5: exploring neighbors 100% ━━━━━━━━━━━━━━━━━━━━━ 16/16 5.1 configs/s
[70s] Generation 5 complete: 
ok=17
min=0.9601
mid=0.9776
max=2.1514
best={'atomic_indexing': [],
 'block_sizes': [1],
 'indexing': ['pointer', 'tensor_descriptor', 'pointer', 'pointer', 'pointer', 'pointer'],
 'load_eviction_policies': ['', 'last', '', 'first', 'last'],
 'num_sm_multiplier': 4,
 'num_stages': 1,
 'num_warps': 32,
 'pid_type': 'persistent_interleaved',
 'range_flattens': [None],
 'range_multi_buffers': [False],
 'range_num_stages': [0],
 'range_unroll_factors': [0],
 'range_warp_specializes': [],
 'reduction_loops': [4096]}
[71s] Autotuning complete in 71.3s after searching 64 configs.
One can hardcode the best config and skip autotuning with:
    @helion.kernel(config=helion.Config(atomic_indexing=[], block_sizes=[1], indexing=['pointer', 'tensor_descriptor', 'pointer', 'pointer', 'pointer', 'pointer'], load_eviction_policies=['', 'last', '', 'first', 'last'], num_sm_multiplier=4, num_stages=1, num_warps=32, pid_type='persistent_interleaved', range_flattens=[None], range_multi_buffers=[False], range_num_stages=[0], range_unroll_factors=[0], range_warp_specializes=[], reduction_loops=[4096]), static_shapes=True)

[71s] Code of selected kernel: /tmp/productB_full_cache_3/cross_entropy_8192_65536_unseeded_s0/inductor/6h/c6hc2f36kw656t5ioqu2kxsiephkydqthkukoadhxijm7swcjptc.py
[driver] DONE best_config={'block_sizes': [1], 'reduction_loops': [4096], 'range_unroll_factors': [0], 'range_warp_specializes': [], 'range_num_stages': [0], 'range_multi_buffers': [False], 'range_flattens': [None], 'load_eviction_policies': ['', 'last', '', 'first', 'last'], 'num_warps': 32, 'num_stages': 1, 'indexing': ['pointer', 'tensor_descriptor', 'pointer', 'pointer', 'pointer', 'pointer'], 'atomic_indexing': [], 'pid_type': 'persistent_interleaved', 'num_sm_multiplier': 4}
