[driver] GPU=3 helion=/home/calebkim/helion-new-heuristics/wt-reduction/helion/__init__.py
[driver] kernel=jsd shape=(8192, 65536) mode=unseeded rand_seed=0
[driver] disable_heuristics_env='1' force='1' effort='quick' max_gen=None rand_seed_env='0' log='/home/calebkim/helion-new-heuristics/wt-reduction/logs/productB_full/jsd_8192_65536_unseeded_s0'
WARNING[TensorOperationInWrapper]: A tensor operation outside of the `hl.tile` or `hl.grid` loop will not be fused in the generated kernel.
Use @helion.kernel(ignore_warnings=[helion.exc.TensorOperationInWrapper]) to suppress this warning.
If this is not a tensor operation, please report this as a bug.
While processing:
  File "/home/calebkim/helion-new-heuristics/wt-reduction/examples/jsd.py", line 144, in jsd_forward
    final_loss = torch.sum(
                 ^^^^^^^^^^

[verify] config_spec.compiler_seed_configs (n=0): []
[verify] config_spec.autotuner_heuristics: []
[verify] recomputed compiler_seed_configs (n=0): []
[verify] UNSEEDED OK: no compiler seed in initial population
[verify] EXPECTED_SEED_STR=None
WARNING[TensorOperationInWrapper]: A tensor operation outside of the `hl.tile` or `hl.grid` loop will not be fused in the generated kernel.
Use @helion.kernel(ignore_warnings=[helion.exc.TensorOperationInWrapper]) to suppress this warning.
If this is not a tensor operation, please report this as a bug.
While processing:
  File "/home/calebkim/helion-new-heuristics/wt-reduction/examples/jsd.py", line 144, in jsd_forward
    final_loss = torch.sum(
                 ^^^^^^^^^^

[0s] Starting autotuning process, this may take a while...
[0s] Autotune random seed: 0
[4s] Starting LFBOTreeSearch with initial_population=FROM_BEST_AVAILABLE, copies=2, max_generations=5, similarity_penalty=1.0
[4s] Starting with default config
[4s] Initial population: 1 total
Initial population precompiling 100% ━━━━━━━━━━━━━━━━━━━━━━━━━━━ 1/1 - configs/s
Initial population exploring neighbors 100% ━━━━━━━━━━━━━━━━━━━━ 1/1 - configs/s
[11s] Adaptive compile timeout: 30s (90% percentile=0.1s, bounds=[30.0s, 60s])
[11s] Initial random population of 1, 1 starting points: 
ok=1
min=2.8459
mid=2.8459
max=2.8459
best={'atomic_indexing': [],
 'block_sizes': [32, 32],
 'indexing': ['pointer', 'pointer', 'pointer', 'pointer'],
 'load_eviction_policies': ['', ''],
 'num_stages': 1,
 'num_warps': 4,
 'pid_type': 'flat',
 'range_flattens': [None, None],
 'range_multi_buffers': [None, None],
 'range_num_stages': [0, 0],
 'range_unroll_factors': [0, 0],
 'range_warp_specializes': []}
[11s] All labels are identical, skip training surrogate.
[11s] Generation 1 starting: 11 neighbors, 1 active search path(s)
Generation 1: precompiling 100% ━━━━━━━━━━━━━━━━━━━━━━━━━━━━ 12/12 2.3 configs/s
Generation 1: exploring neighbors 100% ━━━━━━━━━━━━━━━━━━━━━ 12/12 4.0 configs/s
[19s] Generation 1 complete: 
ok=13
min=2.0637
mid=3.9461
max=25.2349
best={'atomic_indexing': [],
 'block_sizes': [128, 64],
 'indexing': ['pointer', 'pointer', 'pointer', 'pointer'],
 'load_eviction_policies': ['', ''],
 'num_stages': 1,
 'num_warps': 8,
 'pid_type': 'flat',
 'range_flattens': [None, None],
 'range_multi_buffers': [None, None],
 'range_num_stages': [0, 0],
 'range_unroll_factors': [0, 0],
 'range_warp_specializes': []}
[19s] Fitting surrogate: 13 points, 13 targets
[19s] Generation 2 starting: 9 neighbors, 1 active search path(s)
[50s] Timeout after 30s compiling Config(atomic_indexing=[], block_sizes=[512, 64], indexing=['pointer', 'pointer', 'pointer', 'pointer'], load_eviction_policies=['', ''], num_stages=1, num_warps=2, pid_type='flat', range_flattens=[None, None], range_multi_buffers=[None, None], range_num_stages=[0, 1], range_unroll_factors=[0, 0], range_warp_specializes=[])
Generation 2: precompiling 100% ━━━━━━━━━━━━━━━━━━━━━━━━━━━━━━ 9/9 0.3 configs/s
Generation 2: exploring neighbors 100% ━━━━━━━━━━━━━━━━━━━━━━━ 9/9 3.0 configs/s
[52s] Generation 2 complete: 
timeout=1
ok=9
min=2.0449
mid=2.5397
max=14.2227
best={'atomic_indexing': [],
 'block_sizes': [128, 32],
 'indexing': ['pointer', 'pointer', 'pointer', 'pointer'],
 'load_eviction_policies': ['', ''],
 'num_sm_multiplier': 1,
 'num_stages': 1,
 'num_warps': 16,
 'pid_type': 'persistent_interleaved',
 'range_flattens': [None, None],
 'range_multi_buffers': [None, None],
 'range_num_stages': [0, 1],
 'range_unroll_factors': [0, 0],
 'range_warp_specializes': []}
[52s] Fitting surrogate: 22 points, 22 targets
[53s] Generation 3 starting: 15 neighbors, 1 active search path(s)
Generation 3: precompiling 100% ━━━━━━━━━━━━━━━━━━━━━━━━━━━━ 15/15 7.3 configs/s
Generation 3: exploring neighbors 100% ━━━━━━━━━━━━━━━━━━━━━ 15/15 2.4 configs/s
[62s] Generation 3 complete: 
ok=16
min=2.0196
mid=2.8542
max=6.1653
best={'atomic_indexing': [],
 'block_sizes': [128, 32],
 'indexing': ['pointer', 'pointer', 'pointer', 'pointer'],
 'load_eviction_policies': ['', ''],
 'num_sm_multiplier': 1,
 'num_stages': 1,
 'num_warps': 16,
 'pid_type': 'persistent_interleaved',
 'range_flattens': [None, None],
 'range_multi_buffers': [None, None],
 'range_num_stages': [0, 2],
 'range_unroll_factors': [0, 0],
 'range_warp_specializes': []}
[62s] Fitting surrogate: 37 points, 37 targets
[62s] Generation 4 starting: 16 neighbors, 1 active search path(s)
Generation 4: precompiling 100% ━━━━━━━━━━━━━━━━━━━━━━━━━━━ 16/16 10.0 configs/s
Generation 4: exploring neighbors 100% ━━━━━━━━━━━━━━━━━━━━━ 16/16 3.2 configs/s
[69s] Generation 4 complete: 
error=2
ok=15
min=1.9136
mid=2.0155
max=2.1522
best={'atomic_indexing': [],
 'block_sizes': [256, 32],
 'indexing': ['pointer', 'pointer', 'pointer', 'pointer'],
 'load_eviction_policies': ['', 'first'],
 'num_sm_multiplier': 1,
 'num_stages': 1,
 'num_warps': 32,
 'pid_type': 'persistent_interleaved',
 'range_flattens': [None, None],
 'range_multi_buffers': [None, None],
 'range_num_stages': [0, 0],
 'range_unroll_factors': [0, 0],
 'range_warp_specializes': []}
[69s] Fitting surrogate: 53 points, 53 targets
[70s] Generation 5 starting: 12 neighbors, 1 active search path(s)
Generation 5: precompiling 100% ━━━━━━━━━━━━━━━━━━━━━━━━━━━━ 12/12 6.7 configs/s
Generation 5: exploring neighbors 100% ━━━━━━━━━━━━━━━━━━━━━ 12/12 3.0 configs/s
[75s] Generation 5 complete: 
error=1
ok=12
min=1.8960
mid=2.0078
max=6.7557
best={'atomic_indexing': [],
 'block_sizes': [256, 16],
 'indexing': ['pointer', 'pointer', 'pointer', 'pointer'],
 'load_eviction_policies': ['', 'first'],
 'num_stages': 1,
 'num_warps': 32,
 'pid_type': 'flat',
 'range_flattens': [None, None],
 'range_multi_buffers': [None, None],
 'range_num_stages': [0, 2],
 'range_unroll_factors': [0, 0],
 'range_warp_specializes': []}
[77s] Autotuning complete in 77.3s after searching 64 configs.
One can hardcode the best config and skip autotuning with:
    @helion.kernel(config=helion.Config(atomic_indexing=[], block_sizes=[256, 16], indexing=['pointer', 'pointer', 'pointer', 'pointer'], load_eviction_policies=['', 'first'], num_stages=1, num_warps=32, pid_type='flat', range_flattens=[None, None], range_multi_buffers=[None, None], range_num_stages=[0, 2], range_unroll_factors=[0, 0], range_warp_specializes=[]), static_shapes=True)

[77s] 3 of 64 configs failed due to compile failures.
[77s] Code of selected kernel: /tmp/productB_full_cache_3/jsd_8192_65536_unseeded_s0/inductor/5u/c5uu6z4cg7cj34ykl6o22riupzdvwriee6wgalkes4cwxpcd53gv.py
[driver] DONE best_config={'block_sizes': [256, 16], 'range_unroll_factors': [0, 0], 'range_warp_specializes': [], 'range_num_stages': [0, 2], 'range_multi_buffers': [None, None], 'range_flattens': [None, None], 'load_eviction_policies': ['', 'first'], 'num_warps': 32, 'num_stages': 1, 'indexing': ['pointer', 'pointer', 'pointer', 'pointer'], 'atomic_indexing': [], 'pid_type': 'flat'}
