[driver] GPU=3 helion=/home/calebkim/helion-new-heuristics/wt-reduction/helion/__init__.py
[driver] kernel=jsd shape=(8192, 65536) mode=unseeded rand_seed=2
[driver] disable_heuristics_env='1' force='1' effort='quick' max_gen=None rand_seed_env='2' log='/home/calebkim/helion-new-heuristics/wt-reduction/logs/productB_full/jsd_8192_65536_unseeded_s2'
WARNING[TensorOperationInWrapper]: A tensor operation outside of the `hl.tile` or `hl.grid` loop will not be fused in the generated kernel.
Use @helion.kernel(ignore_warnings=[helion.exc.TensorOperationInWrapper]) to suppress this warning.
If this is not a tensor operation, please report this as a bug.
While processing:
  File "/home/calebkim/helion-new-heuristics/wt-reduction/examples/jsd.py", line 144, in jsd_forward
    final_loss = torch.sum(
                 ^^^^^^^^^^

[verify] config_spec.compiler_seed_configs (n=0): []
[verify] config_spec.autotuner_heuristics: []
[verify] recomputed compiler_seed_configs (n=0): []
[verify] UNSEEDED OK: no compiler seed in initial population
[verify] EXPECTED_SEED_STR=None
WARNING[TensorOperationInWrapper]: A tensor operation outside of the `hl.tile` or `hl.grid` loop will not be fused in the generated kernel.
Use @helion.kernel(ignore_warnings=[helion.exc.TensorOperationInWrapper]) to suppress this warning.
If this is not a tensor operation, please report this as a bug.
While processing:
  File "/home/calebkim/helion-new-heuristics/wt-reduction/examples/jsd.py", line 144, in jsd_forward
    final_loss = torch.sum(
                 ^^^^^^^^^^

[0s] Starting autotuning process, this may take a while...
[0s] Autotune random seed: 2
[4s] Starting LFBOTreeSearch with initial_population=FROM_BEST_AVAILABLE, copies=2, max_generations=5, similarity_penalty=1.0
[4s] Starting with default config
[4s] Initial population: 1 total
Initial population precompiling 100% ━━━━━━━━━━━━━━━━━━━━━━━━━━━ 1/1 - configs/s
Initial population exploring neighbors 100% ━━━━━━━━━━━━━━━━━━━━ 1/1 - configs/s
[11s] Adaptive compile timeout: 30s (90% percentile=0.0s, bounds=[30.0s, 60s])
[11s] Initial random population of 1, 1 starting points: 
ok=1
min=2.8495
mid=2.8495
max=2.8495
best={'atomic_indexing': [],
 'block_sizes': [32, 32],
 'indexing': ['pointer', 'pointer', 'pointer', 'pointer'],
 'load_eviction_policies': ['', ''],
 'num_stages': 1,
 'num_warps': 4,
 'pid_type': 'flat',
 'range_flattens': [None, None],
 'range_multi_buffers': [None, None],
 'range_num_stages': [0, 0],
 'range_unroll_factors': [0, 0],
 'range_warp_specializes': []}
[11s] All labels are identical, skip training surrogate.
[11s] Generation 1 starting: 12 neighbors, 1 active search path(s)
Generation 1: precompiling 100% ━━━━━━━━━━━━━━━━━━━━━━━━━━━━ 13/13 8.8 configs/s
Generation 1: exploring neighbors 100% ━━━━━━━━━━━━━━━━━━━━━ 13/13 4.4 configs/s
[16s] Generation 1 complete: 
ok=14
min=2.4010
mid=3.4623
max=14.1563
best={'atomic_indexing': [],
 'block_sizes': [32, 64],
 'indexing': ['pointer', 'pointer', 'pointer', 'pointer'],
 'load_eviction_policies': ['', ''],
 'num_stages': 1,
 'num_warps': 16,
 'pid_type': 'flat',
 'range_flattens': [None, None],
 'range_multi_buffers': [None, None],
 'range_num_stages': [0, 0],
 'range_unroll_factors': [0, 0],
 'range_warp_specializes': []}
[16s] Fitting surrogate: 14 points, 14 targets
[16s] Generation 2 starting: 9 neighbors, 1 active search path(s)
Generation 2: precompiling 100% ━━━━━━━━━━━━━━━━━━━━━━━━━━━━━ 9/9 17.6 configs/s
Generation 2: exploring neighbors 100% ━━━━━━━━━━━━━━━━━━━━━━━ 9/9 9.0 configs/s
[18s] Generation 2 complete: 
ok=10
min=2.4010
mid=3.7468
max=6.9756
best={'atomic_indexing': [],
 'block_sizes': [32, 64],
 'indexing': ['pointer', 'pointer', 'pointer', 'pointer'],
 'load_eviction_policies': ['', ''],
 'num_stages': 1,
 'num_warps': 16,
 'pid_type': 'flat',
 'range_flattens': [None, None],
 'range_multi_buffers': [None, None],
 'range_num_stages': [0, 0],
 'range_unroll_factors': [0, 0],
 'range_warp_specializes': []}
[18s] Fitting surrogate: 23 points, 23 targets
[18s] Generation 3 starting: 12 neighbors, 1 active search path(s)
Generation 3: precompiling 100% ━━━━━━━━━━━━━━━━━━━━━━━━━━━━ 12/12 8.1 configs/s
Generation 3: exploring neighbors 100% ━━━━━━━━━━━━━━━━━━━━━ 12/12 4.3 configs/s
[24s] Generation 3 complete: 
ok=13
min=2.1996
mid=2.9516
max=6.2542
best={'atomic_indexing': [],
 'block_sizes': [32, 16],
 'indexing': ['pointer', 'pointer', 'pointer', 'tensor_descriptor'],
 'load_eviction_policies': ['', ''],
 'num_stages': 1,
 'num_warps': 16,
 'pid_type': 'flat',
 'range_flattens': [None, None],
 'range_multi_buffers': [None, None],
 'range_num_stages': [0, 0],
 'range_unroll_factors': [0, 0],
 'range_warp_specializes': []}
[24s] Fitting surrogate: 35 points, 35 targets
[24s] Generation 4 starting: 15 neighbors, 1 active search path(s)
Generation 4: precompiling 100% ━━━━━━━━━━━━━━━━━━━━━━━━━━━ 15/15 50.3 configs/s
Generation 4: exploring neighbors 100% ━━━━━━━━━━━━━━━━━━━━━ 15/15 5.8 configs/s
[28s] Generation 4 complete: 
ok=16
min=1.9981
mid=2.6774
max=16.1016
best={'atomic_indexing': [],
 'block_sizes': [128, 8],
 'indexing': ['pointer', 'pointer', 'pointer', 'tensor_descriptor'],
 'load_eviction_policies': ['', ''],
 'num_stages': 1,
 'num_warps': 16,
 'pid_type': 'flat',
 'range_flattens': [None, None],
 'range_multi_buffers': [None, None],
 'range_num_stages': [0, 0],
 'range_unroll_factors': [0, 0],
 'range_warp_specializes': []}
[28s] Fitting surrogate: 50 points, 50 targets
[28s] Generation 5 starting: 16 neighbors, 1 active search path(s)
Generation 5: precompiling 100% ━━━━━━━━━━━━━━━━━━━━━━━━━━━ 17/17 65.9 configs/s
Generation 5: exploring neighbors 100% ━━━━━━━━━━━━━━━━━━━━ 17/17 11.4 configs/s
[31s] Generation 5 complete: 
ok=18
min=1.8894
mid=2.9671
max=10.8476
best={'atomic_indexing': [],
 'block_sizes': [512, 2],
 'indexing': ['pointer', 'pointer', 'pointer', 'tensor_descriptor'],
 'load_eviction_policies': ['', ''],
 'num_stages': 1,
 'num_warps': 16,
 'pid_type': 'flat',
 'range_flattens': [None, None],
 'range_multi_buffers': [None, None],
 'range_num_stages': [0, 0],
 'range_unroll_factors': [0, 0],
 'range_warp_specializes': []}
[33s] Autotuning complete in 33.2s after searching 67 configs.
One can hardcode the best config and skip autotuning with:
    @helion.kernel(config=helion.Config(atomic_indexing=[], block_sizes=[512, 2], indexing=['pointer', 'pointer', 'pointer', 'tensor_descriptor'], load_eviction_policies=['', ''], num_stages=1, num_warps=16, pid_type='flat', range_flattens=[None, None], range_multi_buffers=[None, None], range_num_stages=[0, 0], range_unroll_factors=[0, 0], range_warp_specializes=[]), static_shapes=True)

[33s] Code of selected kernel: /tmp/productB_full_cache_3/jsd_8192_65536_unseeded_s2/inductor/tv/ctvk2dygjzobxpe7zwblmmenmdqpkw6uwwsd2y5insc37d4eisgh.py
[driver] DONE best_config={'block_sizes': [512, 2], 'range_unroll_factors': [0, 0], 'range_warp_specializes': [], 'range_num_stages': [0, 0], 'range_multi_buffers': [None, None], 'range_flattens': [None, None], 'load_eviction_policies': ['', ''], 'num_warps': 16, 'num_stages': 1, 'indexing': ['pointer', 'pointer', 'pointer', 'tensor_descriptor'], 'atomic_indexing': [], 'pid_type': 'flat'}
