[driver] GPU=3 helion=/home/calebkim/helion-new-heuristics/wt-reduction/helion/__init__.py
[driver] kernel=jsd shape=(8192, 65536) mode=seeded rand_seed=0
[driver] disable_heuristics_env=None force='1' effort='quick' max_gen=None rand_seed_env='0' log='/home/calebkim/helion-new-heuristics/wt-reduction/logs/productB_full/jsd_8192_65536_seeded_s0'
WARNING[TensorOperationInWrapper]: A tensor operation outside of the `hl.tile` or `hl.grid` loop will not be fused in the generated kernel.
Use @helion.kernel(ignore_warnings=[helion.exc.TensorOperationInWrapper]) to suppress this warning.
If this is not a tensor operation, please report this as a bug.
While processing:
  File "/home/calebkim/helion-new-heuristics/wt-reduction/examples/jsd.py", line 144, in jsd_forward
    final_loss = torch.sum(
                 ^^^^^^^^^^

[verify] config_spec.compiler_seed_configs (n=1): [{'block_sizes': [4096, 1], 'num_warps': 32, 'num_stages': 1}]
[verify] config_spec.autotuner_heuristics: ['triton_reduction_tile']
[verify] recomputed compiler_seed_configs (n=1): [{'block_sizes': [4096, 1], 'num_warps': 32, 'num_stages': 1}]
[verify] SEEDED OK: seed config = {'block_sizes': [4096, 1], 'num_warps': 32, 'num_stages': 1}
[verify] SEED-FLAT-ENCODE: track=T2 lever=block_sizes raw=[4096, 1] num_warps=32 -> flat-normalized block_sizes=[4096, 1] num_warps=32  PRESERVED
[verify] EXPECTED_SEED_STR=Config(block_sizes=[4096, 1], num_stages=1, num_warps=32)
WARNING[TensorOperationInWrapper]: A tensor operation outside of the `hl.tile` or `hl.grid` loop will not be fused in the generated kernel.
Use @helion.kernel(ignore_warnings=[helion.exc.TensorOperationInWrapper]) to suppress this warning.
If this is not a tensor operation, please report this as a bug.
While processing:
  File "/home/calebkim/helion-new-heuristics/wt-reduction/examples/jsd.py", line 144, in jsd_forward
    final_loss = torch.sum(
                 ^^^^^^^^^^

[0s] Starting autotuning process, this may take a while...
[0s] Autotune random seed: 0
[4s] Starting LFBOTreeSearch with initial_population=FROM_BEST_AVAILABLE, copies=2, max_generations=5, similarity_penalty=1.0
[4s] Starting with default config
[4s] Initial population: 2 total
Initial population precompiling 100% ━━━━━━━━━━━━━━━━━━━━━━━━━ 2/2 8.6 configs/s
Initial population exploring neighbors 100% ━━━━━━━━━━━━━━━━━ 2/2 32.7 configs/s
[11s] Adaptive compile timeout: 30s (90% percentile=0.2s, bounds=[30.0s, 60s])
[11s] Initial random population of 2, 2 starting points: 
ok=2
min=1.8992
mid=2.8572
max=2.8572
best={'atomic_indexing': [],
 'block_sizes': [4096, 1],
 'indexing': ['pointer', 'pointer', 'pointer', 'pointer'],
 'load_eviction_policies': ['', ''],
 'num_stages': 1,
 'num_warps': 32,
 'pid_type': 'flat',
 'range_flattens': [None, None],
 'range_multi_buffers': [None, None],
 'range_num_stages': [0, 0],
 'range_unroll_factors': [0, 0],
 'range_warp_specializes': []}
[11s] Fitting surrogate: 2 points, 2 targets
[11s] Generation 1 starting: 18 neighbors, 2 active search path(s)
Generation 1: precompiling 100% ━━━━━━━━━━━━━━━━━━━━━━━━━━━━ 18/18 8.9 configs/s
Generation 1: exploring neighbors 100% ━━━━━━━━━━━━━━━━━━━━ 18/18 11.0 configs/s
[16s] Generation 1 complete: 
ok=20
min=1.8770
mid=2.8572
max=21.5220
best={'atomic_indexing': [],
 'block_sizes': [1024, 1],
 'indexing': ['pointer', 'pointer', 'pointer', 'pointer'],
 'load_eviction_policies': ['', ''],
 'num_stages': 1,
 'num_warps': 16,
 'pid_type': 'flat',
 'range_flattens': [None, None],
 'range_multi_buffers': [None, None],
 'range_num_stages': [0, 0],
 'range_unroll_factors': [0, 0],
 'range_warp_specializes': []}
[16s] Fitting surrogate: 20 points, 20 targets
[16s] Generation 2 starting: 18 neighbors, 2 active search path(s)
Generation 2: precompiling 100% ━━━━━━━━━━━━━━━━━━━━━━━━━━━ 19/19 15.9 configs/s
Generation 2: exploring neighbors 100% ━━━━━━━━━━━━━━━━━━━━ 19/19 11.2 configs/s
[20s] Generation 2 complete: 
ok=20
min=1.8770
mid=2.1760
max=7.8141
best={'atomic_indexing': [],
 'block_sizes': [1024, 1],
 'indexing': ['pointer', 'pointer', 'pointer', 'pointer'],
 'load_eviction_policies': ['', ''],
 'num_stages': 1,
 'num_warps': 16,
 'pid_type': 'flat',
 'range_flattens': [None, None],
 'range_multi_buffers': [None, None],
 'range_num_stages': [0, 0],
 'range_unroll_factors': [0, 0],
 'range_warp_specializes': []}
[20s] Fitting surrogate: 39 points, 39 targets
[20s] Generation 3 starting: 29 neighbors, 2 active search path(s)
Generation 3: precompiling 100% ━━━━━━━━━━━━━━━━━━━━━━━━━━━ 30/30 14.8 configs/s
Generation 3: exploring neighbors 100% ━━━━━━━━━━━━━━━━━━━━━ 30/30 4.8 configs/s
[30s] Generation 3 complete: 
ok=31
min=1.8761
mid=2.0202
max=3.7329
best={'atomic_indexing': [],
 'block_sizes': [2048, 1],
 'indexing': ['tensor_descriptor', 'pointer', 'pointer', 'pointer'],
 'load_eviction_policies': ['', ''],
 'num_stages': 2,
 'num_warps': 32,
 'pid_type': 'flat',
 'range_flattens': [None, None],
 'range_multi_buffers': [None, None],
 'range_num_stages': [0, 0],
 'range_unroll_factors': [0, 0],
 'range_warp_specializes': []}
[30s] Fitting surrogate: 69 points, 69 targets
[30s] Copy 0 finish because of no improvement
[30s] Generation 4 starting: 16 neighbors, 1 active search path(s)
[61s] Timeout after 30s compiling Config(atomic_indexing=[], block_sizes=[512, 128], indexing=['pointer', 'pointer', 'pointer', 'tensor_descriptor'], load_eviction_policies=['first', 'first'], num_stages=3, num_warps=4, pid_type='flat', range_flattens=[None, None], range_multi_buffers=[None, True], range_num_stages=[0, 0], range_unroll_factors=[0, 0], range_warp_specializes=[])
[61s] Timeout after 30s compiling Config(atomic_indexing=[], block_sizes=[1024, 32], indexing=['tensor_descriptor', 'pointer', 'pointer', 'pointer'], load_eviction_policies=['first', ''], num_stages=3, num_warps=2, pid_type='flat', range_flattens=[None, None], range_multi_buffers=[None, True], range_num_stages=[0, 0], range_unroll_factors=[0, 0], range_warp_specializes=[])
Generation 4: precompiling 100% ━━━━━━━━━━━━━━━━━━━━━━━━━━━━ 17/17 0.5 configs/s
Generation 4: exploring neighbors 100% ━━━━━━━━━━━━━━━━━━━━━ 17/17 2.8 configs/s
[67s] Generation 4 complete: 
timeout=2
ok=16
min=1.8761
mid=7.2774
max=89.1903
best={'atomic_indexing': [],
 'block_sizes': [2048, 1],
 'indexing': ['tensor_descriptor', 'pointer', 'pointer', 'pointer'],
 'load_eviction_policies': ['', ''],
 'num_stages': 2,
 'num_warps': 32,
 'pid_type': 'flat',
 'range_flattens': [None, None],
 'range_multi_buffers': [None, None],
 'range_num_stages': [0, 0],
 'range_unroll_factors': [0, 0],
 'range_warp_specializes': []}
[67s] Fitting surrogate: 86 points, 86 targets
[67s] Generation 5 starting: 13 neighbors, 1 active search path(s)
[98s] Timeout after 30s compiling Config(atomic_indexing=[], block_sizes=[4096, 64], indexing=['pointer', 'pointer', 'pointer', 'tensor_descriptor'], load_eviction_policies=['first', ''], num_stages=3, num_warps=16, pid_type='flat', range_flattens=[None, True], range_multi_buffers=[None, None], range_num_stages=[0, 0], range_unroll_factors=[0, 0], range_warp_specializes=[])
Generation 5: precompiling 100% ━━━━━━━━━━━━━━━━━━━━━━━━━━━━ 14/14 0.4 configs/s
Generation 5: exploring neighbors 100% ━━━━━━━━━━━━━━━━━━━━━ 14/14 3.9 configs/s
[102s] Generation 5 complete: 
error=1
timeout=1
ok=13
min=1.8761
mid=1.9788
max=48.4878
best={'atomic_indexing': [],
 'block_sizes': [2048, 1],
 'indexing': ['tensor_descriptor', 'pointer', 'pointer', 'pointer'],
 'load_eviction_policies': ['', ''],
 'num_stages': 2,
 'num_warps': 32,
 'pid_type': 'flat',
 'range_flattens': [None, None],
 'range_multi_buffers': [None, None],
 'range_num_stages': [0, 0],
 'range_unroll_factors': [0, 0],
 'range_warp_specializes': []}
[103s] Autotuning complete in 103.4s after searching 97 configs.
One can hardcode the best config and skip autotuning with:
    @helion.kernel(config=helion.Config(atomic_indexing=[], block_sizes=[2048, 1], indexing=['tensor_descriptor', 'pointer', 'pointer', 'pointer'], load_eviction_policies=['', ''], num_stages=2, num_warps=32, pid_type='flat', range_flattens=[None, None], range_multi_buffers=[None, None], range_num_stages=[0, 0], range_unroll_factors=[0, 0], range_warp_specializes=[]), static_shapes=True)

[103s] 1 of 97 configs failed due to compile failures.
[103s] Code of selected kernel: /tmp/productB_full_cache_3/jsd_8192_65536_seeded_s0/inductor/ne/cney4djv7bcrgzs32jzaj2phsi4eyzvhpzws6v6z4ciacwivyyxp.py
[driver] DONE best_config={'block_sizes': [2048, 1], 'range_unroll_factors': [0, 0], 'range_warp_specializes': [], 'range_num_stages': [0, 0], 'range_multi_buffers': [None, None], 'range_flattens': [None, None], 'load_eviction_policies': ['', ''], 'num_warps': 32, 'num_stages': 2, 'indexing': ['tensor_descriptor', 'pointer', 'pointer', 'pointer'], 'atomic_indexing': [], 'pid_type': 'flat'}
