[driver] GPU=3 helion=/home/calebkim/helion-new-heuristics/wt-reduction/helion/__init__.py
[driver] kernel=jsd shape=(8192, 65536) mode=unseeded rand_seed=1
[driver] disable_heuristics_env='1' force='1' effort='quick' max_gen=None rand_seed_env='1' log='/home/calebkim/helion-new-heuristics/wt-reduction/logs/productB_full/jsd_8192_65536_unseeded_s1'
WARNING[TensorOperationInWrapper]: A tensor operation outside of the `hl.tile` or `hl.grid` loop will not be fused in the generated kernel.
Use @helion.kernel(ignore_warnings=[helion.exc.TensorOperationInWrapper]) to suppress this warning.
If this is not a tensor operation, please report this as a bug.
While processing:
  File "/home/calebkim/helion-new-heuristics/wt-reduction/examples/jsd.py", line 144, in jsd_forward
    final_loss = torch.sum(
                 ^^^^^^^^^^

[verify] config_spec.compiler_seed_configs (n=0): []
[verify] config_spec.autotuner_heuristics: []
[verify] recomputed compiler_seed_configs (n=0): []
[verify] UNSEEDED OK: no compiler seed in initial population
[verify] EXPECTED_SEED_STR=None
WARNING[TensorOperationInWrapper]: A tensor operation outside of the `hl.tile` or `hl.grid` loop will not be fused in the generated kernel.
Use @helion.kernel(ignore_warnings=[helion.exc.TensorOperationInWrapper]) to suppress this warning.
If this is not a tensor operation, please report this as a bug.
While processing:
  File "/home/calebkim/helion-new-heuristics/wt-reduction/examples/jsd.py", line 144, in jsd_forward
    final_loss = torch.sum(
                 ^^^^^^^^^^

[0s] Starting autotuning process, this may take a while...
[0s] Autotune random seed: 1
[4s] Starting LFBOTreeSearch with initial_population=FROM_BEST_AVAILABLE, copies=2, max_generations=5, similarity_penalty=1.0
[4s] Starting with default config
[4s] Initial population: 1 total
Initial population precompiling 100% ━━━━━━━━━━━━━━━━━━━━━━━━━━━ 1/1 - configs/s
Initial population exploring neighbors 100% ━━━━━━━━━━━━━━━━━━━━ 1/1 - configs/s
[11s] Adaptive compile timeout: 30s (90% percentile=0.0s, bounds=[30.0s, 60s])
[11s] Initial random population of 1, 1 starting points: 
ok=1
min=2.8509
mid=2.8509
max=2.8509
best={'atomic_indexing': [],
 'block_sizes': [32, 32],
 'indexing': ['pointer', 'pointer', 'pointer', 'pointer'],
 'load_eviction_policies': ['', ''],
 'num_stages': 1,
 'num_warps': 4,
 'pid_type': 'flat',
 'range_flattens': [None, None],
 'range_multi_buffers': [None, None],
 'range_num_stages': [0, 0],
 'range_unroll_factors': [0, 0],
 'range_warp_specializes': []}
[11s] All labels are identical, skip training surrogate.
[11s] Generation 1 starting: 12 neighbors, 1 active search path(s)
Generation 1: precompiling 100% ━━━━━━━━━━━━━━━━━━━━━━━━━━━━ 13/13 2.4 configs/s
Generation 1: exploring neighbors 100% ━━━━━━━━━━━━━━━━━━━━━ 13/13 5.1 configs/s
[18s] Generation 1 complete: 
ok=14
min=2.1486
mid=3.9612
max=19.3556
best={'atomic_indexing': [],
 'block_sizes': [128, 32],
 'indexing': ['pointer', 'pointer', 'pointer', 'pointer'],
 'load_eviction_policies': ['', ''],
 'num_sm_multiplier': 1,
 'num_stages': 1,
 'num_warps': 8,
 'pid_type': 'persistent_interleaved',
 'range_flattens': [None, None],
 'range_multi_buffers': [False, None],
 'range_num_stages': [0, 0],
 'range_unroll_factors': [0, 0],
 'range_warp_specializes': []}
[18s] Fitting surrogate: 14 points, 14 targets
[18s] Generation 2 starting: 15 neighbors, 1 active search path(s)
Generation 2: precompiling 100% ━━━━━━━━━━━━━━━━━━━━━━━━━━━━ 15/15 3.0 configs/s
Generation 2: exploring neighbors 100% ━━━━━━━━━━━━━━━━━━━━━ 15/15 1.5 configs/s
[34s] Generation 2 complete: 
ok=16
min=1.9107
mid=2.2504
max=49.3367
best={'atomic_indexing': [],
 'block_sizes': [256, 32],
 'indexing': ['pointer', 'pointer', 'pointer', 'pointer'],
 'load_eviction_policies': ['', ''],
 'num_sm_multiplier': 1,
 'num_stages': 1,
 'num_warps': 16,
 'pid_type': 'persistent_interleaved',
 'range_flattens': [None, None],
 'range_multi_buffers': [False, None],
 'range_num_stages': [0, 0],
 'range_unroll_factors': [0, 0],
 'range_warp_specializes': []}
[34s] Fitting surrogate: 29 points, 29 targets
[34s] Generation 3 starting: 13 neighbors, 1 active search path(s)
Generation 3: precompiling 100% ━━━━━━━━━━━━━━━━━━━━━━━━━━━━ 13/13 8.2 configs/s
Generation 3: exploring neighbors 100% ━━━━━━━━━━━━━━━━━━━━━ 13/13 2.6 configs/s
[41s] Generation 3 complete: 
ok=14
min=1.9107
mid=2.1786
max=3.5678
best={'atomic_indexing': [],
 'block_sizes': [256, 32],
 'indexing': ['pointer', 'pointer', 'pointer', 'pointer'],
 'load_eviction_policies': ['', ''],
 'num_sm_multiplier': 1,
 'num_stages': 1,
 'num_warps': 16,
 'pid_type': 'persistent_interleaved',
 'range_flattens': [None, None],
 'range_multi_buffers': [False, None],
 'range_num_stages': [0, 0],
 'range_unroll_factors': [0, 0],
 'range_warp_specializes': []}
[41s] Fitting surrogate: 42 points, 42 targets
[42s] Generation 4 starting: 15 neighbors, 1 active search path(s)
Generation 4: precompiling 100% ━━━━━━━━━━━━━━━━━━━━━━━━━━━━ 15/15 9.8 configs/s
Generation 4: exploring neighbors 100% ━━━━━━━━━━━━━━━━━━━━━ 15/15 2.0 configs/s
[53s] Generation 4 complete: 
ok=16
min=1.9065
mid=2.0521
max=14.4870
best={'atomic_indexing': [],
 'block_sizes': [256, 32],
 'indexing': ['pointer', 'pointer', 'tensor_descriptor', 'pointer'],
 'load_eviction_policies': ['last', ''],
 'num_sm_multiplier': 1,
 'num_stages': 1,
 'num_warps': 32,
 'pid_type': 'persistent_blocked',
 'range_flattens': [None, None],
 'range_multi_buffers': [False, None],
 'range_num_stages': [0, 0],
 'range_unroll_factors': [0, 0],
 'range_warp_specializes': []}
[53s] Fitting surrogate: 57 points, 57 targets
[54s] Generation 5 starting: 15 neighbors, 1 active search path(s)
Generation 5: precompiling 100% ━━━━━━━━━━━━━━━━━━━━━━━━━━━ 15/15 23.2 configs/s
Generation 5: exploring neighbors 100% ━━━━━━━━━━━━━━━━━━━━━ 15/15 2.6 configs/s
[61s] Generation 5 complete: 
ok=16
min=1.9065
mid=1.9553
max=6.9674
best={'atomic_indexing': [],
 'block_sizes': [256, 32],
 'indexing': ['pointer', 'pointer', 'tensor_descriptor', 'pointer'],
 'load_eviction_policies': ['last', ''],
 'num_sm_multiplier': 1,
 'num_stages': 1,
 'num_warps': 32,
 'pid_type': 'persistent_blocked',
 'range_flattens': [None, None],
 'range_multi_buffers': [False, None],
 'range_num_stages': [0, 0],
 'range_unroll_factors': [0, 0],
 'range_warp_specializes': []}
[62s] Autotuning complete in 62.8s after searching 72 configs.
One can hardcode the best config and skip autotuning with:
    @helion.kernel(config=helion.Config(atomic_indexing=[], block_sizes=[256, 32], indexing=['pointer', 'pointer', 'tensor_descriptor', 'pointer'], load_eviction_policies=['last', ''], num_sm_multiplier=1, num_stages=1, num_warps=32, pid_type='persistent_blocked', range_flattens=[None, None], range_multi_buffers=[False, None], range_num_stages=[0, 0], range_unroll_factors=[0, 0], range_warp_specializes=[]), static_shapes=True)

[62s] Code of selected kernel: /tmp/productB_full_cache_3/jsd_8192_65536_unseeded_s1/inductor/26/c26ako3xw4rnuvglhyw6fv3zgwlxxaotopabgyjfmh2m7sg5sbby.py
[driver] DONE best_config={'block_sizes': [256, 32], 'range_unroll_factors': [0, 0], 'range_warp_specializes': [], 'range_num_stages': [0, 0], 'range_multi_buffers': [False, None], 'range_flattens': [None, None], 'load_eviction_policies': ['last', ''], 'num_warps': 32, 'num_stages': 1, 'indexing': ['pointer', 'pointer', 'tensor_descriptor', 'pointer'], 'atomic_indexing': [], 'pid_type': 'persistent_blocked', 'num_sm_multiplier': 1}
