[driver] GPU=3 helion=/home/calebkim/helion-new-heuristics/wt-reduction/helion/__init__.py
[driver] kernel=jsd shape=(8192, 65536) mode=seeded rand_seed=1
[driver] disable_heuristics_env=None force='1' effort='quick' max_gen=None rand_seed_env='1' log='/home/calebkim/helion-new-heuristics/wt-reduction/logs/productB_full/jsd_8192_65536_seeded_s1'
WARNING[TensorOperationInWrapper]: A tensor operation outside of the `hl.tile` or `hl.grid` loop will not be fused in the generated kernel.
Use @helion.kernel(ignore_warnings=[helion.exc.TensorOperationInWrapper]) to suppress this warning.
If this is not a tensor operation, please report this as a bug.
While processing:
  File "/home/calebkim/helion-new-heuristics/wt-reduction/examples/jsd.py", line 144, in jsd_forward
    final_loss = torch.sum(
                 ^^^^^^^^^^

[verify] config_spec.compiler_seed_configs (n=1): [{'block_sizes': [4096, 1], 'num_warps': 32, 'num_stages': 1}]
[verify] config_spec.autotuner_heuristics: ['triton_reduction_tile']
[verify] recomputed compiler_seed_configs (n=1): [{'block_sizes': [4096, 1], 'num_warps': 32, 'num_stages': 1}]
[verify] SEEDED OK: seed config = {'block_sizes': [4096, 1], 'num_warps': 32, 'num_stages': 1}
[verify] SEED-FLAT-ENCODE: track=T2 lever=block_sizes raw=[4096, 1] num_warps=32 -> flat-normalized block_sizes=[4096, 1] num_warps=32  PRESERVED
[verify] EXPECTED_SEED_STR=Config(block_sizes=[4096, 1], num_stages=1, num_warps=32)
WARNING[TensorOperationInWrapper]: A tensor operation outside of the `hl.tile` or `hl.grid` loop will not be fused in the generated kernel.
Use @helion.kernel(ignore_warnings=[helion.exc.TensorOperationInWrapper]) to suppress this warning.
If this is not a tensor operation, please report this as a bug.
While processing:
  File "/home/calebkim/helion-new-heuristics/wt-reduction/examples/jsd.py", line 144, in jsd_forward
    final_loss = torch.sum(
                 ^^^^^^^^^^

[0s] Starting autotuning process, this may take a while...
[0s] Autotune random seed: 1
[4s] Starting LFBOTreeSearch with initial_population=FROM_BEST_AVAILABLE, copies=2, max_generations=5, similarity_penalty=1.0
[4s] Starting with default config
[4s] Initial population: 2 total
Initial population precompiling 100% ━━━━━━━━━━━━━━━━━━━━━━━━━ 2/2 8.7 configs/s
Initial population exploring neighbors 100% ━━━━━━━━━━━━━━━━━ 2/2 18.0 configs/s
[11s] Adaptive compile timeout: 30s (90% percentile=0.2s, bounds=[30.0s, 60s])
[11s] Initial random population of 2, 2 starting points: 
ok=2
min=1.8980
mid=2.8450
max=2.8450
best={'atomic_indexing': [],
 'block_sizes': [4096, 1],
 'indexing': ['pointer', 'pointer', 'pointer', 'pointer'],
 'load_eviction_policies': ['', ''],
 'num_stages': 1,
 'num_warps': 32,
 'pid_type': 'flat',
 'range_flattens': [None, None],
 'range_multi_buffers': [None, None],
 'range_num_stages': [0, 0],
 'range_unroll_factors': [0, 0],
 'range_warp_specializes': []}
[11s] Fitting surrogate: 2 points, 2 targets
[11s] Generation 1 starting: 21 neighbors, 2 active search path(s)
Generation 1: precompiling 100% ━━━━━━━━━━━━━━━━━━━━━━━━━━━ 21/21 13.6 configs/s
Generation 1: exploring neighbors 100% ━━━━━━━━━━━━━━━━━━━━ 21/21 11.4 configs/s
[16s] Generation 1 complete: 
ok=23
min=1.8696
mid=2.0498
max=4.5753
best={'atomic_indexing': [],
 'block_sizes': [2048, 1],
 'indexing': ['pointer', 'pointer', 'pointer', 'pointer'],
 'load_eviction_policies': ['', 'last'],
 'num_stages': 1,
 'num_warps': 16,
 'pid_type': 'flat',
 'range_flattens': [None, None],
 'range_multi_buffers': [None, None],
 'range_num_stages': [0, 0],
 'range_unroll_factors': [0, 0],
 'range_warp_specializes': []}
[16s] Fitting surrogate: 23 points, 23 targets
[16s] Generation 2 starting: 20 neighbors, 2 active search path(s)
Generation 2: precompiling 100% ━━━━━━━━━━━━━━━━━━━━━━━━━━━━ 21/21 0.6 configs/s
Generation 2: exploring neighbors 100% ━━━━━━━━━━━━━━━━━━━━━ 21/21 1.2 configs/s
[49s] Generation 2 complete: 
ok=22
min=1.8696
mid=1.9783
max=80.1871
best={'atomic_indexing': [],
 'block_sizes': [2048, 1],
 'indexing': ['pointer', 'pointer', 'pointer', 'pointer'],
 'load_eviction_policies': ['', 'last'],
 'num_stages': 1,
 'num_warps': 16,
 'pid_type': 'flat',
 'range_flattens': [None, None],
 'range_multi_buffers': [None, None],
 'range_num_stages': [0, 0],
 'range_unroll_factors': [0, 0],
 'range_warp_specializes': []}
[49s] Fitting surrogate: 44 points, 44 targets
[50s] Generation 3 starting: 24 neighbors, 2 active search path(s)
Generation 3: precompiling 100% ━━━━━━━━━━━━━━━━━━━━━━━━━━━━ 26/26 0.7 configs/s
Generation 3: exploring neighbors 100% ━━━━━━━━━━━━━━━━━━━━━ 26/26 2.4 configs/s
[78s] Generation 3 complete: 
ok=27
min=1.8692
mid=1.8985
max=56.8467
best={'atomic_indexing': [],
 'block_sizes': [2048, 1],
 'indexing': ['pointer', 'pointer', 'pointer', 'pointer'],
 'load_eviction_policies': ['', 'last'],
 'num_stages': 1,
 'num_warps': 16,
 'pid_type': 'flat',
 'range_flattens': [None, None],
 'range_multi_buffers': [None, False],
 'range_num_stages': [0, 0],
 'range_unroll_factors': [0, 0],
 'range_warp_specializes': []}
[78s] Fitting surrogate: 70 points, 70 targets
[78s] Copy 0 finish because of no improvement
[78s] Generation 4 starting: 11 neighbors, 1 active search path(s)
Generation 4: precompiling 100% ━━━━━━━━━━━━━━━━━━━━━━━━━━━━ 12/12 3.6 configs/s
Generation 4: exploring neighbors 100% ━━━━━━━━━━━━━━━━━━━━━ 12/12 8.3 configs/s
[82s] Generation 4 complete: 
ok=13
min=1.8691
mid=1.9736
max=2.7352
best={'atomic_indexing': [],
 'block_sizes': [2048, 1],
 'indexing': ['pointer', 'pointer', 'pointer', 'pointer'],
 'load_eviction_policies': ['', ''],
 'num_stages': 1,
 'num_warps': 16,
 'pid_type': 'flat',
 'range_flattens': [None, None],
 'range_multi_buffers': [None, True],
 'range_num_stages': [0, 0],
 'range_unroll_factors': [0, 0],
 'range_warp_specializes': []}
[82s] Fitting surrogate: 82 points, 82 targets
[82s] Generation 5 starting: 10 neighbors, 1 active search path(s)
Generation 5: precompiling 100% ━━━━━━━━━━━━━━━━━━━━━━━━━━━ 10/10 26.0 configs/s
Generation 5: exploring neighbors 100% ━━━━━━━━━━━━━━━━━━━━ 10/10 13.5 configs/s
[84s] Generation 5 complete: 
ok=11
min=1.8691
mid=1.8746
max=1.9748
best={'atomic_indexing': [],
 'block_sizes': [2048, 1],
 'indexing': ['pointer', 'pointer', 'pointer', 'pointer'],
 'load_eviction_policies': ['', ''],
 'num_stages': 1,
 'num_warps': 16,
 'pid_type': 'flat',
 'range_flattens': [None, None],
 'range_multi_buffers': [None, True],
 'range_num_stages': [0, 0],
 'range_unroll_factors': [0, 0],
 'range_warp_specializes': []}
[85s] Autotuning complete in 85.9s after searching 92 configs.
One can hardcode the best config and skip autotuning with:
    @helion.kernel(config=helion.Config(atomic_indexing=[], block_sizes=[2048, 1], indexing=['pointer', 'pointer', 'pointer', 'pointer'], load_eviction_policies=['', ''], num_stages=1, num_warps=16, pid_type='flat', range_flattens=[None, None], range_multi_buffers=[None, True], range_num_stages=[0, 0], range_unroll_factors=[0, 0], range_warp_specializes=[]), static_shapes=True)

[85s] Code of selected kernel: /tmp/productB_full_cache_3/jsd_8192_65536_seeded_s1/inductor/5o/c5ovyvk4wr6f6yf3aob3fa6oec3ju4duhzs65dp2mp7lbyvljxqa.py
[driver] DONE best_config={'block_sizes': [2048, 1], 'range_unroll_factors': [0, 0], 'range_warp_specializes': [], 'range_num_stages': [0, 0], 'range_multi_buffers': [None, True], 'range_flattens': [None, None], 'load_eviction_policies': ['', ''], 'num_warps': 16, 'num_stages': 1, 'indexing': ['pointer', 'pointer', 'pointer', 'pointer'], 'atomic_indexing': [], 'pid_type': 'flat'}
