[driver] GPU=3 helion=/home/calebkim/helion-new-heuristics/wt-reduction/helion/__init__.py
[driver] kernel=jsd shape=(8192, 65536) mode=seeded rand_seed=2
[driver] disable_heuristics_env=None force='1' effort='quick' max_gen=None rand_seed_env='2' log='/home/calebkim/helion-new-heuristics/wt-reduction/logs/productB_full/jsd_8192_65536_seeded_s2'
WARNING[TensorOperationInWrapper]: A tensor operation outside of the `hl.tile` or `hl.grid` loop will not be fused in the generated kernel.
Use @helion.kernel(ignore_warnings=[helion.exc.TensorOperationInWrapper]) to suppress this warning.
If this is not a tensor operation, please report this as a bug.
While processing:
  File "/home/calebkim/helion-new-heuristics/wt-reduction/examples/jsd.py", line 144, in jsd_forward
    final_loss = torch.sum(
                 ^^^^^^^^^^

[verify] config_spec.compiler_seed_configs (n=1): [{'block_sizes': [4096, 1], 'num_warps': 32, 'num_stages': 1}]
[verify] config_spec.autotuner_heuristics: ['triton_reduction_tile']
[verify] recomputed compiler_seed_configs (n=1): [{'block_sizes': [4096, 1], 'num_warps': 32, 'num_stages': 1}]
[verify] SEEDED OK: seed config = {'block_sizes': [4096, 1], 'num_warps': 32, 'num_stages': 1}
[verify] SEED-FLAT-ENCODE: track=T2 lever=block_sizes raw=[4096, 1] num_warps=32 -> flat-normalized block_sizes=[4096, 1] num_warps=32  PRESERVED
[verify] EXPECTED_SEED_STR=Config(block_sizes=[4096, 1], num_stages=1, num_warps=32)
WARNING[TensorOperationInWrapper]: A tensor operation outside of the `hl.tile` or `hl.grid` loop will not be fused in the generated kernel.
Use @helion.kernel(ignore_warnings=[helion.exc.TensorOperationInWrapper]) to suppress this warning.
If this is not a tensor operation, please report this as a bug.
While processing:
  File "/home/calebkim/helion-new-heuristics/wt-reduction/examples/jsd.py", line 144, in jsd_forward
    final_loss = torch.sum(
                 ^^^^^^^^^^

[0s] Starting autotuning process, this may take a while...
[0s] Autotune random seed: 2
[4s] Starting LFBOTreeSearch with initial_population=FROM_BEST_AVAILABLE, copies=2, max_generations=5, similarity_penalty=1.0
[4s] Starting with default config
[4s] Initial population: 2 total
Initial population precompiling 100% ━━━━━━━━━━━━━━━━━━━━━━━━━ 2/2 7.8 configs/s
Initial population exploring neighbors 100% ━━━━━━━━━━━━━━━━━ 2/2 14.1 configs/s
[11s] Adaptive compile timeout: 30s (90% percentile=0.2s, bounds=[30.0s, 60s])
[11s] Initial random population of 2, 2 starting points: 
ok=2
min=1.8980
mid=2.8429
max=2.8429
best={'atomic_indexing': [],
 'block_sizes': [4096, 1],
 'indexing': ['pointer', 'pointer', 'pointer', 'pointer'],
 'load_eviction_policies': ['', ''],
 'num_stages': 1,
 'num_warps': 32,
 'pid_type': 'flat',
 'range_flattens': [None, None],
 'range_multi_buffers': [None, None],
 'range_num_stages': [0, 0],
 'range_unroll_factors': [0, 0],
 'range_warp_specializes': []}
[11s] Fitting surrogate: 2 points, 2 targets
[12s] Generation 1 starting: 20 neighbors, 2 active search path(s)
Generation 1: precompiling 100% ━━━━━━━━━━━━━━━━━━━━━━━━━━━ 20/20 10.4 configs/s
Generation 1: exploring neighbors 100% ━━━━━━━━━━━━━━━━━━━━━ 20/20 7.1 configs/s
[17s] Generation 1 complete: 
ok=22
min=1.8701
mid=2.1933
max=12.7528
best={'atomic_indexing': [],
 'block_sizes': [2048, 1],
 'indexing': ['pointer', 'pointer', 'pointer', 'pointer'],
 'load_eviction_policies': ['', ''],
 'num_stages': 1,
 'num_warps': 16,
 'pid_type': 'flat',
 'range_flattens': [None, None],
 'range_multi_buffers': [None, None],
 'range_num_stages': [0, 0],
 'range_unroll_factors': [0, 0],
 'range_warp_specializes': []}
[17s] Fitting surrogate: 22 points, 22 targets
[18s] Generation 2 starting: 18 neighbors, 2 active search path(s)
Generation 2: precompiling 100% ━━━━━━━━━━━━━━━━━━━━━━━━━━━━ 19/19 3.5 configs/s
Generation 2: exploring neighbors 100% ━━━━━━━━━━━━━━━━━━━━━ 19/19 2.2 configs/s
[31s] Generation 2 complete: 
ok=20
min=1.8701
mid=2.5090
max=91.8004
best={'atomic_indexing': [],
 'block_sizes': [2048, 1],
 'indexing': ['pointer', 'pointer', 'pointer', 'pointer'],
 'load_eviction_policies': ['', ''],
 'num_stages': 1,
 'num_warps': 16,
 'pid_type': 'flat',
 'range_flattens': [None, None],
 'range_multi_buffers': [None, None],
 'range_num_stages': [0, 0],
 'range_unroll_factors': [0, 0],
 'range_warp_specializes': []}
[31s] Fitting surrogate: 41 points, 41 targets
[32s] Generation 3 starting: 25 neighbors, 2 active search path(s)
Generation 3: precompiling 100% ━━━━━━━━━━━━━━━━━━━━━━━━━━━━ 26/26 1.9 configs/s
Generation 3: exploring neighbors 100% ━━━━━━━━━━━━━━━━━━━━━ 26/26 4.0 configs/s
[49s] Generation 3 complete: 
ok=27
min=1.8691
mid=1.9927
max=53.5268
best={'atomic_indexing': [],
 'block_sizes': [2048, 1],
 'indexing': ['pointer', 'pointer', 'pointer', 'tensor_descriptor'],
 'load_eviction_policies': ['', ''],
 'num_stages': 1,
 'num_warps': 16,
 'pid_type': 'flat',
 'range_flattens': [None, None],
 'range_multi_buffers': [None, None],
 'range_num_stages': [0, 0],
 'range_unroll_factors': [0, 0],
 'range_warp_specializes': []}
[49s] Fitting surrogate: 67 points, 67 targets
[49s] Copy 0 finish because of no improvement
[50s] Generation 4 starting: 14 neighbors, 1 active search path(s)
Generation 4: precompiling 100% ━━━━━━━━━━━━━━━━━━━━━━━━━━━━ 15/15 0.9 configs/s
Generation 4: exploring neighbors 100% ━━━━━━━━━━━━━━━━━━━━━ 15/15 4.8 configs/s
[70s] Generation 4 complete: 
ok=16
min=1.8691
mid=2.4410
max=97.9968
best={'atomic_indexing': [],
 'block_sizes': [2048, 1],
 'indexing': ['pointer', 'pointer', 'pointer', 'tensor_descriptor'],
 'load_eviction_policies': ['', ''],
 'num_stages': 1,
 'num_warps': 16,
 'pid_type': 'flat',
 'range_flattens': [None, None],
 'range_multi_buffers': [None, None],
 'range_num_stages': [0, 0],
 'range_unroll_factors': [0, 0],
 'range_warp_specializes': []}
[70s] Fitting surrogate: 82 points, 82 targets
[71s] Generation 5 starting: 18 neighbors, 1 active search path(s)
[102s] Timeout after 30s compiling Config(atomic_indexing=[], block_sizes=[1024, 32], indexing=['pointer', 'pointer', 'pointer', 'pointer'], load_eviction_policies=['last', ''], num_stages=1, num_warps=2, pid_type='flat', range_flattens=[None, None], range_multi_buffers=[None, True], range_num_stages=[0, 0], range_unroll_factors=[0, 0], range_warp_specializes=[])
Generation 5: precompiling 100% ━━━━━━━━━━━━━━━━━━━━━━━━━━━━ 19/19 0.6 configs/s
Generation 5: exploring neighbors 100% ━━━━━━━━━━━━━━━━━━━━━ 19/19 0.3 configs/s
[198s] Generation 5 complete: 
error=1
timeout=1
ok=18
min=1.8691
mid=16.2650
max=92.1404
best={'atomic_indexing': [],
 'block_sizes': [2048, 1],
 'indexing': ['pointer', 'pointer', 'pointer', 'tensor_descriptor'],
 'load_eviction_policies': ['', ''],
 'num_stages': 1,
 'num_warps': 16,
 'pid_type': 'flat',
 'range_flattens': [None, None],
 'range_multi_buffers': [None, None],
 'range_num_stages': [0, 0],
 'range_unroll_factors': [0, 0],
 'range_warp_specializes': []}
[200s] Autotuning complete in 200.1s after searching 100 configs.
One can hardcode the best config and skip autotuning with:
    @helion.kernel(config=helion.Config(atomic_indexing=[], block_sizes=[2048, 1], indexing=['pointer', 'pointer', 'pointer', 'tensor_descriptor'], load_eviction_policies=['', ''], num_stages=1, num_warps=16, pid_type='flat', range_flattens=[None, None], range_multi_buffers=[None, None], range_num_stages=[0, 0], range_unroll_factors=[0, 0], range_warp_specializes=[]), static_shapes=True)

[200s] 1 of 100 configs failed due to compile failures.
[200s] Code of selected kernel: /tmp/productB_full_cache_3/jsd_8192_65536_seeded_s2/inductor/7g/c7ghxp3qxmk7gtirpi6z4ptb4kadjgum6kcj4fie2tbyzhkrm4pi.py
[driver] DONE best_config={'block_sizes': [2048, 1], 'range_unroll_factors': [0, 0], 'range_warp_specializes': [], 'range_num_stages': [0, 0], 'range_multi_buffers': [None, None], 'range_flattens': [None, None], 'load_eviction_policies': ['', ''], 'num_warps': 16, 'num_stages': 1, 'indexing': ['pointer', 'pointer', 'pointer', 'tensor_descriptor'], 'atomic_indexing': [], 'pid_type': 'flat'}
