[driver] GPU=3 helion=/home/calebkim/helion-new-heuristics/wt-reduction/helion/__init__.py
[driver] kernel=kl_div shape=(4096, 65536) mode=unseeded rand_seed=2
[driver] disable_heuristics_env='1' force='1' effort='quick' max_gen=None rand_seed_env='2' log='/home/calebkim/helion-new-heuristics/wt-reduction/logs/productB_full/kl_div_4096_65536_unseeded_s2'
WARNING[TensorOperationInWrapper]: A tensor operation outside of the `hl.tile` or `hl.grid` loop will not be fused in the generated kernel.
Use @helion.kernel(ignore_warnings=[helion.exc.TensorOperationInWrapper]) to suppress this warning.
If this is not a tensor operation, please report this as a bug.
While processing:
  File "/home/calebkim/helion-new-heuristics/wt-reduction/examples/kl_div.py", line 119, in kl_div_forward
    final_loss = torch.sum(loss) / BT
                 ^^^^^^^^^^^^^^^

WARNING[TensorOperationInWrapper]: A tensor operation outside of the `hl.tile` or `hl.grid` loop will not be fused in the generated kernel.
Use @helion.kernel(ignore_warnings=[helion.exc.TensorOperationInWrapper]) to suppress this warning.
If this is not a tensor operation, please report this as a bug.
While processing:
  File "/home/calebkim/helion-new-heuristics/wt-reduction/examples/kl_div.py", line 119, in kl_div_forward
    final_loss = torch.sum(loss) / BT
                 ^^^^^^^^^^^^^^^^^^^^

[verify] config_spec.compiler_seed_configs (n=0): []
[verify] config_spec.autotuner_heuristics: []
[verify] recomputed compiler_seed_configs (n=0): []
[verify] UNSEEDED OK: no compiler seed in initial population
[verify] EXPECTED_SEED_STR=None
WARNING[TensorOperationInWrapper]: A tensor operation outside of the `hl.tile` or `hl.grid` loop will not be fused in the generated kernel.
Use @helion.kernel(ignore_warnings=[helion.exc.TensorOperationInWrapper]) to suppress this warning.
If this is not a tensor operation, please report this as a bug.
While processing:
  File "/home/calebkim/helion-new-heuristics/wt-reduction/examples/kl_div.py", line 119, in kl_div_forward
    final_loss = torch.sum(loss) / BT
                 ^^^^^^^^^^^^^^^

WARNING[TensorOperationInWrapper]: A tensor operation outside of the `hl.tile` or `hl.grid` loop will not be fused in the generated kernel.
Use @helion.kernel(ignore_warnings=[helion.exc.TensorOperationInWrapper]) to suppress this warning.
If this is not a tensor operation, please report this as a bug.
While processing:
  File "/home/calebkim/helion-new-heuristics/wt-reduction/examples/kl_div.py", line 119, in kl_div_forward
    final_loss = torch.sum(loss) / BT
                 ^^^^^^^^^^^^^^^^^^^^

[0s] Starting autotuning process, this may take a while...
[0s] Autotune random seed: 2
[2s] Starting LFBOTreeSearch with initial_population=FROM_BEST_AVAILABLE, copies=2, max_generations=5, similarity_penalty=1.0
[2s] Starting with default config
[2s] Initial population: 1 total
Initial population precompiling 100% ━━━━━━━━━━━━━━━━━━━━━━━━━━━ 1/1 - configs/s
Initial population exploring neighbors 100% ━━━━━━━━━━━━━━━━━━━━ 1/1 - configs/s
[7s] Adaptive compile timeout: 30s (90% percentile=0.0s, bounds=[30.0s, 60s])
[7s] Initial random population of 1, 1 starting points: 
ok=1
min=2.6416
mid=2.6416
max=2.6416
best={'atomic_indexing': [],
 'block_sizes': [32, 32],
 'indexing': ['pointer', 'pointer', 'pointer'],
 'load_eviction_policies': ['', ''],
 'num_stages': 1,
 'num_warps': 4,
 'pid_type': 'flat',
 'range_flattens': [None, None],
 'range_multi_buffers': [None, None],
 'range_num_stages': [0, 0],
 'range_unroll_factors': [0, 0],
 'range_warp_specializes': []}
[7s] All labels are identical, skip training surrogate.
[7s] Generation 1 starting: 11 neighbors, 1 active search path(s)
Generation 1: precompiling 100% ━━━━━━━━━━━━━━━━━━━━━━━━━━━━ 12/12 7.0 configs/s
Generation 1: exploring neighbors 100% ━━━━━━━━━━━━━━━━━━━━ 12/12 12.9 configs/s
[10s] Generation 1 complete: 
ok=13
min=1.0660
mid=2.7293
max=4.8689
best={'atomic_indexing': [],
 'block_sizes': [128, 32],
 'indexing': ['pointer', 'pointer', 'pointer'],
 'load_eviction_policies': ['', ''],
 'num_stages': 1,
 'num_warps': 16,
 'pid_type': 'flat',
 'range_flattens': [None, None],
 'range_multi_buffers': [None, None],
 'range_num_stages': [0, 0],
 'range_unroll_factors': [0, 0],
 'range_warp_specializes': []}
[10s] Fitting surrogate: 13 points, 13 targets
[10s] Generation 2 starting: 9 neighbors, 1 active search path(s)
Generation 2: precompiling 100% ━━━━━━━━━━━━━━━━━━━━━━━━━━━━━━ 9/9 5.7 configs/s
Generation 2: exploring neighbors 100% ━━━━━━━━━━━━━━━━━━━━━━ 9/9 14.9 configs/s
[13s] Generation 2 complete: 
ok=10
min=0.9564
mid=0.9739
max=5.2208
best={'atomic_indexing': [],
 'block_sizes': [512, 32],
 'indexing': ['pointer', 'pointer', 'pointer'],
 'load_eviction_policies': ['', ''],
 'num_stages': 2,
 'num_warps': 32,
 'pid_type': 'flat',
 'range_flattens': [None, None],
 'range_multi_buffers': [None, None],
 'range_num_stages': [0, 0],
 'range_unroll_factors': [0, 1],
 'range_warp_specializes': []}
[13s] Fitting surrogate: 22 points, 22 targets
[13s] Generation 3 starting: 15 neighbors, 1 active search path(s)
Generation 3: precompiling 100% ━━━━━━━━━━━━━━━━━━━━━━━━━━━ 15/15 29.3 configs/s
Generation 3: exploring neighbors 100% ━━━━━━━━━━━━━━━━━━━━ 15/15 14.7 configs/s
[15s] Generation 3 complete: 
ok=16
min=0.9541
mid=1.0596
max=2.5342
best={'atomic_indexing': [],
 'block_sizes': [512, 8],
 'indexing': ['pointer', 'pointer', 'pointer'],
 'load_eviction_policies': ['', ''],
 'num_stages': 2,
 'num_warps': 32,
 'pid_type': 'flat',
 'range_flattens': [None, False],
 'range_multi_buffers': [None, None],
 'range_num_stages': [0, 0],
 'range_unroll_factors': [0, 1],
 'range_warp_specializes': []}
[15s] Fitting surrogate: 37 points, 37 targets
[15s] Generation 4 starting: 16 neighbors, 1 active search path(s)
Generation 4: precompiling 100% ━━━━━━━━━━━━━━━━━━━━━━━━━━━ 16/16 52.7 configs/s
Generation 4: exploring neighbors 100% ━━━━━━━━━━━━━━━━━━━━ 16/16 15.8 configs/s
[17s] Generation 4 complete: 
ok=17
min=0.9541
mid=0.9632
max=1.2969
best={'atomic_indexing': [],
 'block_sizes': [512, 8],
 'indexing': ['pointer', 'pointer', 'pointer'],
 'load_eviction_policies': ['', ''],
 'num_stages': 2,
 'num_warps': 32,
 'pid_type': 'flat',
 'range_flattens': [None, False],
 'range_multi_buffers': [None, None],
 'range_num_stages': [0, 0],
 'range_unroll_factors': [0, 1],
 'range_warp_specializes': []}
[17s] Fitting surrogate: 53 points, 53 targets
[18s] Generation 5 starting: 15 neighbors, 1 active search path(s)
Generation 5: precompiling 100% ━━━━━━━━━━━━━━━━━━━━━━━━━━ 15/15 114.8 configs/s
Generation 5: exploring neighbors 100% ━━━━━━━━━━━━━━━━━━━━ 15/15 15.7 configs/s
[19s] Generation 5 complete: 
ok=16
min=0.9508
mid=0.9564
max=1.5223
best={'atomic_indexing': [],
 'block_sizes': [2048, 8],
 'indexing': ['pointer', 'pointer', 'pointer'],
 'load_eviction_policies': ['', ''],
 'num_stages': 4,
 'num_warps': 32,
 'pid_type': 'flat',
 'range_flattens': [None, False],
 'range_multi_buffers': [None, None],
 'range_num_stages': [0, 0],
 'range_unroll_factors': [0, 1],
 'range_warp_specializes': []}
[20s] Autotuning complete in 20.9s after searching 68 configs.
One can hardcode the best config and skip autotuning with:
    @helion.kernel(config=helion.Config(atomic_indexing=[], block_sizes=[2048, 8], indexing=['pointer', 'pointer', 'pointer'], load_eviction_policies=['', ''], num_stages=4, num_warps=32, pid_type='flat', range_flattens=[None, False], range_multi_buffers=[None, None], range_num_stages=[0, 0], range_unroll_factors=[0, 1], range_warp_specializes=[]), static_shapes=True)

[20s] Code of selected kernel: /tmp/productB_full_cache_3/kl_div_4096_65536_unseeded_s2/inductor/jm/cjm5qgg3duc3jk5dphqkt2itpq6kbom3itlk42mh5r25n2yylacd.py
[driver] DONE best_config={'block_sizes': [2048, 8], 'range_unroll_factors': [0, 1], 'range_warp_specializes': [], 'range_num_stages': [0, 0], 'range_multi_buffers': [None, None], 'range_flattens': [None, False], 'load_eviction_policies': ['', ''], 'num_warps': 32, 'num_stages': 4, 'indexing': ['pointer', 'pointer', 'pointer'], 'atomic_indexing': [], 'pid_type': 'flat'}
