[driver] GPU=3 helion=/home/calebkim/helion-new-heuristics/wt-reduction/helion/__init__.py
[driver] kernel=kl_div shape=(4096, 65536) mode=unseeded rand_seed=0
[driver] disable_heuristics_env='1' force='1' effort='quick' max_gen=None rand_seed_env='0' log='/home/calebkim/helion-new-heuristics/wt-reduction/logs/productB_full/kl_div_4096_65536_unseeded_s0'
WARNING[TensorOperationInWrapper]: A tensor operation outside of the `hl.tile` or `hl.grid` loop will not be fused in the generated kernel.
Use @helion.kernel(ignore_warnings=[helion.exc.TensorOperationInWrapper]) to suppress this warning.
If this is not a tensor operation, please report this as a bug.
While processing:
  File "/home/calebkim/helion-new-heuristics/wt-reduction/examples/kl_div.py", line 119, in kl_div_forward
    final_loss = torch.sum(loss) / BT
                 ^^^^^^^^^^^^^^^

WARNING[TensorOperationInWrapper]: A tensor operation outside of the `hl.tile` or `hl.grid` loop will not be fused in the generated kernel.
Use @helion.kernel(ignore_warnings=[helion.exc.TensorOperationInWrapper]) to suppress this warning.
If this is not a tensor operation, please report this as a bug.
While processing:
  File "/home/calebkim/helion-new-heuristics/wt-reduction/examples/kl_div.py", line 119, in kl_div_forward
    final_loss = torch.sum(loss) / BT
                 ^^^^^^^^^^^^^^^^^^^^

[verify] config_spec.compiler_seed_configs (n=0): []
[verify] config_spec.autotuner_heuristics: []
[verify] recomputed compiler_seed_configs (n=0): []
[verify] UNSEEDED OK: no compiler seed in initial population
[verify] EXPECTED_SEED_STR=None
WARNING[TensorOperationInWrapper]: A tensor operation outside of the `hl.tile` or `hl.grid` loop will not be fused in the generated kernel.
Use @helion.kernel(ignore_warnings=[helion.exc.TensorOperationInWrapper]) to suppress this warning.
If this is not a tensor operation, please report this as a bug.
While processing:
  File "/home/calebkim/helion-new-heuristics/wt-reduction/examples/kl_div.py", line 119, in kl_div_forward
    final_loss = torch.sum(loss) / BT
                 ^^^^^^^^^^^^^^^

WARNING[TensorOperationInWrapper]: A tensor operation outside of the `hl.tile` or `hl.grid` loop will not be fused in the generated kernel.
Use @helion.kernel(ignore_warnings=[helion.exc.TensorOperationInWrapper]) to suppress this warning.
If this is not a tensor operation, please report this as a bug.
While processing:
  File "/home/calebkim/helion-new-heuristics/wt-reduction/examples/kl_div.py", line 119, in kl_div_forward
    final_loss = torch.sum(loss) / BT
                 ^^^^^^^^^^^^^^^^^^^^

[0s] Starting autotuning process, this may take a while...
[0s] Autotune random seed: 0
[2s] Starting LFBOTreeSearch with initial_population=FROM_BEST_AVAILABLE, copies=2, max_generations=5, similarity_penalty=1.0
[2s] Starting with default config
[2s] Initial population: 1 total
Initial population precompiling 100% ━━━━━━━━━━━━━━━━━━━━━━━━━━━ 1/1 - configs/s
Initial population exploring neighbors 100% ━━━━━━━━━━━━━━━━━━━━ 1/1 - configs/s
[7s] Adaptive compile timeout: 30s (90% percentile=0.0s, bounds=[30.0s, 60s])
[7s] Initial random population of 1, 1 starting points: 
ok=1
min=2.6413
mid=2.6413
max=2.6413
best={'atomic_indexing': [],
 'block_sizes': [32, 32],
 'indexing': ['pointer', 'pointer', 'pointer'],
 'load_eviction_policies': ['', ''],
 'num_stages': 1,
 'num_warps': 4,
 'pid_type': 'flat',
 'range_flattens': [None, None],
 'range_multi_buffers': [None, None],
 'range_num_stages': [0, 0],
 'range_unroll_factors': [0, 0],
 'range_warp_specializes': []}
[7s] All labels are identical, skip training surrogate.
[7s] Generation 1 starting: 11 neighbors, 1 active search path(s)
Generation 1: precompiling 100% ━━━━━━━━━━━━━━━━━━━━━━━━━━━ 12/12 21.6 configs/s
Generation 1: exploring neighbors 100% ━━━━━━━━━━━━━━━━━━━━ 12/12 13.1 configs/s
[9s] Generation 1 complete: 
ok=13
min=1.3281
mid=1.5910
max=9.4733
best={'atomic_indexing': [],
 'block_sizes': [32, 8],
 'indexing': ['pointer', 'pointer', 'pointer'],
 'load_eviction_policies': ['', ''],
 'num_stages': 1,
 'num_warps': 8,
 'pid_type': 'flat',
 'range_flattens': [None, None],
 'range_multi_buffers': [None, None],
 'range_num_stages': [0, 1],
 'range_unroll_factors': [0, 0],
 'range_warp_specializes': []}
[9s] Fitting surrogate: 13 points, 13 targets
[10s] Generation 2 starting: 10 neighbors, 1 active search path(s)
Generation 2: precompiling 100% ━━━━━━━━━━━━━━━━━━━━━━━━━━━ 10/10 18.1 configs/s
Generation 2: exploring neighbors 100% ━━━━━━━━━━━━━━━━━━━━ 10/10 13.1 configs/s
[11s] Generation 2 complete: 
ok=11
min=1.2924
mid=1.3281
max=9.0675
best={'atomic_indexing': [],
 'block_sizes': [64, 8],
 'indexing': ['pointer', 'pointer', 'pointer'],
 'load_eviction_policies': ['', ''],
 'num_stages': 1,
 'num_warps': 32,
 'pid_type': 'flat',
 'range_flattens': [None, None],
 'range_multi_buffers': [None, True],
 'range_num_stages': [0, 1],
 'range_unroll_factors': [0, 0],
 'range_warp_specializes': []}
[11s] Fitting surrogate: 23 points, 23 targets
[11s] Generation 3 starting: 8 neighbors, 1 active search path(s)
Generation 3: precompiling 100% ━━━━━━━━━━━━━━━━━━━━━━━━━━━━━ 9/9 40.1 configs/s
Generation 3: exploring neighbors 100% ━━━━━━━━━━━━━━━━━━━━━━ 9/9 14.8 configs/s
[12s] Generation 3 complete: 
ok=10
min=0.9618
mid=1.3232
max=2.5510
best={'atomic_indexing': [],
 'block_sizes': [256, 8],
 'indexing': ['pointer', 'pointer', 'pointer'],
 'load_eviction_policies': ['', ''],
 'num_stages': 2,
 'num_warps': 32,
 'pid_type': 'flat',
 'range_flattens': [None, None],
 'range_multi_buffers': [None, True],
 'range_num_stages': [0, 1],
 'range_unroll_factors': [0, 0],
 'range_warp_specializes': []}
[12s] Fitting surrogate: 32 points, 32 targets
[13s] Generation 4 starting: 11 neighbors, 1 active search path(s)
Generation 4: precompiling 100% ━━━━━━━━━━━━━━━━━━━━━━━━━━━ 11/11 46.7 configs/s
Generation 4: exploring neighbors 100% ━━━━━━━━━━━━━━━━━━━━ 11/11 16.0 configs/s
[14s] Generation 4 complete: 
ok=12
min=0.9537
mid=0.9617
max=1.2968
best={'atomic_indexing': [],
 'block_sizes': [512, 8],
 'indexing': ['pointer', 'pointer', 'pointer'],
 'load_eviction_policies': ['', ''],
 'num_stages': 3,
 'num_warps': 32,
 'pid_type': 'flat',
 'range_flattens': [None, None],
 'range_multi_buffers': [None, None],
 'range_num_stages': [0, 1],
 'range_unroll_factors': [0, 0],
 'range_warp_specializes': []}
[14s] Fitting surrogate: 43 points, 43 targets
[14s] Generation 5 starting: 10 neighbors, 1 active search path(s)
Generation 5: precompiling 100% ━━━━━━━━━━━━━━━━━━━━━━━━━━━ 11/11 42.6 configs/s
Generation 5: exploring neighbors 100% ━━━━━━━━━━━━━━━━━━━━ 11/11 15.9 configs/s
[16s] Generation 5 complete: 
ok=12
min=0.9458
mid=0.9540
max=1.6186
best={'atomic_indexing': [],
 'block_sizes': [1024, 8],
 'indexing': ['pointer', 'pointer', 'pointer'],
 'load_eviction_policies': ['', ''],
 'num_stages': 3,
 'num_warps': 32,
 'pid_type': 'flat',
 'range_flattens': [None, None],
 'range_multi_buffers': [None, False],
 'range_num_stages': [0, 3],
 'range_unroll_factors': [0, 0],
 'range_warp_specializes': []}
[17s] Autotuning complete in 17.6s after searching 54 configs.
One can hardcode the best config and skip autotuning with:
    @helion.kernel(config=helion.Config(atomic_indexing=[], block_sizes=[1024, 8], indexing=['pointer', 'pointer', 'pointer'], load_eviction_policies=['', ''], num_stages=3, num_warps=32, pid_type='flat', range_flattens=[None, None], range_multi_buffers=[None, False], range_num_stages=[0, 3], range_unroll_factors=[0, 0], range_warp_specializes=[]), static_shapes=True)

[17s] Code of selected kernel: /tmp/productB_full_cache_3/kl_div_4096_65536_unseeded_s0/inductor/7f/c7f3ea2v323tlcug6dip3iegb5vsmiafnna34d2kizuwuqlytszm.py
[driver] DONE best_config={'block_sizes': [1024, 8], 'range_unroll_factors': [0, 0], 'range_warp_specializes': [], 'range_num_stages': [0, 3], 'range_multi_buffers': [None, False], 'range_flattens': [None, None], 'load_eviction_policies': ['', ''], 'num_warps': 32, 'num_stages': 3, 'indexing': ['pointer', 'pointer', 'pointer'], 'atomic_indexing': [], 'pid_type': 'flat'}
