[driver] GPU=2 helion=/home/calebkim/helion-new-heuristics/wt-reduction/helion/__init__.py
[driver] kernel=layer_norm shape=(4096, 15872) mode=unseeded rand_seed=0
[driver] disable_heuristics_env='1' force='1' effort='quick' max_gen=None rand_seed_env='0' log='/home/calebkim/helion-new-heuristics/wt-reduction/logs/productB_full/layer_norm_4096_15872_unseeded_s0'
WARNING[TensorOperationInWrapper]: A tensor operation outside of the `hl.tile` or `hl.grid` loop will not be fused in the generated kernel.
Use @helion.kernel(ignore_warnings=[helion.exc.TensorOperationInWrapper]) to suppress this warning.
If this is not a tensor operation, please report this as a bug.
While processing:
  File "/home/calebkim/helion-new-heuristics/wt-reduction/examples/layer_norm.py", line 49, in layer_norm_fwd
    if bias is not None:
       ^^^^^^^^^^^^^^^^

[verify] config_spec.compiler_seed_configs (n=0): []
[verify] config_spec.autotuner_heuristics: []
[verify] recomputed compiler_seed_configs (n=0): []
[verify] UNSEEDED OK: no compiler seed in initial population
[verify] EXPECTED_SEED_STR=None
WARNING[TensorOperationInWrapper]: A tensor operation outside of the `hl.tile` or `hl.grid` loop will not be fused in the generated kernel.
Use @helion.kernel(ignore_warnings=[helion.exc.TensorOperationInWrapper]) to suppress this warning.
If this is not a tensor operation, please report this as a bug.
While processing:
  File "/home/calebkim/helion-new-heuristics/wt-reduction/examples/layer_norm.py", line 49, in layer_norm_fwd
    if bias is not None:
       ^^^^^^^^^^^^^^^^

[0s] Starting autotuning process, this may take a while...
[0s] Autotune random seed: 0
[0s] Starting LFBOTreeSearch with initial_population=FROM_BEST_AVAILABLE, copies=2, max_generations=5, similarity_penalty=1.0
[0s] Starting with default config
[0s] Initial population: 1 total
Initial population precompiling 100% ━━━━━━━━━━━━━━━━━━━━━━━━━━━ 1/1 - configs/s
Initial population exploring neighbors 100% ━━━━━━━━━━━━━━━━━━━━ 1/1 - configs/s
[4s] Adaptive compile timeout: 30s (90% percentile=0.3s, bounds=[30.0s, 60s])
[4s] Initial random population of 1, 1 starting points: 
ok=1
min=0.3558
mid=0.3558
max=0.3558
best={'atomic_indexing': [],
 'block_sizes': [1],
 'indexing': ['pointer', 'pointer', 'pointer', 'pointer', 'pointer', 'pointer', 'pointer',
              'pointer', 'pointer', 'pointer', 'pointer', 'pointer'],
 'load_eviction_policies': ['', '', '', '', '', '', '', ''],
 'num_stages': 1,
 'num_warps': 4,
 'pid_type': 'flat',
 'range_flattens': [None],
 'range_multi_buffers': [None],
 'range_num_stages': [0],
 'range_unroll_factors': [0],
 'range_warp_specializes': [],
 'reduction_loops': [4096]}
[4s] All labels are identical, skip training surrogate.
[4s] Generation 1 starting: 8 neighbors, 1 active search path(s)
Generation 1: precompiling 100% ━━━━━━━━━━━━━━━━━━━━━━━━━━━━━━ 9/9 0.7 configs/s
Generation 1: exploring neighbors 100% ━━━━━━━━━━━━━━━━━━━━━━━ 9/9 0.3 configs/s
[45s] Generation 1 complete: 
ok=10
min=0.2593
mid=0.4780
max=2.2357
best={'atomic_indexing': [],
 'block_sizes': [1],
 'indexing': ['pointer', 'pointer', 'pointer', 'pointer', 'pointer', 'pointer', 'pointer',
              'pointer', 'pointer', 'pointer', 'pointer', 'pointer'],
 'load_eviction_policies': ['', '', '', 'first', '', '', '', ''],
 'num_stages': 1,
 'num_warps': 16,
 'pid_type': 'flat',
 'range_flattens': [None],
 'range_multi_buffers': [None],
 'range_num_stages': [0],
 'range_unroll_factors': [0],
 'range_warp_specializes': [],
 'reduction_loops': [8192]}
[45s] Fitting surrogate: 10 points, 10 targets
[45s] Generation 2 starting: 6 neighbors, 1 active search path(s)
Generation 2: precompiling 100% ━━━━━━━━━━━━━━━━━━━━━━━━━━━━━ 6/6 37.3 configs/s
Generation 2: exploring neighbors 100% ━━━━━━━━━━━━━━━━━━━━━━━ 6/6 7.2 configs/s
[46s] Generation 2 complete: 
ok=7
min=0.2457
mid=0.2501
max=0.3390
best={'atomic_indexing': [],
 'block_sizes': [1],
 'indexing': ['pointer', 'pointer', 'pointer', 'pointer', 'pointer', 'pointer', 'pointer',
              'pointer', 'pointer', 'pointer', 'pointer', 'pointer'],
 'load_eviction_policies': ['', '', '', 'first', '', '', '', 'first'],
 'num_stages': 1,
 'num_warps': 32,
 'pid_type': 'flat',
 'range_flattens': [None],
 'range_multi_buffers': [None],
 'range_num_stages': [0],
 'range_unroll_factors': [0],
 'range_warp_specializes': [],
 'reduction_loops': [None]}
[46s] Fitting surrogate: 16 points, 16 targets
[47s] Generation 3 starting: 10 neighbors, 1 active search path(s)
Generation 3: precompiling 100% ━━━━━━━━━━━━━━━━━━━━━━━━━━━ 10/10 40.5 configs/s
Generation 3: exploring neighbors 100% ━━━━━━━━━━━━━━━━━━━━━ 10/10 6.8 configs/s
[49s] Generation 3 complete: 
ok=11
min=0.2457
mid=0.2463
max=0.4688
best={'atomic_indexing': [],
 'block_sizes': [1],
 'indexing': ['pointer', 'pointer', 'pointer', 'pointer', 'pointer', 'pointer', 'pointer',
              'pointer', 'pointer', 'pointer', 'pointer', 'pointer'],
 'load_eviction_policies': ['', '', '', 'first', '', '', '', 'first'],
 'num_stages': 1,
 'num_warps': 32,
 'pid_type': 'flat',
 'range_flattens': [None],
 'range_multi_buffers': [None],
 'range_num_stages': [0],
 'range_unroll_factors': [0],
 'range_warp_specializes': [],
 'reduction_loops': [None]}
[49s] Fitting surrogate: 26 points, 26 targets
[49s] Generation 4 starting: 8 neighbors, 1 active search path(s)
Generation 4: precompiling 100% ━━━━━━━━━━━━━━━━━━━━━━━━━━━━━ 8/8 36.9 configs/s
Generation 4: exploring neighbors 100% ━━━━━━━━━━━━━━━━━━━━━━━ 8/8 6.3 configs/s
[51s] Generation 4 complete: 
ok=9
min=0.2454
mid=0.2462
max=0.2732
best={'atomic_indexing': [],
 'block_sizes': [2],
 'indexing': ['pointer', 'pointer', 'pointer', 'pointer', 'pointer', 'pointer', 'pointer',
              'pointer', 'pointer', 'pointer', 'pointer', 'pointer'],
 'load_eviction_policies': ['', '', '', 'first', '', '', '', ''],
 'num_stages': 1,
 'num_warps': 16,
 'pid_type': 'flat',
 'range_flattens': [None],
 'range_multi_buffers': [None],
 'range_num_stages': [0],
 'range_unroll_factors': [0],
 'range_warp_specializes': [],
 'reduction_loops': [None]}
[51s] Fitting surrogate: 34 points, 34 targets
[51s] Generation 5 starting: 15 neighbors, 1 active search path(s)
Generation 5: precompiling 100% ━━━━━━━━━━━━━━━━━━━━━━━━━━━━ 15/15 9.1 configs/s
Generation 5: exploring neighbors 100% ━━━━━━━━━━━━━━━━━━━━━ 15/15 7.0 configs/s
[54s] Generation 5 complete: 
ok=16
min=0.2428
mid=0.2460
max=1.5598
best={'atomic_indexing': [],
 'block_sizes': [2],
 'indexing': ['pointer', 'pointer', 'pointer', 'pointer', 'tensor_descriptor', 'pointer', 'pointer',
              'pointer', 'pointer', 'pointer', 'pointer', 'pointer'],
 'load_eviction_policies': ['last', '', '', 'first', '', '', '', ''],
 'num_stages': 1,
 'num_warps': 32,
 'pid_type': 'flat',
 'range_flattens': [None],
 'range_multi_buffers': [None],
 'range_num_stages': [0],
 'range_unroll_factors': [0],
 'range_warp_specializes': [],
 'reduction_loops': [None]}
[55s] Autotuning complete in 55.8s after searching 49 configs.
One can hardcode the best config and skip autotuning with:
    @helion.kernel(config=helion.Config(atomic_indexing=[], block_sizes=[2], indexing=['pointer', 'pointer', 'pointer', 'pointer', 'tensor_descriptor', 'pointer', 'pointer', 'pointer', 'pointer', 'pointer', 'pointer', 'pointer'], load_eviction_policies=['last', '', '', 'first', '', '', '', ''], num_stages=1, num_warps=32, pid_type='flat', range_flattens=[None], range_multi_buffers=[None], range_num_stages=[0], range_unroll_factors=[0], range_warp_specializes=[], reduction_loops=[None]), static_shapes=True)

[55s] Code of selected kernel: /tmp/productB_full_cache_2/layer_norm_4096_15872_unseeded_s0/inductor/k6/ck6yz6uniz2m75kunqzvhfspgau724pt3pfckdwkzclkjoyhi3ox.py
[driver] DONE best_config={'block_sizes': [2], 'reduction_loops': [None], 'range_unroll_factors': [0], 'range_warp_specializes': [], 'range_num_stages': [0], 'range_multi_buffers': [None], 'range_flattens': [None], 'load_eviction_policies': ['last', '', '', 'first', '', '', '', ''], 'num_warps': 32, 'num_stages': 1, 'indexing': ['pointer', 'pointer', 'pointer', 'pointer', 'tensor_descriptor', 'pointer', 'pointer', 'pointer', 'pointer', 'pointer', 'pointer', 'pointer'], 'atomic_indexing': [], 'pid_type': 'flat'}
