[driver] GPU=2 helion=/home/calebkim/helion-new-heuristics/wt-reduction/helion/__init__.py
[driver] kernel=layer_norm shape=(4096, 15872) mode=seeded rand_seed=1
[driver] disable_heuristics_env=None force='1' effort='quick' max_gen=None rand_seed_env='1' log='/home/calebkim/helion-new-heuristics/wt-reduction/logs/productB_full/layer_norm_4096_15872_seeded_s1'
WARNING[TensorOperationInWrapper]: A tensor operation outside of the `hl.tile` or `hl.grid` loop will not be fused in the generated kernel.
Use @helion.kernel(ignore_warnings=[helion.exc.TensorOperationInWrapper]) to suppress this warning.
If this is not a tensor operation, please report this as a bug.
While processing:
  File "/home/calebkim/helion-new-heuristics/wt-reduction/examples/layer_norm.py", line 49, in layer_norm_fwd
    if bias is not None:
       ^^^^^^^^^^^^^^^^

[verify] config_spec.compiler_seed_configs (n=1): [{'block_sizes': [1], 'reduction_loops': [None], 'num_warps': 16, 'num_stages': 1}]
[verify] config_spec.autotuner_heuristics: ['triton_reduction_tile']
[verify] recomputed compiler_seed_configs (n=1): [{'block_sizes': [1], 'reduction_loops': [None], 'num_warps': 16, 'num_stages': 1}]
[verify] SEEDED OK: seed config = {'block_sizes': [1], 'reduction_loops': [None], 'num_warps': 16, 'num_stages': 1}
[verify] SEED-FLAT-ENCODE: track=T1 lever=reduction_loops raw=[None] num_warps=16 -> flat-normalized reduction_loops=[None] num_warps=16  PRESERVED
[verify] EXPECTED_SEED_STR=Config(block_sizes=[1], num_stages=1, num_warps=16, reduction_loops=[None])
WARNING[TensorOperationInWrapper]: A tensor operation outside of the `hl.tile` or `hl.grid` loop will not be fused in the generated kernel.
Use @helion.kernel(ignore_warnings=[helion.exc.TensorOperationInWrapper]) to suppress this warning.
If this is not a tensor operation, please report this as a bug.
While processing:
  File "/home/calebkim/helion-new-heuristics/wt-reduction/examples/layer_norm.py", line 49, in layer_norm_fwd
    if bias is not None:
       ^^^^^^^^^^^^^^^^

[0s] Starting autotuning process, this may take a while...
[0s] Autotune random seed: 1
[0s] Starting LFBOTreeSearch with initial_population=FROM_BEST_AVAILABLE, copies=2, max_generations=5, similarity_penalty=1.0
[0s] Starting with default config
[0s] Initial population: 2 total
Initial population precompiling 100% ━━━━━━━━━━━━━━━━━━━━━━━━ 2/2 13.2 configs/s
Initial population exploring neighbors 100% ━━━━━━━━━━━━━━━━━ 2/2 10.7 configs/s
[4s] Adaptive compile timeout: 30s (90% percentile=0.3s, bounds=[30.0s, 60s])
[4s] Initial random population of 2, 2 starting points: 
ok=2
min=0.2464
mid=0.3561
max=0.3561
best={'atomic_indexing': [],
 'block_sizes': [1],
 'indexing': ['pointer', 'pointer', 'pointer', 'pointer', 'pointer', 'pointer', 'pointer',
              'pointer', 'pointer', 'pointer', 'pointer', 'pointer'],
 'load_eviction_policies': ['', '', '', '', '', '', '', ''],
 'num_stages': 1,
 'num_warps': 16,
 'pid_type': 'flat',
 'range_flattens': [None],
 'range_multi_buffers': [None],
 'range_num_stages': [0],
 'range_unroll_factors': [0],
 'range_warp_specializes': [],
 'reduction_loops': [None]}
[4s] Fitting surrogate: 2 points, 2 targets
[5s] Generation 1 starting: 14 neighbors, 2 active search path(s)
Generation 1: precompiling 100% ━━━━━━━━━━━━━━━━━━━━━━━━━━━━ 14/14 3.1 configs/s
Generation 1: exploring neighbors 100% ━━━━━━━━━━━━━━━━━━━━━ 14/14 2.2 configs/s
[15s] Generation 1 complete: 
ok=16
min=0.2419
mid=0.2757
max=1.2753
best={'atomic_indexing': [],
 'block_sizes': [2],
 'indexing': ['pointer', 'pointer', 'pointer', 'pointer', 'pointer', 'pointer', 'pointer',
              'pointer', 'pointer', 'pointer', 'pointer', 'pointer'],
 'load_eviction_policies': ['last', '', '', '', '', '', '', ''],
 'num_stages': 1,
 'num_warps': 16,
 'pid_type': 'flat',
 'range_flattens': [None],
 'range_multi_buffers': [None],
 'range_num_stages': [0],
 'range_unroll_factors': [0],
 'range_warp_specializes': [],
 'reduction_loops': [None]}
[15s] Fitting surrogate: 16 points, 16 targets
[16s] Generation 2 starting: 13 neighbors, 2 active search path(s)
Generation 2: precompiling 100% ━━━━━━━━━━━━━━━━━━━━━━━━━━━━ 13/13 3.6 configs/s
Generation 2: exploring neighbors 100% ━━━━━━━━━━━━━━━━━━━━━ 13/13 0.9 configs/s
[36s] Generation 2 complete: 
ok=15
min=0.2419
mid=0.5031
max=1.7057
best={'atomic_indexing': [],
 'block_sizes': [2],
 'indexing': ['pointer', 'pointer', 'pointer', 'pointer', 'pointer', 'pointer', 'pointer',
              'pointer', 'pointer', 'pointer', 'pointer', 'pointer'],
 'load_eviction_policies': ['last', '', '', '', '', '', '', ''],
 'num_stages': 1,
 'num_warps': 16,
 'pid_type': 'flat',
 'range_flattens': [None],
 'range_multi_buffers': [None],
 'range_num_stages': [0],
 'range_unroll_factors': [0],
 'range_warp_specializes': [],
 'reduction_loops': [None]}
[36s] Fitting surrogate: 29 points, 29 targets
[37s] Generation 3 starting: 24 neighbors, 2 active search path(s)
Generation 3: precompiling 100% ━━━━━━━━━━━━━━━━━━━━━━━━━━━ 24/24 29.1 configs/s
Generation 3: exploring neighbors 100% ━━━━━━━━━━━━━━━━━━━━━ 24/24 5.6 configs/s
[42s] Generation 3 complete: 
ok=26
min=0.2419
mid=0.2449
max=1.3734
best={'atomic_indexing': [],
 'block_sizes': [2],
 'indexing': ['pointer', 'pointer', 'pointer', 'pointer', 'pointer', 'pointer', 'pointer',
              'pointer', 'pointer', 'pointer', 'pointer', 'pointer'],
 'load_eviction_policies': ['last', '', '', '', '', '', '', ''],
 'num_stages': 1,
 'num_warps': 16,
 'pid_type': 'flat',
 'range_flattens': [None],
 'range_multi_buffers': [None],
 'range_num_stages': [0],
 'range_unroll_factors': [0],
 'range_warp_specializes': [],
 'reduction_loops': [None]}
[42s] Fitting surrogate: 53 points, 53 targets
[43s] Copy 1 finish because of no improvement
[43s] Generation 4 starting: 15 neighbors, 1 active search path(s)
Generation 4: precompiling 100% ━━━━━━━━━━━━━━━━━━━━━━━━━━━━ 15/15 6.6 configs/s
Generation 4: exploring neighbors 100% ━━━━━━━━━━━━━━━━━━━━━ 15/15 3.3 configs/s
[49s] Generation 4 complete: 
ok=17
min=0.2418
mid=0.2422
max=1.5693
best={'atomic_indexing': [],
 'block_sizes': [2],
 'indexing': ['pointer', 'tensor_descriptor', 'pointer', 'pointer', 'pointer', 'pointer', 'pointer',
              'pointer', 'pointer', 'pointer', 'pointer', 'pointer'],
 'load_eviction_policies': ['last', '', '', '', 'last', '', '', ''],
 'num_stages': 1,
 'num_warps': 16,
 'pid_type': 'flat',
 'range_flattens': [None],
 'range_multi_buffers': [None],
 'range_num_stages': [0],
 'range_unroll_factors': [0],
 'range_warp_specializes': [],
 'reduction_loops': [None]}
[49s] Fitting surrogate: 68 points, 68 targets
[49s] Generation 5 starting: 18 neighbors, 1 active search path(s)
Generation 5: precompiling 100% ━━━━━━━━━━━━━━━━━━━━━━━━━━━ 19/19 27.7 configs/s
Generation 5: exploring neighbors 100% ━━━━━━━━━━━━━━━━━━━━━ 19/19 5.5 configs/s
[54s] Generation 5 complete: 
error=1
ok=19
min=0.2417
mid=0.2424
max=1.6501
best={'atomic_indexing': [],
 'block_sizes': [2],
 'indexing': ['pointer', 'pointer', 'pointer', 'pointer', 'pointer', 'pointer', 'pointer',
              'pointer', 'pointer', 'pointer', 'pointer', 'pointer'],
 'load_eviction_policies': ['last', '', '', '', 'last', '', '', 'last'],
 'num_stages': 1,
 'num_warps': 16,
 'pid_type': 'flat',
 'range_flattens': [None],
 'range_multi_buffers': [None],
 'range_num_stages': [0],
 'range_unroll_factors': [0],
 'range_warp_specializes': [],
 'reduction_loops': [None]}
[55s] Autotuning complete in 55.3s after searching 87 configs.
One can hardcode the best config and skip autotuning with:
    @helion.kernel(config=helion.Config(atomic_indexing=[], block_sizes=[2], indexing=['pointer', 'pointer', 'pointer', 'pointer', 'pointer', 'pointer', 'pointer', 'pointer', 'pointer', 'pointer', 'pointer', 'pointer'], load_eviction_policies=['last', '', '', '', 'last', '', '', 'last'], num_stages=1, num_warps=16, pid_type='flat', range_flattens=[None], range_multi_buffers=[None], range_num_stages=[0], range_unroll_factors=[0], range_warp_specializes=[], reduction_loops=[None]), static_shapes=True)

[55s] 1 of 87 configs failed due to compile failures.
[55s] Code of selected kernel: /tmp/productB_full_cache_2/layer_norm_4096_15872_seeded_s1/inductor/jx/cjxc2xir6dhxz2vs5mmyugah2wludl533ddysdwzpfxstvkcbywu.py
[driver] DONE best_config={'block_sizes': [2], 'reduction_loops': [None], 'range_unroll_factors': [0], 'range_warp_specializes': [], 'range_num_stages': [0], 'range_multi_buffers': [None], 'range_flattens': [None], 'load_eviction_policies': ['last', '', '', '', 'last', '', '', 'last'], 'num_warps': 16, 'num_stages': 1, 'indexing': ['pointer', 'pointer', 'pointer', 'pointer', 'pointer', 'pointer', 'pointer', 'pointer', 'pointer', 'pointer', 'pointer', 'pointer'], 'atomic_indexing': [], 'pid_type': 'flat'}
