[driver] GPU=2 helion=/home/calebkim/helion-new-heuristics/wt-reduction/helion/__init__.py
[driver] kernel=layer_norm shape=(4096, 15872) mode=unseeded rand_seed=2
[driver] disable_heuristics_env='1' force='1' effort='quick' max_gen=None rand_seed_env='2' log='/home/calebkim/helion-new-heuristics/wt-reduction/logs/productB_full/layer_norm_4096_15872_unseeded_s2'
WARNING[TensorOperationInWrapper]: A tensor operation outside of the `hl.tile` or `hl.grid` loop will not be fused in the generated kernel.
Use @helion.kernel(ignore_warnings=[helion.exc.TensorOperationInWrapper]) to suppress this warning.
If this is not a tensor operation, please report this as a bug.
While processing:
  File "/home/calebkim/helion-new-heuristics/wt-reduction/examples/layer_norm.py", line 49, in layer_norm_fwd
    if bias is not None:
       ^^^^^^^^^^^^^^^^

[verify] config_spec.compiler_seed_configs (n=0): []
[verify] config_spec.autotuner_heuristics: []
[verify] recomputed compiler_seed_configs (n=0): []
[verify] UNSEEDED OK: no compiler seed in initial population
[verify] EXPECTED_SEED_STR=None
WARNING[TensorOperationInWrapper]: A tensor operation outside of the `hl.tile` or `hl.grid` loop will not be fused in the generated kernel.
Use @helion.kernel(ignore_warnings=[helion.exc.TensorOperationInWrapper]) to suppress this warning.
If this is not a tensor operation, please report this as a bug.
While processing:
  File "/home/calebkim/helion-new-heuristics/wt-reduction/examples/layer_norm.py", line 49, in layer_norm_fwd
    if bias is not None:
       ^^^^^^^^^^^^^^^^

[0s] Starting autotuning process, this may take a while...
[0s] Autotune random seed: 2
[0s] Starting LFBOTreeSearch with initial_population=FROM_BEST_AVAILABLE, copies=2, max_generations=5, similarity_penalty=1.0
[0s] Starting with default config
[0s] Initial population: 1 total
Initial population precompiling 100% ━━━━━━━━━━━━━━━━━━━━━━━━━━━ 1/1 - configs/s
Initial population exploring neighbors 100% ━━━━━━━━━━━━━━━━━━━━ 1/1 - configs/s
[4s] Adaptive compile timeout: 30s (90% percentile=0.3s, bounds=[30.0s, 60s])
[4s] Initial random population of 1, 1 starting points: 
ok=1
min=0.3566
mid=0.3566
max=0.3566
best={'atomic_indexing': [],
 'block_sizes': [1],
 'indexing': ['pointer', 'pointer', 'pointer', 'pointer', 'pointer', 'pointer', 'pointer',
              'pointer', 'pointer', 'pointer', 'pointer', 'pointer'],
 'load_eviction_policies': ['', '', '', '', '', '', '', ''],
 'num_stages': 1,
 'num_warps': 4,
 'pid_type': 'flat',
 'range_flattens': [None],
 'range_multi_buffers': [None],
 'range_num_stages': [0],
 'range_unroll_factors': [0],
 'range_warp_specializes': [],
 'reduction_loops': [4096]}
[4s] All labels are identical, skip training surrogate.
[4s] Generation 1 starting: 7 neighbors, 1 active search path(s)
Generation 1: precompiling 100% ━━━━━━━━━━━━━━━━━━━━━━━━━━━━━━ 8/8 7.9 configs/s
Generation 1: exploring neighbors 100% ━━━━━━━━━━━━━━━━━━━━━━━ 8/8 4.4 configs/s
[8s] Generation 1 complete: 
ok=9
min=0.2465
mid=0.3222
max=0.3566
best={'atomic_indexing': [],
 'block_sizes': [1],
 'indexing': ['pointer', 'pointer', 'pointer', 'pointer', 'tensor_descriptor', 'pointer', 'pointer',
              'pointer', 'pointer', 'pointer', 'pointer', 'pointer'],
 'load_eviction_policies': ['', '', '', '', '', '', '', ''],
 'num_stages': 1,
 'num_warps': 16,
 'pid_type': 'flat',
 'range_flattens': [None],
 'range_multi_buffers': [None],
 'range_num_stages': [0],
 'range_unroll_factors': [0],
 'range_warp_specializes': [],
 'reduction_loops': [None]}
[8s] Fitting surrogate: 9 points, 9 targets
[8s] Generation 2 starting: 6 neighbors, 1 active search path(s)
Generation 2: precompiling 100% ━━━━━━━━━━━━━━━━━━━━━━━━━━━━ 6/6 127.8 configs/s
Generation 2: exploring neighbors 100% ━━━━━━━━━━━━━━━━━━━━━━━ 6/6 7.3 configs/s
[9s] Generation 2 complete: 
ok=7
min=0.2459
mid=0.2488
max=0.4650
best={'atomic_indexing': [],
 'block_sizes': [2],
 'indexing': ['pointer', 'pointer', 'pointer', 'pointer', 'tensor_descriptor', 'pointer', 'pointer',
              'pointer', 'pointer', 'pointer', 'pointer', 'pointer'],
 'load_eviction_policies': ['', '', '', '', '', '', '', ''],
 'num_stages': 1,
 'num_warps': 32,
 'pid_type': 'flat',
 'range_flattens': [None],
 'range_multi_buffers': [None],
 'range_num_stages': [0],
 'range_unroll_factors': [0],
 'range_warp_specializes': [],
 'reduction_loops': [None]}
[9s] Fitting surrogate: 15 points, 15 targets
[10s] Generation 3 starting: 12 neighbors, 1 active search path(s)
Generation 3: precompiling 100% ━━━━━━━━━━━━━━━━━━━━━━━━━━━ 12/12 32.6 configs/s
Generation 3: exploring neighbors 100% ━━━━━━━━━━━━━━━━━━━━ 12/12 11.8 configs/s
[12s] Generation 3 complete: 
ok=13
min=0.2450
mid=0.2460
max=0.2464
best={'atomic_indexing': [],
 'block_sizes': [2],
 'indexing': ['pointer', 'pointer', 'pointer', 'pointer', 'tensor_descriptor', 'tensor_descriptor',
              'pointer', 'pointer', 'pointer', 'pointer', 'pointer', 'pointer'],
 'load_eviction_policies': ['', '', '', '', 'last', '', '', ''],
 'num_stages': 1,
 'num_warps': 16,
 'pid_type': 'flat',
 'range_flattens': [None],
 'range_multi_buffers': [None],
 'range_num_stages': [0],
 'range_unroll_factors': [0],
 'range_warp_specializes': [],
 'reduction_loops': [None]}
[12s] Fitting surrogate: 27 points, 27 targets
[12s] Generation 4 starting: 17 neighbors, 1 active search path(s)
Generation 4: precompiling 100% ━━━━━━━━━━━━━━━━━━━━━━━━━━━ 18/18 11.3 configs/s
Generation 4: exploring neighbors 100% ━━━━━━━━━━━━━━━━━━━━━ 18/18 3.1 configs/s
[20s] Generation 4 complete: 
ok=19
min=0.2449
mid=0.3781
max=1.6829
best={'atomic_indexing': [],
 'block_sizes': [2],
 'indexing': ['pointer', 'pointer', 'pointer', 'pointer', 'tensor_descriptor', 'tensor_descriptor',
              'pointer', 'pointer', 'pointer', 'pointer', 'pointer', 'pointer'],
 'load_eviction_policies': ['', '', '', '', 'first', '', '', ''],
 'num_stages': 1,
 'num_warps': 8,
 'pid_type': 'flat',
 'range_flattens': [None],
 'range_multi_buffers': [None],
 'range_num_stages': [0],
 'range_unroll_factors': [0],
 'range_warp_specializes': [],
 'reduction_loops': [None]}
[20s] Fitting surrogate: 45 points, 45 targets
[21s] Generation 5 starting: 18 neighbors, 1 active search path(s)
Generation 5: precompiling 100% ━━━━━━━━━━━━━━━━━━━━━━━━━━━━ 18/18 2.6 configs/s
Generation 5: exploring neighbors 100% ━━━━━━━━━━━━━━━━━━━━━ 18/18 3.9 configs/s
[27s] Generation 5 complete: 
ok=19
min=0.2449
mid=0.2461
max=1.4179
best={'atomic_indexing': [],
 'block_sizes': [2],
 'indexing': ['pointer', 'pointer', 'pointer', 'pointer', 'tensor_descriptor', 'tensor_descriptor',
              'pointer', 'pointer', 'pointer', 'pointer', 'pointer', 'pointer'],
 'load_eviction_policies': ['', '', '', '', 'first', '', '', ''],
 'num_stages': 1,
 'num_warps': 8,
 'pid_type': 'flat',
 'range_flattens': [None],
 'range_multi_buffers': [None],
 'range_num_stages': [0],
 'range_unroll_factors': [0],
 'range_warp_specializes': [],
 'reduction_loops': [None]}
[28s] Autotuning complete in 28.7s after searching 63 configs.
One can hardcode the best config and skip autotuning with:
    @helion.kernel(config=helion.Config(atomic_indexing=[], block_sizes=[2], indexing=['pointer', 'pointer', 'pointer', 'pointer', 'tensor_descriptor', 'tensor_descriptor', 'pointer', 'pointer', 'pointer', 'pointer', 'pointer', 'pointer'], load_eviction_policies=['', '', '', '', 'first', '', '', ''], num_stages=1, num_warps=8, pid_type='flat', range_flattens=[None], range_multi_buffers=[None], range_num_stages=[0], range_unroll_factors=[0], range_warp_specializes=[], reduction_loops=[None]), static_shapes=True)

[28s] Code of selected kernel: /tmp/productB_full_cache_2/layer_norm_4096_15872_unseeded_s2/inductor/qn/cqnubx7uk5ar5tlsrmrn2rj5ybtg7usdfri7wdrazxrqljfy7xxk.py
[driver] DONE best_config={'block_sizes': [2], 'reduction_loops': [None], 'range_unroll_factors': [0], 'range_warp_specializes': [], 'range_num_stages': [0], 'range_multi_buffers': [None], 'range_flattens': [None], 'load_eviction_policies': ['', '', '', '', 'first', '', '', ''], 'num_warps': 8, 'num_stages': 1, 'indexing': ['pointer', 'pointer', 'pointer', 'pointer', 'tensor_descriptor', 'tensor_descriptor', 'pointer', 'pointer', 'pointer', 'pointer', 'pointer', 'pointer'], 'atomic_indexing': [], 'pid_type': 'flat'}
