[driver] GPU=2 helion=/home/calebkim/helion-new-heuristics/wt-reduction/helion/__init__.py
[driver] kernel=long_sum shape=(256, 131072) mode=seeded rand_seed=1
[driver] disable_heuristics_env=None force='1' effort='quick' max_gen=None rand_seed_env='1' log='/home/calebkim/helion-new-heuristics/wt-reduction/logs/productB_full/long_sum_256_131072_seeded_s1'
[verify] config_spec.compiler_seed_configs (n=1): [{'block_sizes': [1], 'reduction_loops': [None], 'num_warps': 32, 'num_stages': 1}]
[verify] config_spec.autotuner_heuristics: ['triton_reduction_tile']
[verify] recomputed compiler_seed_configs (n=1): [{'block_sizes': [1], 'reduction_loops': [None], 'num_warps': 32, 'num_stages': 1}]
[verify] SEEDED OK: seed config = {'block_sizes': [1], 'reduction_loops': [None], 'num_warps': 32, 'num_stages': 1}
[verify] SEED-FLAT-ENCODE: track=T1 lever=reduction_loops raw=[None] num_warps=32 -> flat-normalized reduction_loops=[None] num_warps=32  PRESERVED
[verify] EXPECTED_SEED_STR=Config(block_sizes=[1], num_stages=1, num_warps=32, reduction_loops=[None])
[0s] Starting autotuning process, this may take a while...
[0s] Autotune random seed: 1
[0s] Starting LFBOTreeSearch with initial_population=FROM_BEST_AVAILABLE, copies=2, max_generations=5, similarity_penalty=1.0
[0s] Starting with default config
[0s] Initial population: 2 total
Initial population precompiling 100% ━━━━━━━━━━━━━━━━━━━━━━━━━━━ 2/2 - configs/s
Initial population exploring neighbors 100% ━━━━━━━━━━━━━━━━━ 2/2 38.4 configs/s
[4s] Adaptive compile timeout: 30s (90% percentile=0.1s, bounds=[30.0s, 60s])
[4s] Initial random population of 2, 2 starting points: 
ok=2
min=0.0764
mid=0.0849
max=0.0849
best={'atomic_indexing': [],
 'block_sizes': [1],
 'indexing': ['pointer', 'pointer', 'pointer'],
 'load_eviction_policies': ['', ''],
 'num_stages': 1,
 'num_warps': 32,
 'pid_type': 'flat',
 'range_flattens': [None],
 'range_multi_buffers': [None],
 'range_num_stages': [0],
 'range_unroll_factors': [0],
 'range_warp_specializes': [],
 'reduction_loops': [None]}
[4s] Fitting surrogate: 2 points, 2 targets
[5s] Generation 1 starting: 13 neighbors, 2 active search path(s)
Generation 1: precompiling 100% ━━━━━━━━━━━━━━━━━━━━━━━━━━━━ 13/13 0.6 configs/s
Generation 1: exploring neighbors 100% ━━━━━━━━━━━━━━━━━━━━━ 13/13 1.2 configs/s
[23s] Generation 1 complete: 
ok=15
min=0.0761
mid=0.0788
max=0.3213
best={'atomic_indexing': [],
 'block_sizes': [1],
 'indexing': ['pointer', 'pointer', 'pointer'],
 'load_eviction_policies': ['', ''],
 'num_stages': 1,
 'num_warps': 16,
 'pid_type': 'flat',
 'range_flattens': [None],
 'range_multi_buffers': [None],
 'range_num_stages': [0],
 'range_unroll_factors': [0],
 'range_warp_specializes': [],
 'reduction_loops': [8192]}
[23s] Fitting surrogate: 15 points, 15 targets
[24s] Generation 2 starting: 9 neighbors, 2 active search path(s)
Generation 2: precompiling 100% ━━━━━━━━━━━━━━━━━━━━━━━━━━━ 10/10 21.2 configs/s
Generation 2: exploring neighbors 100% ━━━━━━━━━━━━━━━━━━━━━ 10/10 8.0 configs/s
[25s] Generation 2 complete: 
ok=11
min=0.0761
mid=0.0775
max=0.0880
best={'atomic_indexing': [],
 'block_sizes': [1],
 'indexing': ['pointer', 'pointer', 'pointer'],
 'load_eviction_policies': ['', ''],
 'num_stages': 1,
 'num_warps': 16,
 'pid_type': 'flat',
 'range_flattens': [None],
 'range_multi_buffers': [None],
 'range_num_stages': [0],
 'range_unroll_factors': [0],
 'range_warp_specializes': [],
 'reduction_loops': [8192]}
[25s] Fitting surrogate: 25 points, 25 targets
[26s] Generation 3 starting: 20 neighbors, 2 active search path(s)
Generation 3: precompiling 100% ━━━━━━━━━━━━━━━━━━━━━━━━━━━━ 21/21 6.4 configs/s
Generation 3: exploring neighbors 100% ━━━━━━━━━━━━━━━━━━━━━ 21/21 4.0 configs/s
[33s] Generation 3 complete: 
ok=22
min=0.0700
mid=0.0770
max=0.1076
best={'atomic_indexing': [],
 'block_sizes': [1],
 'indexing': ['pointer', 'pointer', 'pointer'],
 'load_eviction_policies': ['first', ''],
 'num_stages': 1,
 'num_warps': 16,
 'pid_type': 'flat',
 'range_flattens': [None],
 'range_multi_buffers': [None],
 'range_num_stages': [0],
 'range_unroll_factors': [0],
 'range_warp_specializes': [],
 'reduction_loops': [8192]}
[33s] Fitting surrogate: 46 points, 46 targets
[34s] Generation 4 starting: 21 neighbors, 2 active search path(s)
Generation 4: precompiling 100% ━━━━━━━━━━━━━━━━━━━━━━━━━━━ 21/21 35.0 configs/s
Generation 4: exploring neighbors 100% ━━━━━━━━━━━━━━━━━━━━━ 21/21 9.5 configs/s
[36s] Generation 4 complete: 
ok=23
min=0.0700
mid=0.0718
max=0.0770
best={'atomic_indexing': [],
 'block_sizes': [1],
 'indexing': ['pointer', 'pointer', 'pointer'],
 'load_eviction_policies': ['first', ''],
 'num_stages': 1,
 'num_warps': 16,
 'pid_type': 'flat',
 'range_flattens': [None],
 'range_multi_buffers': [None],
 'range_num_stages': [0],
 'range_unroll_factors': [0],
 'range_warp_specializes': [],
 'reduction_loops': [8192]}
[36s] Fitting surrogate: 67 points, 67 targets
[37s] Copy 1 finish because of no improvement
[37s] Generation 5 starting: 11 neighbors, 1 active search path(s)
Generation 5: precompiling 100% ━━━━━━━━━━━━━━━━━━━━━━━━━━━ 11/11 52.2 configs/s
Generation 5: exploring neighbors 100% ━━━━━━━━━━━━━━━━━━━━ 11/11 10.8 configs/s
[38s] Generation 5 complete: 
ok=13
min=0.0700
mid=0.0706
max=0.0719
best={'atomic_indexing': [],
 'block_sizes': [1],
 'indexing': ['pointer', 'pointer', 'pointer'],
 'load_eviction_policies': ['first', ''],
 'num_stages': 1,
 'num_warps': 16,
 'pid_type': 'flat',
 'range_flattens': [None],
 'range_multi_buffers': [None],
 'range_num_stages': [0],
 'range_unroll_factors': [0],
 'range_warp_specializes': [],
 'reduction_loops': [8192]}
[39s] Autotuning complete in 39.8s after searching 78 configs.
One can hardcode the best config and skip autotuning with:
    @helion.kernel(config=helion.Config(atomic_indexing=[], block_sizes=[1], indexing=['pointer', 'pointer', 'pointer'], load_eviction_policies=['first', ''], num_stages=1, num_warps=16, pid_type='flat', range_flattens=[None], range_multi_buffers=[None], range_num_stages=[0], range_unroll_factors=[0], range_warp_specializes=[], reduction_loops=[8192]), static_shapes=True)

[39s] Code of selected kernel: /tmp/productB_full_cache_2/long_sum_256_131072_seeded_s1/inductor/jo/cjo3ppci3jkku2l2ssc7pzv4lx3fph6aw4lgqg22hymhqsmjytiu.py
[driver] DONE best_config={'block_sizes': [1], 'reduction_loops': [8192], 'range_unroll_factors': [0], 'range_warp_specializes': [], 'range_num_stages': [0], 'range_multi_buffers': [None], 'range_flattens': [None], 'load_eviction_policies': ['first', ''], 'num_warps': 16, 'num_stages': 1, 'indexing': ['pointer', 'pointer', 'pointer'], 'atomic_indexing': [], 'pid_type': 'flat'}
