[driver] GPU=2 helion=/home/calebkim/helion-new-heuristics/wt-reduction/helion/__init__.py
[driver] kernel=long_sum shape=(256, 131072) mode=unseeded rand_seed=0
[driver] disable_heuristics_env='1' force='1' effort='quick' max_gen=None rand_seed_env='0' log='/home/calebkim/helion-new-heuristics/wt-reduction/logs/productB_full/long_sum_256_131072_unseeded_s0'
[verify] config_spec.compiler_seed_configs (n=0): []
[verify] config_spec.autotuner_heuristics: []
[verify] recomputed compiler_seed_configs (n=0): []
[verify] UNSEEDED OK: no compiler seed in initial population
[verify] EXPECTED_SEED_STR=None
[0s] Starting autotuning process, this may take a while...
[0s] Autotune random seed: 0
[0s] Starting LFBOTreeSearch with initial_population=FROM_BEST_AVAILABLE, copies=2, max_generations=5, similarity_penalty=1.0
[0s] Starting with default config
[0s] Initial population: 1 total
Initial population precompiling 100% ━━━━━━━━━━━━━━━━━━━━━━━━━━━ 1/1 - configs/s
Initial population exploring neighbors 100% ━━━━━━━━━━━━━━━━━━━━ 1/1 - configs/s
[4s] Adaptive compile timeout: 30s (90% percentile=0.1s, bounds=[30.0s, 60s])
[4s] Initial random population of 1, 1 starting points: 
ok=1
min=0.0850
mid=0.0850
max=0.0850
best={'atomic_indexing': [],
 'block_sizes': [1],
 'indexing': ['pointer', 'pointer', 'pointer'],
 'load_eviction_policies': ['', ''],
 'num_stages': 1,
 'num_warps': 4,
 'pid_type': 'flat',
 'range_flattens': [None],
 'range_multi_buffers': [None],
 'range_num_stages': [0],
 'range_unroll_factors': [0],
 'range_warp_specializes': [],
 'reduction_loops': [4096]}
[4s] All labels are identical, skip training surrogate.
[4s] Generation 1 starting: 8 neighbors, 1 active search path(s)
Generation 1: precompiling 100% ━━━━━━━━━━━━━━━━━━━━━━━━━━━━━━ 9/9 0.8 configs/s
Generation 1: exploring neighbors 100% ━━━━━━━━━━━━━━━━━━━━━━━ 9/9 0.4 configs/s
[30s] Generation 1 complete: 
ok=10
min=0.0761
mid=0.1149
max=0.8069
best={'atomic_indexing': [],
 'block_sizes': [1],
 'indexing': ['pointer', 'pointer', 'pointer'],
 'load_eviction_policies': ['last', ''],
 'num_stages': 1,
 'num_warps': 16,
 'pid_type': 'flat',
 'range_flattens': [None],
 'range_multi_buffers': [None],
 'range_num_stages': [0],
 'range_unroll_factors': [0],
 'range_warp_specializes': [],
 'reduction_loops': [8192]}
[30s] Fitting surrogate: 10 points, 10 targets
[30s] Generation 2 starting: 6 neighbors, 1 active search path(s)
Generation 2: precompiling 100% ━━━━━━━━━━━━━━━━━━━━━━━━━━━━━ 6/6 45.7 configs/s
Generation 2: exploring neighbors 100% ━━━━━━━━━━━━━━━━━━━━━━━ 6/6 7.4 configs/s
[32s] Generation 2 complete: 
ok=7
min=0.0761
mid=0.0766
max=0.1021
best={'atomic_indexing': [],
 'block_sizes': [1],
 'indexing': ['pointer', 'pointer', 'pointer'],
 'load_eviction_policies': ['last', ''],
 'num_stages': 1,
 'num_warps': 16,
 'pid_type': 'flat',
 'range_flattens': [None],
 'range_multi_buffers': [None],
 'range_num_stages': [0],
 'range_unroll_factors': [0],
 'range_warp_specializes': [],
 'reduction_loops': [8192]}
[32s] Fitting surrogate: 16 points, 16 targets
[32s] Generation 3 starting: 8 neighbors, 1 active search path(s)
Generation 3: precompiling 100% ━━━━━━━━━━━━━━━━━━━━━━━━━━━━━━ 8/8 2.6 configs/s
Generation 3: exploring neighbors 100% ━━━━━━━━━━━━━━━━━━━━━━━ 8/8 3.4 configs/s
[36s] Generation 3 complete: 
ok=9
min=0.0761
mid=0.0766
max=0.1172
best={'atomic_indexing': [],
 'block_sizes': [1],
 'indexing': ['pointer', 'pointer', 'pointer'],
 'load_eviction_policies': ['last', ''],
 'num_stages': 1,
 'num_warps': 16,
 'pid_type': 'flat',
 'range_flattens': [None],
 'range_multi_buffers': [None],
 'range_num_stages': [0],
 'range_unroll_factors': [0],
 'range_warp_specializes': [],
 'reduction_loops': [8192]}
[36s] Fitting surrogate: 24 points, 24 targets
[36s] Copy 0 finish because of no improvement
[36s] Autotuning stop at generation 4 because of no active search path
[37s] Autotuning complete in 37.2s after searching 24 configs.
One can hardcode the best config and skip autotuning with:
    @helion.kernel(config=helion.Config(atomic_indexing=[], block_sizes=[1], indexing=['pointer', 'pointer', 'pointer'], load_eviction_policies=['last', ''], num_stages=1, num_warps=16, pid_type='flat', range_flattens=[None], range_multi_buffers=[None], range_num_stages=[0], range_unroll_factors=[0], range_warp_specializes=[], reduction_loops=[8192]), static_shapes=True)

[37s] Code of selected kernel: /tmp/productB_full_cache_2/long_sum_256_131072_unseeded_s0/inductor/qv/cqvjf5sep6kjmxwchboh35c2pg6mxitg3uvyk2sicormbnmamn7k.py
[driver] DONE best_config={'block_sizes': [1], 'reduction_loops': [8192], 'range_unroll_factors': [0], 'range_warp_specializes': [], 'range_num_stages': [0], 'range_multi_buffers': [None], 'range_flattens': [None], 'load_eviction_policies': ['last', ''], 'num_warps': 16, 'num_stages': 1, 'indexing': ['pointer', 'pointer', 'pointer'], 'atomic_indexing': [], 'pid_type': 'flat'}
