[driver] GPU=2 helion=/home/calebkim/helion-new-heuristics/wt-reduction/helion/__init__.py
[driver] kernel=rms_norm shape=(2048, 16384) mode=unseeded rand_seed=0
[driver] disable_heuristics_env='1' force='1' effort='quick' max_gen=None rand_seed_env='0' log='/home/calebkim/helion-new-heuristics/wt-reduction/logs/productB_full/rms_norm_2048_16384_unseeded_s0'
[verify] config_spec.compiler_seed_configs (n=0): []
[verify] config_spec.autotuner_heuristics: []
[verify] recomputed compiler_seed_configs (n=0): []
[verify] UNSEEDED OK: no compiler seed in initial population
[verify] EXPECTED_SEED_STR=None
[0s] Starting autotuning process, this may take a while...
[0s] Autotune random seed: 0
[0s] Starting LFBOTreeSearch with initial_population=FROM_BEST_AVAILABLE, copies=2, max_generations=5, similarity_penalty=1.0
[0s] Starting with default config
[0s] Initial population: 1 total
Initial population precompiling 100% ━━━━━━━━━━━━━━━━━━━━━━━━━━━ 1/1 - configs/s
Initial population exploring neighbors 100% ━━━━━━━━━━━━━━━━━━━━ 1/1 - configs/s
[4s] Adaptive compile timeout: 30s (90% percentile=0.2s, bounds=[30.0s, 60s])
[4s] Initial random population of 1, 1 starting points: 
ok=1
min=0.1829
mid=0.1829
max=0.1829
best={'atomic_indexing': [],
 'block_sizes': [1],
 'indexing': ['pointer', 'pointer', 'pointer', 'pointer', 'pointer', 'pointer', 'pointer',
              'pointer'],
 'load_eviction_policies': ['', '', '', '', ''],
 'num_stages': 1,
 'num_warps': 4,
 'pid_type': 'flat',
 'range_flattens': [None],
 'range_multi_buffers': [None],
 'range_num_stages': [0],
 'range_unroll_factors': [0],
 'range_warp_specializes': [],
 'reduction_loops': [4096]}
[4s] All labels are identical, skip training surrogate.
[4s] Generation 1 starting: 8 neighbors, 1 active search path(s)
Generation 1: precompiling 100% ━━━━━━━━━━━━━━━━━━━━━━━━━━━━━━ 9/9 0.9 configs/s
Generation 1: exploring neighbors 100% ━━━━━━━━━━━━━━━━━━━━━━━ 9/9 0.6 configs/s
[28s] Generation 1 complete: 
ok=10
min=0.1478
mid=0.2115
max=1.1726
best={'atomic_indexing': [],
 'block_sizes': [1],
 'indexing': ['pointer', 'pointer', 'pointer', 'pointer', 'pointer', 'pointer', 'pointer',
              'pointer'],
 'load_eviction_policies': ['', '', '', '', ''],
 'num_sm_multiplier': 1,
 'num_stages': 1,
 'num_warps': 8,
 'pid_type': 'persistent_interleaved',
 'range_flattens': [None],
 'range_multi_buffers': [None],
 'range_num_stages': [0],
 'range_unroll_factors': [0],
 'range_warp_specializes': [],
 'reduction_loops': [8192]}
[28s] Fitting surrogate: 10 points, 10 targets
[29s] Generation 2 starting: 13 neighbors, 1 active search path(s)
Generation 2: precompiling 100% ━━━━━━━━━━━━━━━━━━━━━━━━━━━ 13/13 57.5 configs/s
Generation 2: exploring neighbors 100% ━━━━━━━━━━━━━━━━━━━━━ 13/13 6.5 configs/s
[32s] Generation 2 complete: 
ok=14
min=0.1328
mid=0.1342
max=0.1490
best={'atomic_indexing': [],
 'block_sizes': [1],
 'indexing': ['pointer', 'pointer', 'pointer', 'pointer', 'pointer', 'pointer', 'pointer',
              'pointer'],
 'load_eviction_policies': ['', '', '', '', ''],
 'num_sm_multiplier': 1,
 'num_stages': 1,
 'num_warps': 4,
 'pid_type': 'persistent_interleaved',
 'range_flattens': [None],
 'range_multi_buffers': [None],
 'range_num_stages': [0],
 'range_unroll_factors': [0],
 'range_warp_specializes': [],
 'reduction_loops': [None]}
[32s] Fitting surrogate: 23 points, 23 targets
[32s] Generation 3 starting: 13 neighbors, 1 active search path(s)
Generation 3: precompiling 100% ━━━━━━━━━━━━━━━━━━━━━━━━━━━ 13/13 15.5 configs/s
Generation 3: exploring neighbors 100% ━━━━━━━━━━━━━━━━━━━━━ 13/13 3.7 configs/s
[36s] Generation 3 complete: 
ok=14
min=0.1291
mid=0.1347
max=0.8956
best={'atomic_indexing': [],
 'block_sizes': [1],
 'indexing': ['pointer', 'pointer', 'pointer', 'pointer', 'pointer', 'pointer', 'pointer',
              'tensor_descriptor'],
 'load_eviction_policies': ['', '', '', '', 'last'],
 'num_stages': 1,
 'num_warps': 16,
 'pid_type': 'flat',
 'range_flattens': [None],
 'range_multi_buffers': [None],
 'range_num_stages': [0],
 'range_unroll_factors': [0],
 'range_warp_specializes': [],
 'reduction_loops': [None]}
[36s] Fitting surrogate: 36 points, 36 targets
[37s] Generation 4 starting: 11 neighbors, 1 active search path(s)
Generation 4: precompiling 100% ━━━━━━━━━━━━━━━━━━━━━━━━━━━━ 12/12 7.7 configs/s
Generation 4: exploring neighbors 100% ━━━━━━━━━━━━━━━━━━━━━ 12/12 4.2 configs/s
[41s] Generation 4 complete: 
ok=13
min=0.1282
mid=0.1326
max=0.7232
best={'atomic_indexing': [],
 'block_sizes': [1],
 'indexing': ['pointer', 'pointer', 'pointer', 'pointer', 'pointer', 'pointer', 'pointer',
              'tensor_descriptor'],
 'load_eviction_policies': ['', 'last', '', '', 'last'],
 'num_stages': 1,
 'num_warps': 4,
 'pid_type': 'flat',
 'range_flattens': [None],
 'range_multi_buffers': [None],
 'range_num_stages': [0],
 'range_unroll_factors': [0],
 'range_warp_specializes': [],
 'reduction_loops': [None]}
[41s] Fitting surrogate: 48 points, 48 targets
[41s] Generation 5 starting: 16 neighbors, 1 active search path(s)
Generation 5: precompiling 100% ━━━━━━━━━━━━━━━━━━━━━━━━━━━━ 17/17 3.6 configs/s
Generation 5: exploring neighbors 100% ━━━━━━━━━━━━━━━━━━━━━ 17/17 3.1 configs/s
[49s] Generation 5 complete: 
ok=18
min=0.1282
mid=0.1402
max=0.5176
best={'atomic_indexing': [],
 'block_sizes': [1],
 'indexing': ['pointer', 'pointer', 'pointer', 'pointer', 'pointer', 'pointer', 'pointer',
              'tensor_descriptor'],
 'load_eviction_policies': ['', 'last', '', '', 'last'],
 'num_stages': 1,
 'num_warps': 4,
 'pid_type': 'flat',
 'range_flattens': [None],
 'range_multi_buffers': [None],
 'range_num_stages': [0],
 'range_unroll_factors': [0],
 'range_warp_specializes': [],
 'reduction_loops': [None]}
[50s] Autotuning complete in 50.8s after searching 65 configs.
One can hardcode the best config and skip autotuning with:
    @helion.kernel(config=helion.Config(atomic_indexing=[], block_sizes=[1], indexing=['pointer', 'pointer', 'pointer', 'pointer', 'pointer', 'pointer', 'pointer', 'tensor_descriptor'], load_eviction_policies=['', 'last', '', '', 'last'], num_stages=1, num_warps=4, pid_type='flat', range_flattens=[None], range_multi_buffers=[None], range_num_stages=[0], range_unroll_factors=[0], range_warp_specializes=[], reduction_loops=[None]), static_shapes=True)

[50s] Code of selected kernel: /tmp/productB_full_cache_2/rms_norm_2048_16384_unseeded_s0/inductor/nj/cnjt5wutfslzpgkwzbumpeznvsboecjdjtegl3b5cazzykdjueoe.py
[driver] DONE best_config={'block_sizes': [1], 'reduction_loops': [None], 'range_unroll_factors': [0], 'range_warp_specializes': [], 'range_num_stages': [0], 'range_multi_buffers': [None], 'range_flattens': [None], 'load_eviction_policies': ['', 'last', '', '', 'last'], 'num_warps': 4, 'num_stages': 1, 'indexing': ['pointer', 'pointer', 'pointer', 'pointer', 'pointer', 'pointer', 'pointer', 'tensor_descriptor'], 'atomic_indexing': [], 'pid_type': 'flat'}
