[driver] GPU=2 helion=/home/calebkim/helion-new-heuristics/wt-reduction/helion/__init__.py
[driver] kernel=rms_norm shape=(2048, 16384) mode=seeded rand_seed=0
[driver] disable_heuristics_env=None force='1' effort='quick' max_gen=None rand_seed_env='0' log='/home/calebkim/helion-new-heuristics/wt-reduction/logs/productB_full/rms_norm_2048_16384_seeded_s0'
[verify] config_spec.compiler_seed_configs (n=1): [{'block_sizes': [1], 'reduction_loops': [None], 'num_warps': 16, 'num_stages': 1}]
[verify] config_spec.autotuner_heuristics: ['triton_reduction_tile']
[verify] recomputed compiler_seed_configs (n=1): [{'block_sizes': [1], 'reduction_loops': [None], 'num_warps': 16, 'num_stages': 1}]
[verify] SEEDED OK: seed config = {'block_sizes': [1], 'reduction_loops': [None], 'num_warps': 16, 'num_stages': 1}
[verify] SEED-FLAT-ENCODE: track=T1 lever=reduction_loops raw=[None] num_warps=16 -> flat-normalized reduction_loops=[None] num_warps=16  PRESERVED
[verify] EXPECTED_SEED_STR=Config(block_sizes=[1], num_stages=1, num_warps=16, reduction_loops=[None])
[0s] Starting autotuning process, this may take a while...
[0s] Autotune random seed: 0
[0s] Starting LFBOTreeSearch with initial_population=FROM_BEST_AVAILABLE, copies=2, max_generations=5, similarity_penalty=1.0
[0s] Starting with default config
[0s] Initial population: 2 total
Initial population precompiling 100% ━━━━━━━━━━━━━━━━━━━━━━━━━━━ 2/2 - configs/s
Initial population exploring neighbors 100% ━━━━━━━━━━━━━━━━━ 2/2 18.7 configs/s
[4s] Adaptive compile timeout: 30s (90% percentile=0.2s, bounds=[30.0s, 60s])
[4s] Initial random population of 2, 2 starting points: 
ok=2
min=0.1298
mid=0.1828
max=0.1828
best={'atomic_indexing': [],
 'block_sizes': [1],
 'indexing': ['pointer', 'pointer', 'pointer', 'pointer', 'pointer', 'pointer', 'pointer',
              'pointer'],
 'load_eviction_policies': ['', '', '', '', ''],
 'num_stages': 1,
 'num_warps': 16,
 'pid_type': 'flat',
 'range_flattens': [None],
 'range_multi_buffers': [None],
 'range_num_stages': [0],
 'range_unroll_factors': [0],
 'range_warp_specializes': [],
 'reduction_loops': [None]}
[4s] Fitting surrogate: 2 points, 2 targets
[5s] Generation 1 starting: 14 neighbors, 2 active search path(s)
Generation 1: precompiling 100% ━━━━━━━━━━━━━━━━━━━━━━━━━━━ 14/14 19.7 configs/s
Generation 1: exploring neighbors 100% ━━━━━━━━━━━━━━━━━━━━━ 14/14 6.3 configs/s
[8s] Generation 1 complete: 
ok=16
min=0.1287
mid=0.1339
max=0.1980
best={'atomic_indexing': [],
 'block_sizes': [2],
 'indexing': ['pointer', 'pointer', 'pointer', 'pointer', 'pointer', 'pointer', 'pointer',
              'pointer'],
 'load_eviction_policies': ['', '', '', '', ''],
 'num_stages': 1,
 'num_warps': 32,
 'pid_type': 'flat',
 'range_flattens': [None],
 'range_multi_buffers': [None],
 'range_num_stages': [0],
 'range_unroll_factors': [0],
 'range_warp_specializes': [],
 'reduction_loops': [None]}
[8s] Fitting surrogate: 16 points, 16 targets
[8s] Generation 2 starting: 8 neighbors, 2 active search path(s)
Generation 2: precompiling 100% ━━━━━━━━━━━━━━━━━━━━━━━━━━━━━━ 8/8 4.0 configs/s
Generation 2: exploring neighbors 100% ━━━━━━━━━━━━━━━━━━━━━━━ 8/8 2.3 configs/s
[14s] Generation 2 complete: 
ok=10
min=0.1287
mid=0.1633
max=0.6541
best={'atomic_indexing': [],
 'block_sizes': [2],
 'indexing': ['pointer', 'pointer', 'pointer', 'pointer', 'pointer', 'pointer', 'pointer',
              'pointer'],
 'load_eviction_policies': ['', '', '', '', ''],
 'num_stages': 1,
 'num_warps': 32,
 'pid_type': 'flat',
 'range_flattens': [None],
 'range_multi_buffers': [None],
 'range_num_stages': [0],
 'range_unroll_factors': [0],
 'range_warp_specializes': [],
 'reduction_loops': [None]}
[14s] Fitting surrogate: 24 points, 24 targets
[15s] Generation 3 starting: 21 neighbors, 2 active search path(s)
Generation 3: precompiling 100% ━━━━━━━━━━━━━━━━━━━━━━━━━━━ 21/21 14.6 configs/s
Generation 3: exploring neighbors 100% ━━━━━━━━━━━━━━━━━━━━━ 21/21 9.4 configs/s
[18s] Generation 3 complete: 
ok=23
min=0.1287
mid=0.1300
max=0.1859
best={'atomic_indexing': [],
 'block_sizes': [2],
 'indexing': ['pointer', 'pointer', 'pointer', 'pointer', 'pointer', 'pointer', 'pointer',
              'pointer'],
 'load_eviction_policies': ['', '', '', '', ''],
 'num_stages': 1,
 'num_warps': 32,
 'pid_type': 'flat',
 'range_flattens': [None],
 'range_multi_buffers': [None],
 'range_num_stages': [0],
 'range_unroll_factors': [0],
 'range_warp_specializes': [],
 'reduction_loops': [None]}
[18s] Fitting surrogate: 45 points, 45 targets
[18s] Copy 0 finish because of no improvement
[18s] Copy 1 finish because of no improvement
[18s] Autotuning stop at generation 4 because of no active search path
[19s] Autotuning complete in 19.8s after searching 45 configs.
One can hardcode the best config and skip autotuning with:
    @helion.kernel(config=helion.Config(atomic_indexing=[], block_sizes=[2], indexing=['pointer', 'pointer', 'pointer', 'pointer', 'pointer', 'pointer', 'pointer', 'pointer'], load_eviction_policies=['', '', '', '', ''], num_stages=1, num_warps=32, pid_type='flat', range_flattens=[None], range_multi_buffers=[None], range_num_stages=[0], range_unroll_factors=[0], range_warp_specializes=[], reduction_loops=[None]), static_shapes=True)

[19s] Code of selected kernel: /tmp/productB_full_cache_2/rms_norm_2048_16384_seeded_s0/inductor/js/cjswtqxd7mhm5dpynprlvwnyll7c324rboxzqsxrvnkitucl4qbu.py
[driver] DONE best_config={'block_sizes': [2], 'reduction_loops': [None], 'range_unroll_factors': [0], 'range_warp_specializes': [], 'range_num_stages': [0], 'range_multi_buffers': [None], 'range_flattens': [None], 'load_eviction_policies': ['', '', '', '', ''], 'num_warps': 32, 'num_stages': 1, 'indexing': ['pointer', 'pointer', 'pointer', 'pointer', 'pointer', 'pointer', 'pointer', 'pointer'], 'atomic_indexing': [], 'pid_type': 'flat'}
