[driver] GPU=2 helion=/home/calebkim/helion-new-heuristics/wt-reduction/helion/__init__.py
[driver] kernel=rms_norm shape=(8192, 8192) mode=unseeded rand_seed=1
[driver] disable_heuristics_env='1' force='1' effort='quick' max_gen=None rand_seed_env='1' log='/home/calebkim/helion-new-heuristics/wt-reduction/logs/productB_full/rms_norm_8192_8192_unseeded_s1'
[verify] config_spec.compiler_seed_configs (n=0): []
[verify] config_spec.autotuner_heuristics: []
[verify] recomputed compiler_seed_configs (n=0): []
[verify] UNSEEDED OK: no compiler seed in initial population
[verify] EXPECTED_SEED_STR=None
[0s] Starting autotuning process, this may take a while...
[0s] Autotune random seed: 1
[0s] Starting LFBOTreeSearch with initial_population=FROM_BEST_AVAILABLE, copies=2, max_generations=5, similarity_penalty=1.0
[0s] Starting with default config
[0s] Initial population: 1 total
Initial population precompiling 100% ━━━━━━━━━━━━━━━━━━━━━━━━━━━ 1/1 - configs/s
Initial population exploring neighbors 100% ━━━━━━━━━━━━━━━━━━━━ 1/1 - configs/s
[4s] Adaptive compile timeout: 30s (90% percentile=0.2s, bounds=[30.0s, 60s])
[4s] Initial random population of 1, 1 starting points: 
ok=1
min=0.3355
mid=0.3355
max=0.3355
best={'atomic_indexing': [],
 'block_sizes': [1],
 'indexing': ['pointer', 'pointer', 'pointer', 'pointer', 'pointer', 'pointer', 'pointer',
              'pointer'],
 'load_eviction_policies': ['', '', '', '', ''],
 'num_stages': 1,
 'num_warps': 4,
 'pid_type': 'flat',
 'range_flattens': [None],
 'range_multi_buffers': [None],
 'range_num_stages': [0],
 'range_unroll_factors': [0],
 'range_warp_specializes': [],
 'reduction_loops': [4096]}
[4s] All labels are identical, skip training surrogate.
[4s] Generation 1 starting: 8 neighbors, 1 active search path(s)
Generation 1: precompiling 100% ━━━━━━━━━━━━━━━━━━━━━━━━━━━━━━ 9/9 6.7 configs/s
Generation 1: exploring neighbors 100% ━━━━━━━━━━━━━━━━━━━━━━━ 9/9 4.1 configs/s
[8s] Generation 1 complete: 
ok=10
min=0.2621
mid=0.3365
max=1.2952
best={'atomic_indexing': [],
 'block_sizes': [2],
 'indexing': ['pointer', 'pointer', 'pointer', 'pointer', 'tensor_descriptor', 'pointer', 'pointer',
              'pointer'],
 'load_eviction_policies': ['', '', '', '', ''],
 'num_stages': 1,
 'num_warps': 16,
 'pid_type': 'flat',
 'range_flattens': [None],
 'range_multi_buffers': [None],
 'range_num_stages': [0],
 'range_unroll_factors': [0],
 'range_warp_specializes': [],
 'reduction_loops': [4096]}
[8s] Fitting surrogate: 10 points, 10 targets
[8s] Generation 2 starting: 8 neighbors, 1 active search path(s)
Generation 2: precompiling 100% ━━━━━━━━━━━━━━━━━━━━━━━━━━━━━ 8/8 59.1 configs/s
Generation 2: exploring neighbors 100% ━━━━━━━━━━━━━━━━━━━━━━━ 8/8 7.8 configs/s
[9s] Generation 2 complete: 
ok=9
min=0.2516
mid=0.2586
max=0.3467
best={'atomic_indexing': [],
 'block_sizes': [2],
 'indexing': ['pointer', 'pointer', 'pointer', 'pointer', 'tensor_descriptor', 'pointer', 'pointer',
              'pointer'],
 'load_eviction_policies': ['', '', '', '', ''],
 'num_stages': 1,
 'num_warps': 32,
 'pid_type': 'flat',
 'range_flattens': [None],
 'range_multi_buffers': [None],
 'range_num_stages': [0],
 'range_unroll_factors': [0],
 'range_warp_specializes': [],
 'reduction_loops': [None]}
[9s] Fitting surrogate: 18 points, 18 targets
[10s] Generation 3 starting: 9 neighbors, 1 active search path(s)
Generation 3: precompiling 100% ━━━━━━━━━━━━━━━━━━━━━━━━━━━ 10/10 42.3 configs/s
Generation 3: exploring neighbors 100% ━━━━━━━━━━━━━━━━━━━━━ 10/10 7.5 configs/s
[12s] Generation 3 complete: 
ok=11
min=0.2516
mid=0.2532
max=0.3133
best={'atomic_indexing': [],
 'block_sizes': [2],
 'indexing': ['pointer', 'pointer', 'pointer', 'tensor_descriptor', 'tensor_descriptor', 'pointer',
              'pointer', 'pointer'],
 'load_eviction_policies': ['', '', '', '', 'last'],
 'num_stages': 3,
 'num_warps': 32,
 'pid_type': 'flat',
 'range_flattens': [None],
 'range_multi_buffers': [None],
 'range_num_stages': [0],
 'range_unroll_factors': [0],
 'range_warp_specializes': [],
 'reduction_loops': [None]}
[12s] Fitting surrogate: 28 points, 28 targets
[12s] Generation 4 starting: 13 neighbors, 1 active search path(s)
Generation 4: precompiling 100% ━━━━━━━━━━━━━━━━━━━━━━━━━━━ 13/13 34.2 configs/s
Generation 4: exploring neighbors 100% ━━━━━━━━━━━━━━━━━━━━━ 13/13 7.9 configs/s
[14s] Generation 4 complete: 
ok=14
min=0.2514
mid=0.2524
max=0.3128
best={'atomic_indexing': [],
 'block_sizes': [1],
 'indexing': ['pointer', 'pointer', 'pointer', 'tensor_descriptor', 'tensor_descriptor',
              'tensor_descriptor', 'pointer', 'pointer'],
 'load_eviction_policies': ['', '', '', '', 'last'],
 'num_stages': 3,
 'num_warps': 32,
 'pid_type': 'flat',
 'range_flattens': [None],
 'range_multi_buffers': [None],
 'range_num_stages': [0],
 'range_unroll_factors': [0],
 'range_warp_specializes': [],
 'reduction_loops': [None]}
[14s] Fitting surrogate: 41 points, 41 targets
[14s] Copy 0 finish because of no improvement
[14s] Autotuning stop at generation 5 because of no active search path
[15s] Autotuning complete in 15.9s after searching 41 configs.
One can hardcode the best config and skip autotuning with:
    @helion.kernel(config=helion.Config(atomic_indexing=[], block_sizes=[1], indexing=['pointer', 'pointer', 'pointer', 'tensor_descriptor', 'tensor_descriptor', 'tensor_descriptor', 'pointer', 'pointer'], load_eviction_policies=['', '', '', '', 'last'], num_stages=3, num_warps=32, pid_type='flat', range_flattens=[None], range_multi_buffers=[None], range_num_stages=[0], range_unroll_factors=[0], range_warp_specializes=[], reduction_loops=[None]), static_shapes=True)

[15s] Code of selected kernel: /tmp/productB_full_cache_2/rms_norm_8192_8192_unseeded_s1/inductor/pj/cpjoldovm3j2euvqtmmskf534xea7spnzlhujg6edpeucksphiok.py
[driver] DONE best_config={'block_sizes': [1], 'reduction_loops': [None], 'range_unroll_factors': [0], 'range_warp_specializes': [], 'range_num_stages': [0], 'range_multi_buffers': [None], 'range_flattens': [None], 'load_eviction_policies': ['', '', '', '', 'last'], 'num_warps': 32, 'num_stages': 3, 'indexing': ['pointer', 'pointer', 'pointer', 'tensor_descriptor', 'tensor_descriptor', 'tensor_descriptor', 'pointer', 'pointer'], 'atomic_indexing': [], 'pid_type': 'flat'}
