[driver] GPU=3 helion=/home/calebkim/helion-new-heuristics/wt-reduction/helion/__init__.py
[driver] kernel=softmax_two_pass shape=(4096, 16384) mode=seeded rand_seed=0
[driver] disable_heuristics_env=None force='1' effort='quick' max_gen=None rand_seed_env='0' log='/home/calebkim/helion-new-heuristics/wt-reduction/logs/productB_full/softmax_two_pass_4096_16384_seeded_s0'
[verify] config_spec.compiler_seed_configs (n=1): [{'block_sizes': [1, 16384], 'num_warps': 16, 'num_stages': 1}]
[verify] config_spec.autotuner_heuristics: ['triton_reduction_tile']
[verify] recomputed compiler_seed_configs (n=1): [{'block_sizes': [1, 16384], 'num_warps': 16, 'num_stages': 1}]
[verify] SEEDED OK: seed config = {'block_sizes': [1, 16384], 'num_warps': 16, 'num_stages': 1}
[verify] SEED-FLAT-ENCODE: track=T2 lever=block_sizes raw=[1, 16384] num_warps=16 -> flat-normalized block_sizes=[1, 16384] num_warps=16  PRESERVED
[verify] EXPECTED_SEED_STR=Config(block_sizes=[1, 16384], num_stages=1, num_warps=16)
[0s] Starting autotuning process, this may take a while...
[0s] Autotune random seed: 0
[0s] Starting LFBOTreeSearch with initial_population=FROM_BEST_AVAILABLE, copies=2, max_generations=5, similarity_penalty=1.0
[0s] Starting with default config
[0s] Initial population: 2 total
Initial population precompiling 100% ━━━━━━━━━━━━━━━━━━━━━━━━━ 2/2 5.8 configs/s
Initial population exploring neighbors 100% ━━━━━━━━━━━━━━━━━━━━ 2/2 - configs/s
[4s] Adaptive compile timeout: 30s (90% percentile=0.3s, bounds=[30.0s, 60s])
[4s] Initial random population of 2, 2 starting points: 
ok=2
min=0.2651
mid=0.8270
max=0.8270
best={'atomic_indexing': [],
 'block_sizes': [1, 16384],
 'indexing': ['pointer', 'pointer', 'pointer'],
 'load_eviction_policies': ['', ''],
 'num_stages': 1,
 'num_warps': 16,
 'pid_type': 'flat',
 'range_flattens': [None, None],
 'range_multi_buffers': [None, None],
 'range_num_stages': [0, 0],
 'range_unroll_factors': [0, 0],
 'range_warp_specializes': []}
[4s] Fitting surrogate: 2 points, 2 targets
[5s] Generation 1 starting: 19 neighbors, 2 active search path(s)
Generation 1: precompiling 100% ━━━━━━━━━━━━━━━━━━━━━━━━━━━ 19/19 48.5 configs/s
Generation 1: exploring neighbors 100% ━━━━━━━━━━━━━━━━━━━━ 19/19 11.1 configs/s
[8s] Generation 1 complete: 
ok=21
min=0.2579
mid=0.4729
max=2.2081
best={'atomic_indexing': [],
 'block_sizes': [2, 16384],
 'indexing': ['pointer', 'pointer', 'pointer'],
 'load_eviction_policies': ['', ''],
 'num_stages': 1,
 'num_warps': 32,
 'pid_type': 'flat',
 'range_flattens': [None, None],
 'range_multi_buffers': [None, None],
 'range_num_stages': [0, 0],
 'range_unroll_factors': [0, 0],
 'range_warp_specializes': []}
[8s] Fitting surrogate: 21 points, 21 targets
[8s] Generation 2 starting: 16 neighbors, 2 active search path(s)
Generation 2: precompiling 100% ━━━━━━━━━━━━━━━━━━━━━━━━━━━━ 17/17 4.5 configs/s
Generation 2: exploring neighbors 100% ━━━━━━━━━━━━━━━━━━━━ 17/17 12.8 configs/s
[12s] Generation 2 complete: 
ok=18
min=0.2579
mid=0.4136
max=0.6200
best={'atomic_indexing': [],
 'block_sizes': [2, 16384],
 'indexing': ['pointer', 'pointer', 'pointer'],
 'load_eviction_policies': ['', ''],
 'num_stages': 1,
 'num_warps': 32,
 'pid_type': 'flat',
 'range_flattens': [None, None],
 'range_multi_buffers': [None, None],
 'range_num_stages': [0, 0],
 'range_unroll_factors': [0, 0],
 'range_warp_specializes': []}
[12s] Fitting surrogate: 38 points, 38 targets
[12s] Generation 3 starting: 19 neighbors, 2 active search path(s)
Generation 3: precompiling 100% ━━━━━━━━━━━━━━━━━━━━━━━━━━━ 21/21 74.0 configs/s
Generation 3: exploring neighbors 100% ━━━━━━━━━━━━━━━━━━━━━ 21/21 9.8 configs/s
[15s] Generation 3 complete: 
ok=22
min=0.2542
mid=0.3903
max=6.9190
best={'atomic_indexing': [],
 'block_sizes': [2, 16384],
 'indexing': ['pointer', 'pointer', 'pointer'],
 'load_eviction_policies': ['last', ''],
 'num_stages': 1,
 'num_warps': 16,
 'pid_type': 'flat',
 'range_flattens': [None, None],
 'range_multi_buffers': [None, None],
 'range_num_stages': [0, 0],
 'range_unroll_factors': [0, 0],
 'range_warp_specializes': []}
[15s] Fitting surrogate: 59 points, 59 targets
[16s] Generation 4 starting: 21 neighbors, 2 active search path(s)
Generation 4: precompiling 100% ━━━━━━━━━━━━━━━━━━━━━━━━━━━━ 22/22 0.8 configs/s
Generation 4: exploring neighbors 100% ━━━━━━━━━━━━━━━━━━━━━ 22/22 9.9 configs/s
[29s] Generation 4 complete: 
ok=23
min=0.2496
mid=0.3734
max=2.8369
best={'atomic_indexing': [],
 'block_sizes': [1, 16384],
 'indexing': ['pointer', 'pointer', 'pointer'],
 'load_eviction_policies': ['last', ''],
 'num_stages': 1,
 'num_warps': 32,
 'pid_type': 'flat',
 'range_flattens': [None, None],
 'range_multi_buffers': [None, True],
 'range_num_stages': [0, 0],
 'range_unroll_factors': [0, 0],
 'range_warp_specializes': []}
[29s] Fitting surrogate: 81 points, 81 targets
[30s] Generation 5 starting: 20 neighbors, 2 active search path(s)
Generation 5: precompiling 100% ━━━━━━━━━━━━━━━━━━━━━━━━━━━━ 22/22 1.6 configs/s
Generation 5: exploring neighbors 100% ━━━━━━━━━━━━━━━━━━━━ 22/22 13.7 configs/s
[38s] Generation 5 complete: 
ok=23
min=0.2496
mid=0.3506
max=1.8349
best={'atomic_indexing': [],
 'block_sizes': [1, 16384],
 'indexing': ['pointer', 'pointer', 'pointer'],
 'load_eviction_policies': ['last', ''],
 'num_stages': 1,
 'num_warps': 32,
 'pid_type': 'flat',
 'range_flattens': [None, None],
 'range_multi_buffers': [None, True],
 'range_num_stages': [0, 0],
 'range_unroll_factors': [0, 0],
 'range_warp_specializes': []}
[39s] Autotuning complete in 40.0s after searching 103 configs.
One can hardcode the best config and skip autotuning with:
    @helion.kernel(config=helion.Config(atomic_indexing=[], block_sizes=[1, 16384], indexing=['pointer', 'pointer', 'pointer'], load_eviction_policies=['last', ''], num_stages=1, num_warps=32, pid_type='flat', range_flattens=[None, None], range_multi_buffers=[None, True], range_num_stages=[0, 0], range_unroll_factors=[0, 0], range_warp_specializes=[]), static_shapes=True)

[39s] Code of selected kernel: /tmp/productB_full_cache_3/softmax_two_pass_4096_16384_seeded_s0/inductor/gl/cglpux3dhu5xjhw72nkhzlq2skhvur24qdl6vzuscit35iup5ari.py
[driver] DONE best_config={'block_sizes': [1, 16384], 'range_unroll_factors': [0, 0], 'range_warp_specializes': [], 'range_num_stages': [0, 0], 'range_multi_buffers': [None, True], 'range_flattens': [None, None], 'load_eviction_policies': ['last', ''], 'num_warps': 32, 'num_stages': 1, 'indexing': ['pointer', 'pointer', 'pointer'], 'atomic_indexing': [], 'pid_type': 'flat'}
