[driver] GPU=3 helion=/home/calebkim/helion-new-heuristics/wt-reduction/helion/__init__.py
[driver] kernel=softmax_two_pass shape=(4096, 16384) mode=seeded rand_seed=1
[driver] disable_heuristics_env=None force='1' effort='quick' max_gen=None rand_seed_env='1' log='/home/calebkim/helion-new-heuristics/wt-reduction/logs/productB_full/softmax_two_pass_4096_16384_seeded_s1'
[verify] config_spec.compiler_seed_configs (n=1): [{'block_sizes': [1, 16384], 'num_warps': 16, 'num_stages': 1}]
[verify] config_spec.autotuner_heuristics: ['triton_reduction_tile']
[verify] recomputed compiler_seed_configs (n=1): [{'block_sizes': [1, 16384], 'num_warps': 16, 'num_stages': 1}]
[verify] SEEDED OK: seed config = {'block_sizes': [1, 16384], 'num_warps': 16, 'num_stages': 1}
[verify] SEED-FLAT-ENCODE: track=T2 lever=block_sizes raw=[1, 16384] num_warps=16 -> flat-normalized block_sizes=[1, 16384] num_warps=16  PRESERVED
[verify] EXPECTED_SEED_STR=Config(block_sizes=[1, 16384], num_stages=1, num_warps=16)
[0s] Starting autotuning process, this may take a while...
[0s] Autotune random seed: 1
[0s] Starting LFBOTreeSearch with initial_population=FROM_BEST_AVAILABLE, copies=2, max_generations=5, similarity_penalty=1.0
[0s] Starting with default config
[0s] Initial population: 2 total
Initial population precompiling 100% ━━━━━━━━━━━━━━━━━━━━━━━━ 2/2 11.8 configs/s
Initial population exploring neighbors 100% ━━━━━━━━━━━━━━━━━ 2/2 16.1 configs/s
[4s] Adaptive compile timeout: 30s (90% percentile=0.3s, bounds=[30.0s, 60s])
[4s] Initial random population of 2, 2 starting points: 
ok=2
min=0.2649
mid=0.8253
max=0.8253
best={'atomic_indexing': [],
 'block_sizes': [1, 16384],
 'indexing': ['pointer', 'pointer', 'pointer'],
 'load_eviction_policies': ['', ''],
 'num_stages': 1,
 'num_warps': 16,
 'pid_type': 'flat',
 'range_flattens': [None, None],
 'range_multi_buffers': [None, None],
 'range_num_stages': [0, 0],
 'range_unroll_factors': [0, 0],
 'range_warp_specializes': []}
[4s] Fitting surrogate: 2 points, 2 targets
[5s] Generation 1 starting: 20 neighbors, 2 active search path(s)
Generation 1: precompiling 100% ━━━━━━━━━━━━━━━━━━━━━━━━━━━ 20/20 14.7 configs/s
Generation 1: exploring neighbors 100% ━━━━━━━━━━━━━━━━━━━━ 20/20 12.0 configs/s
[8s] Generation 1 complete: 
ok=22
min=0.2576
mid=0.4867
max=2.2017
best={'atomic_indexing': [],
 'block_sizes': [2, 16384],
 'indexing': ['pointer', 'pointer', 'pointer'],
 'load_eviction_policies': ['', ''],
 'num_stages': 1,
 'num_warps': 32,
 'pid_type': 'flat',
 'range_flattens': [None, None],
 'range_multi_buffers': [None, None],
 'range_num_stages': [0, 0],
 'range_unroll_factors': [0, 0],
 'range_warp_specializes': []}
[8s] Fitting surrogate: 22 points, 22 targets
[8s] Generation 2 starting: 18 neighbors, 2 active search path(s)
Generation 2: precompiling 100% ━━━━━━━━━━━━━━━━━━━━━━━━━━━━ 19/19 3.8 configs/s
Generation 2: exploring neighbors 100% ━━━━━━━━━━━━━━━━━━━━ 19/19 16.2 configs/s
[14s] Generation 2 complete: 
error=1
ok=19
min=0.2576
mid=0.3994
max=1.6899
best={'atomic_indexing': [],
 'block_sizes': [2, 16384],
 'indexing': ['pointer', 'pointer', 'pointer'],
 'load_eviction_policies': ['', ''],
 'num_stages': 1,
 'num_warps': 32,
 'pid_type': 'flat',
 'range_flattens': [None, None],
 'range_multi_buffers': [None, None],
 'range_num_stages': [0, 0],
 'range_unroll_factors': [0, 0],
 'range_warp_specializes': []}
[14s] Fitting surrogate: 41 points, 41 targets
[15s] Generation 3 starting: 21 neighbors, 2 active search path(s)
Generation 3: precompiling 100% ━━━━━━━━━━━━━━━━━━━━━━━━━━━ 22/22 63.3 configs/s
Generation 3: exploring neighbors 100% ━━━━━━━━━━━━━━━━━━━━ 22/22 11.4 configs/s
[18s] Generation 3 complete: 
ok=23
min=0.2516
mid=0.3916
max=3.6020
best={'atomic_indexing': [],
 'block_sizes': [1, 16384],
 'indexing': ['pointer', 'pointer', 'pointer'],
 'load_eviction_policies': ['', 'first'],
 'num_stages': 2,
 'num_warps': 32,
 'pid_type': 'flat',
 'range_flattens': [None, None],
 'range_multi_buffers': [None, True],
 'range_num_stages': [0, 0],
 'range_unroll_factors': [0, 0],
 'range_warp_specializes': []}
[18s] Fitting surrogate: 63 points, 63 targets
[19s] Generation 4 starting: 27 neighbors, 2 active search path(s)
Generation 4: precompiling 100% ━━━━━━━━━━━━━━━━━━━━━━━━━━━ 29/29 12.4 configs/s
Generation 4: exploring neighbors 100% ━━━━━━━━━━━━━━━━━━━━ 29/29 12.1 configs/s
[23s] Generation 4 complete: 
ok=30
min=0.2495
mid=0.3803
max=3.7275
best={'atomic_indexing': [],
 'block_sizes': [1, 16384],
 'indexing': ['pointer', 'pointer', 'tensor_descriptor'],
 'load_eviction_policies': ['last', 'first'],
 'num_stages': 2,
 'num_warps': 32,
 'pid_type': 'flat',
 'range_flattens': [None, None],
 'range_multi_buffers': [None, False],
 'range_num_stages': [0, 0],
 'range_unroll_factors': [0, 0],
 'range_warp_specializes': []}
[23s] Fitting surrogate: 92 points, 92 targets
[23s] Generation 5 starting: 28 neighbors, 2 active search path(s)
Generation 5: precompiling 100% ━━━━━━━━━━━━━━━━━━━━━━━━━━━ 30/30 20.5 configs/s
Generation 5: exploring neighbors 100% ━━━━━━━━━━━━━━━━━━━━ 30/30 14.0 configs/s
[27s] Generation 5 complete: 
error=1
ok=30
min=0.2494
mid=0.3674
max=0.7289
best={'atomic_indexing': [],
 'block_sizes': [1, 16384],
 'indexing': ['pointer', 'pointer', 'pointer'],
 'load_eviction_policies': ['last', 'first'],
 'num_stages': 3,
 'num_warps': 32,
 'pid_type': 'flat',
 'range_flattens': [None, None],
 'range_multi_buffers': [None, False],
 'range_num_stages': [0, 0],
 'range_unroll_factors': [0, 0],
 'range_warp_specializes': []}
[29s] Autotuning complete in 29.2s after searching 122 configs.
One can hardcode the best config and skip autotuning with:
    @helion.kernel(config=helion.Config(atomic_indexing=[], block_sizes=[1, 16384], indexing=['pointer', 'pointer', 'pointer'], load_eviction_policies=['last', 'first'], num_stages=3, num_warps=32, pid_type='flat', range_flattens=[None, None], range_multi_buffers=[None, False], range_num_stages=[0, 0], range_unroll_factors=[0, 0], range_warp_specializes=[]), static_shapes=True)

[29s] 2 of 122 configs failed due to compile failures.
[29s] Code of selected kernel: /tmp/productB_full_cache_3/softmax_two_pass_4096_16384_seeded_s1/inductor/7j/c7j5hd2fhfawu7btiecbpjrfccklzwgyzmos4xwzedrl33dxvacx.py
[driver] DONE best_config={'block_sizes': [1, 16384], 'range_unroll_factors': [0, 0], 'range_warp_specializes': [], 'range_num_stages': [0, 0], 'range_multi_buffers': [None, False], 'range_flattens': [None, None], 'load_eviction_policies': ['last', 'first'], 'num_warps': 32, 'num_stages': 3, 'indexing': ['pointer', 'pointer', 'pointer'], 'atomic_indexing': [], 'pid_type': 'flat'}
