[driver] GPU=3 helion=/home/calebkim/helion-new-heuristics/wt-reduction/helion/__init__.py
[driver] kernel=softmax_two_pass shape=(4096, 16384) mode=unseeded rand_seed=1
[driver] disable_heuristics_env='1' force='1' effort='quick' max_gen=None rand_seed_env='1' log='/home/calebkim/helion-new-heuristics/wt-reduction/logs/productB_full/softmax_two_pass_4096_16384_unseeded_s1'
[verify] config_spec.compiler_seed_configs (n=0): []
[verify] config_spec.autotuner_heuristics: []
[verify] recomputed compiler_seed_configs (n=0): []
[verify] UNSEEDED OK: no compiler seed in initial population
[verify] EXPECTED_SEED_STR=None
[0s] Starting autotuning process, this may take a while...
[0s] Autotune random seed: 1
[0s] Starting LFBOTreeSearch with initial_population=FROM_BEST_AVAILABLE, copies=2, max_generations=5, similarity_penalty=1.0
[0s] Starting with default config
[0s] Initial population: 1 total
Initial population precompiling 100% ━━━━━━━━━━━━━━━━━━━━━━━━━━━ 1/1 - configs/s
Initial population exploring neighbors 100% ━━━━━━━━━━━━━━━━━━━━ 1/1 - configs/s
[4s] Adaptive compile timeout: 30s (90% percentile=0.0s, bounds=[30.0s, 60s])
[4s] Initial random population of 1, 1 starting points: 
ok=1
min=0.8253
mid=0.8253
max=0.8253
best={'atomic_indexing': [],
 'block_sizes': [32, 32],
 'indexing': ['pointer', 'pointer', 'pointer'],
 'load_eviction_policies': ['', ''],
 'num_stages': 1,
 'num_warps': 4,
 'pid_type': 'flat',
 'range_flattens': [None, None],
 'range_multi_buffers': [None, None],
 'range_num_stages': [0, 0],
 'range_unroll_factors': [0, 0],
 'range_warp_specializes': []}
[4s] All labels are identical, skip training surrogate.
[4s] Generation 1 starting: 12 neighbors, 1 active search path(s)
Generation 1: precompiling 100% ━━━━━━━━━━━━━━━━━━━━━━━━━━━ 13/13 12.1 configs/s
Generation 1: exploring neighbors 100% ━━━━━━━━━━━━━━━━━━━━ 13/13 12.6 configs/s
[7s] Generation 1 complete: 
ok=14
min=0.6549
mid=0.8989
max=2.1934
best={'atomic_indexing': [],
 'block_sizes': [64, 64],
 'indexing': ['pointer', 'pointer', 'pointer'],
 'load_eviction_policies': ['', ''],
 'num_stages': 1,
 'num_warps': 8,
 'pid_type': 'flat',
 'range_flattens': [None, None],
 'range_multi_buffers': [None, None],
 'range_num_stages': [0, 0],
 'range_unroll_factors': [0, 0],
 'range_warp_specializes': []}
[7s] Fitting surrogate: 14 points, 14 targets
[7s] Generation 2 starting: 11 neighbors, 1 active search path(s)
Generation 2: precompiling 100% ━━━━━━━━━━━━━━━━━━━━━━━━━━━ 11/11 60.1 configs/s
Generation 2: exploring neighbors 100% ━━━━━━━━━━━━━━━━━━━━━ 11/11 9.6 configs/s
[9s] Generation 2 complete: 
ok=12
min=0.4411
mid=0.6549
max=1.4406
best={'atomic_indexing': [],
 'block_sizes': [64, 256],
 'indexing': ['pointer', 'pointer', 'pointer'],
 'load_eviction_policies': ['', ''],
 'num_stages': 2,
 'num_warps': 16,
 'pid_type': 'flat',
 'range_flattens': [None, None],
 'range_multi_buffers': [None, None],
 'range_num_stages': [0, 0],
 'range_unroll_factors': [0, 0],
 'range_warp_specializes': []}
[9s] Fitting surrogate: 25 points, 25 targets
[9s] Generation 3 starting: 11 neighbors, 1 active search path(s)
Generation 3: precompiling 100% ━━━━━━━━━━━━━━━━━━━━━━━━━━━ 12/12 22.8 configs/s
Generation 3: exploring neighbors 100% ━━━━━━━━━━━━━━━━━━━━ 12/12 11.7 configs/s
[11s] Generation 3 complete: 
ok=13
min=0.4043
mid=0.4886
max=0.7723
best={'atomic_indexing': [],
 'block_sizes': [16, 256],
 'indexing': ['pointer', 'pointer', 'tensor_descriptor'],
 'load_eviction_policies': ['', ''],
 'num_stages': 2,
 'num_warps': 4,
 'pid_type': 'flat',
 'range_flattens': [None, None],
 'range_multi_buffers': [None, None],
 'range_num_stages': [0, 0],
 'range_unroll_factors': [0, 0],
 'range_warp_specializes': []}
[11s] Fitting surrogate: 37 points, 37 targets
[11s] Generation 4 starting: 15 neighbors, 1 active search path(s)
Generation 4: precompiling 100% ━━━━━━━━━━━━━━━━━━━━━━━━━━━━ 15/15 1.4 configs/s
Generation 4: exploring neighbors 100% ━━━━━━━━━━━━━━━━━━━━━ 15/15 6.9 configs/s
[22s] Generation 4 complete: 
ok=16
min=0.3792
mid=0.4047
max=4.2574
best={'atomic_indexing': [],
 'block_sizes': [4, 256],
 'indexing': ['pointer', 'pointer', 'tensor_descriptor'],
 'load_eviction_policies': ['', ''],
 'num_stages': 3,
 'num_warps': 4,
 'pid_type': 'flat',
 'range_flattens': [None, None],
 'range_multi_buffers': [None, None],
 'range_num_stages': [0, 0],
 'range_unroll_factors': [0, 2],
 'range_warp_specializes': []}
[22s] Fitting surrogate: 52 points, 52 targets
[23s] Generation 5 starting: 15 neighbors, 1 active search path(s)
Generation 5: precompiling 100% ━━━━━━━━━━━━━━━━━━━━━━━━━━━ 15/15 37.0 configs/s
Generation 5: exploring neighbors 100% ━━━━━━━━━━━━━━━━━━━━ 15/15 15.8 configs/s
[25s] Generation 5 complete: 
ok=16
min=0.3696
mid=0.3809
max=0.4165
best={'atomic_indexing': [],
 'block_sizes': [4, 1024],
 'indexing': ['pointer', 'pointer', 'tensor_descriptor'],
 'load_eviction_policies': ['last', ''],
 'num_stages': 5,
 'num_warps': 4,
 'pid_type': 'flat',
 'range_flattens': [None, None],
 'range_multi_buffers': [None, None],
 'range_num_stages': [0, 0],
 'range_unroll_factors': [0, 2],
 'range_warp_specializes': []}
[26s] Autotuning complete in 26.1s after searching 67 configs.
One can hardcode the best config and skip autotuning with:
    @helion.kernel(config=helion.Config(atomic_indexing=[], block_sizes=[4, 1024], indexing=['pointer', 'pointer', 'tensor_descriptor'], load_eviction_policies=['last', ''], num_stages=5, num_warps=4, pid_type='flat', range_flattens=[None, None], range_multi_buffers=[None, None], range_num_stages=[0, 0], range_unroll_factors=[0, 2], range_warp_specializes=[]), static_shapes=True)

[26s] Code of selected kernel: /tmp/productB_full_cache_3/softmax_two_pass_4096_16384_unseeded_s1/inductor/wy/cwyrhqv7qtor5hjyfx2pjt434dzpblcod4sod6n75yu4fwtz4jlu.py
[driver] DONE best_config={'block_sizes': [4, 1024], 'range_unroll_factors': [0, 2], 'range_warp_specializes': [], 'range_num_stages': [0, 0], 'range_multi_buffers': [None, None], 'range_flattens': [None, None], 'load_eviction_policies': ['last', ''], 'num_warps': 4, 'num_stages': 5, 'indexing': ['pointer', 'pointer', 'tensor_descriptor'], 'atomic_indexing': [], 'pid_type': 'flat'}
