[driver] GPU=3 helion=/home/calebkim/helion-new-heuristics/wt-reduction/helion/__init__.py
[driver] kernel=softmax_two_pass shape=(4096, 16384) mode=unseeded rand_seed=0
[driver] disable_heuristics_env='1' force='1' effort='quick' max_gen=None rand_seed_env='0' log='/home/calebkim/helion-new-heuristics/wt-reduction/logs/productB_full/softmax_two_pass_4096_16384_unseeded_s0'
[verify] config_spec.compiler_seed_configs (n=0): []
[verify] config_spec.autotuner_heuristics: []
[verify] recomputed compiler_seed_configs (n=0): []
[verify] UNSEEDED OK: no compiler seed in initial population
[verify] EXPECTED_SEED_STR=None
[0s] Starting autotuning process, this may take a while...
[0s] Autotune random seed: 0
[0s] Starting LFBOTreeSearch with initial_population=FROM_BEST_AVAILABLE, copies=2, max_generations=5, similarity_penalty=1.0
[0s] Starting with default config
[0s] Initial population: 1 total
Initial population precompiling 100% ━━━━━━━━━━━━━━━━━━━━━━━━━━━ 1/1 - configs/s
Initial population exploring neighbors 100% ━━━━━━━━━━━━━━━━━━━━ 1/1 - configs/s
[4s] Adaptive compile timeout: 30s (90% percentile=0.0s, bounds=[30.0s, 60s])
[4s] Initial random population of 1, 1 starting points: 
ok=1
min=0.8301
mid=0.8301
max=0.8301
best={'atomic_indexing': [],
 'block_sizes': [32, 32],
 'indexing': ['pointer', 'pointer', 'pointer'],
 'load_eviction_policies': ['', ''],
 'num_stages': 1,
 'num_warps': 4,
 'pid_type': 'flat',
 'range_flattens': [None, None],
 'range_multi_buffers': [None, None],
 'range_num_stages': [0, 0],
 'range_unroll_factors': [0, 0],
 'range_warp_specializes': []}
[4s] All labels are identical, skip training surrogate.
[4s] Generation 1 starting: 11 neighbors, 1 active search path(s)
Generation 1: precompiling 100% ━━━━━━━━━━━━━━━━━━━━━━━━━━━ 12/12 34.7 configs/s
Generation 1: exploring neighbors 100% ━━━━━━━━━━━━━━━━━━━━ 12/12 14.4 configs/s
[6s] Generation 1 complete: 
ok=13
min=0.5183
mid=0.9083
max=2.2649
best={'atomic_indexing': [],
 'block_sizes': [8, 64],
 'indexing': ['pointer', 'pointer', 'pointer'],
 'load_eviction_policies': ['', ''],
 'num_stages': 1,
 'num_warps': 2,
 'pid_type': 'flat',
 'range_flattens': [None, None],
 'range_multi_buffers': [None, None],
 'range_num_stages': [0, 0],
 'range_unroll_factors': [0, 0],
 'range_warp_specializes': []}
[6s] Fitting surrogate: 13 points, 13 targets
[6s] Generation 2 starting: 10 neighbors, 1 active search path(s)
Generation 2: precompiling 100% ━━━━━━━━━━━━━━━━━━━━━━━━━━━ 10/10 31.4 configs/s
Generation 2: exploring neighbors 100% ━━━━━━━━━━━━━━━━━━━━ 10/10 16.0 configs/s
[7s] Generation 2 complete: 
ok=11
min=0.3833
mid=0.4187
max=0.7762
best={'atomic_indexing': [],
 'block_sizes': [8, 256],
 'indexing': ['pointer', 'pointer', 'pointer'],
 'load_eviction_policies': ['', ''],
 'num_stages': 1,
 'num_warps': 4,
 'pid_type': 'flat',
 'range_flattens': [None, None],
 'range_multi_buffers': [None, True],
 'range_num_stages': [0, 0],
 'range_unroll_factors': [0, 0],
 'range_warp_specializes': []}
[7s] Fitting surrogate: 23 points, 23 targets
[8s] Generation 3 starting: 12 neighbors, 1 active search path(s)
Generation 3: precompiling 100% ━━━━━━━━━━━━━━━━━━━━━━━━━━━ 12/12 36.9 configs/s
Generation 3: exploring neighbors 100% ━━━━━━━━━━━━━━━━━━━━ 12/12 15.9 configs/s
[9s] Generation 3 complete: 
ok=13
min=0.3790
mid=0.3825
max=0.4011
best={'atomic_indexing': [],
 'block_sizes': [8, 1024],
 'indexing': ['pointer', 'pointer', 'pointer'],
 'load_eviction_policies': ['', ''],
 'num_stages': 1,
 'num_warps': 4,
 'pid_type': 'flat',
 'range_flattens': [None, False],
 'range_multi_buffers': [None, True],
 'range_num_stages': [0, 0],
 'range_unroll_factors': [0, 0],
 'range_warp_specializes': []}
[9s] Fitting surrogate: 35 points, 35 targets
[10s] Generation 4 starting: 14 neighbors, 1 active search path(s)
Generation 4: precompiling 100% ━━━━━━━━━━━━━━━━━━━━━━━━━━━ 14/14 10.8 configs/s
Generation 4: exploring neighbors 100% ━━━━━━━━━━━━━━━━━━━━ 14/14 15.7 configs/s
[12s] Generation 4 complete: 
ok=15
min=0.3595
mid=0.3773
max=0.4081
best={'atomic_indexing': [],
 'block_sizes': [8, 1024],
 'indexing': ['pointer', 'pointer', 'pointer'],
 'load_eviction_policies': ['last', ''],
 'num_stages': 1,
 'num_warps': 16,
 'pid_type': 'flat',
 'range_flattens': [None, None],
 'range_multi_buffers': [None, True],
 'range_num_stages': [0, 0],
 'range_unroll_factors': [0, 0],
 'range_warp_specializes': []}
[12s] Fitting surrogate: 49 points, 49 targets
[13s] Generation 5 starting: 13 neighbors, 1 active search path(s)
Generation 5: precompiling 100% ━━━━━━━━━━━━━━━━━━━━━━━━━━━━ 14/14 6.7 configs/s
Generation 5: exploring neighbors 100% ━━━━━━━━━━━━━━━━━━━━ 14/14 17.1 configs/s
[16s] Generation 5 complete: 
error=2
ok=13
min=0.2760
mid=0.3489
max=0.3907
best={'atomic_indexing': [],
 'block_sizes': [4, 4096],
 'indexing': ['pointer', 'pointer', 'pointer'],
 'load_eviction_policies': ['last', ''],
 'num_stages': 1,
 'num_warps': 32,
 'pid_type': 'flat',
 'range_flattens': [None, None],
 'range_multi_buffers': [None, True],
 'range_num_stages': [0, 0],
 'range_unroll_factors': [0, 0],
 'range_warp_specializes': []}
[17s] Autotuning complete in 17.3s after searching 63 configs.
One can hardcode the best config and skip autotuning with:
    @helion.kernel(config=helion.Config(atomic_indexing=[], block_sizes=[4, 4096], indexing=['pointer', 'pointer', 'pointer'], load_eviction_policies=['last', ''], num_stages=1, num_warps=32, pid_type='flat', range_flattens=[None, None], range_multi_buffers=[None, True], range_num_stages=[0, 0], range_unroll_factors=[0, 0], range_warp_specializes=[]), static_shapes=True)

[17s] 2 of 63 configs failed due to compile failures.
[17s] Code of selected kernel: /tmp/productB_full_cache_3/softmax_two_pass_4096_16384_unseeded_s0/inductor/mc/cmcf6hvx46f3ad5zuiu4ibdwpyfok3uyn4gywngvwzjmeohmuhvl.py
[driver] DONE best_config={'block_sizes': [4, 4096], 'range_unroll_factors': [0, 0], 'range_warp_specializes': [], 'range_num_stages': [0, 0], 'range_multi_buffers': [None, True], 'range_flattens': [None, None], 'load_eviction_policies': ['last', ''], 'num_warps': 32, 'num_stages': 1, 'indexing': ['pointer', 'pointer', 'pointer'], 'atomic_indexing': [], 'pid_type': 'flat'}
