[driver] GPU=2 helion=/home/calebkim/helion-new-heuristics/wt-reduction/helion/__init__.py
[driver] kernel=sum shape=(2048, 16384) mode=seeded rand_seed=1
[driver] disable_heuristics_env=None force='1' effort='quick' max_gen=None rand_seed_env='1' log='/home/calebkim/helion-new-heuristics/wt-reduction/logs/productB_full/sum_2048_16384_seeded_s1'
[verify] config_spec.compiler_seed_configs (n=1): [{'block_sizes': [1], 'reduction_loops': [None], 'num_warps': 16, 'num_stages': 1}]
[verify] config_spec.autotuner_heuristics: ['triton_reduction_tile']
[verify] recomputed compiler_seed_configs (n=1): [{'block_sizes': [1], 'reduction_loops': [None], 'num_warps': 16, 'num_stages': 1}]
[verify] SEEDED OK: seed config = {'block_sizes': [1], 'reduction_loops': [None], 'num_warps': 16, 'num_stages': 1}
[verify] SEED-FLAT-ENCODE: track=T1 lever=reduction_loops raw=[None] num_warps=16 -> flat-normalized reduction_loops=[None] num_warps=16  PRESERVED
[verify] EXPECTED_SEED_STR=Config(block_sizes=[1], num_stages=1, num_warps=16, reduction_loops=[None])
[0s] Starting autotuning process, this may take a while...
[0s] Autotune random seed: 1
[0s] Starting LFBOTreeSearch with initial_population=FROM_BEST_AVAILABLE, copies=2, max_generations=5, similarity_penalty=1.0
[0s] Starting with default config
[0s] Initial population: 2 total
Initial population precompiling 100% ━━━━━━━━━━━━━━━━━━━━━━━━━━━ 2/2 - configs/s
Initial population exploring neighbors 100% ━━━━━━━━━━━━━━━━━ 2/2 87.1 configs/s
[4s] Adaptive compile timeout: 30s (90% percentile=0.1s, bounds=[30.0s, 60s])
[4s] Initial random population of 2, 2 starting points: 
ok=2
min=0.0757
mid=0.0763
max=0.0763
best={'atomic_indexing': [],
 'block_sizes': [1],
 'indexing': ['pointer', 'pointer', 'pointer'],
 'load_eviction_policies': ['', ''],
 'num_stages': 1,
 'num_warps': 16,
 'pid_type': 'flat',
 'range_flattens': [None],
 'range_multi_buffers': [None],
 'range_num_stages': [0],
 'range_unroll_factors': [0],
 'range_warp_specializes': [],
 'reduction_loops': [None]}
[4s] Fitting surrogate: 2 points, 2 targets
[5s] Generation 1 starting: 13 neighbors, 2 active search path(s)
Generation 1: precompiling 100% ━━━━━━━━━━━━━━━━━━━━━━━━━━━ 13/13 40.0 configs/s
Generation 1: exploring neighbors 100% ━━━━━━━━━━━━━━━━━━━━ 13/13 10.8 configs/s
[6s] Generation 1 complete: 
ok=15
min=0.0698
mid=0.0761
max=0.0771
best={'atomic_indexing': [],
 'block_sizes': [1],
 'indexing': ['pointer', 'pointer', 'pointer'],
 'load_eviction_policies': ['first', ''],
 'num_stages': 1,
 'num_warps': 16,
 'pid_type': 'flat',
 'range_flattens': [None],
 'range_multi_buffers': [None],
 'range_num_stages': [0],
 'range_unroll_factors': [0],
 'range_warp_specializes': [],
 'reduction_loops': [None]}
[6s] Fitting surrogate: 15 points, 15 targets
[7s] Generation 2 starting: 9 neighbors, 2 active search path(s)
Generation 2: precompiling 100% ━━━━━━━━━━━━━━━━━━━━━━━━━━━ 10/10 30.9 configs/s
Generation 2: exploring neighbors 100% ━━━━━━━━━━━━━━━━━━━━━ 10/10 9.5 configs/s
[8s] Generation 2 complete: 
ok=11
min=0.0677
mid=0.0703
max=0.0777
best={'atomic_indexing': [],
 'block_sizes': [1],
 'indexing': ['pointer', 'pointer', 'pointer'],
 'load_eviction_policies': ['first', ''],
 'num_stages': 1,
 'num_warps': 16,
 'pid_type': 'flat',
 'range_flattens': [None],
 'range_multi_buffers': [None],
 'range_num_stages': [0],
 'range_unroll_factors': [0],
 'range_warp_specializes': [],
 'reduction_loops': [4096]}
[8s] Fitting surrogate: 25 points, 25 targets
[9s] Generation 3 starting: 16 neighbors, 2 active search path(s)
Generation 3: precompiling 100% ━━━━━━━━━━━━━━━━━━━━━━━━━━━ 16/16 31.7 configs/s
Generation 3: exploring neighbors 100% ━━━━━━━━━━━━━━━━━━━━ 16/16 11.1 configs/s
[11s] Generation 3 complete: 
ok=18
min=0.0673
mid=0.0695
max=0.0766
best={'atomic_indexing': [],
 'block_sizes': [1],
 'indexing': ['pointer', 'pointer', 'tensor_descriptor'],
 'load_eviction_policies': ['first', ''],
 'num_sm_multiplier': 2,
 'num_stages': 1,
 'num_warps': 8,
 'pid_type': 'persistent_interleaved',
 'range_flattens': [False],
 'range_multi_buffers': [None],
 'range_num_stages': [1],
 'range_unroll_factors': [0],
 'range_warp_specializes': [],
 'reduction_loops': [4096]}
[11s] Fitting surrogate: 41 points, 41 targets
[11s] Generation 4 starting: 24 neighbors, 2 active search path(s)
Generation 4: precompiling 100% ━━━━━━━━━━━━━━━━━━━━━━━━━━━ 25/25 28.8 configs/s
Generation 4: exploring neighbors 100% ━━━━━━━━━━━━━━━━━━━━━ 25/25 9.5 configs/s
[15s] Generation 4 complete: 
ok=27
min=0.0673
mid=0.0707
max=0.1402
best={'atomic_indexing': [],
 'block_sizes': [1],
 'indexing': ['pointer', 'pointer', 'tensor_descriptor'],
 'load_eviction_policies': ['first', ''],
 'num_sm_multiplier': 2,
 'num_stages': 1,
 'num_warps': 8,
 'pid_type': 'persistent_interleaved',
 'range_flattens': [False],
 'range_multi_buffers': [None],
 'range_num_stages': [1],
 'range_unroll_factors': [0],
 'range_warp_specializes': [],
 'reduction_loops': [4096]}
[15s] Fitting surrogate: 66 points, 66 targets
[15s] Copy 0 finish because of no improvement
[15s] Generation 5 starting: 16 neighbors, 1 active search path(s)
Generation 5: precompiling 100% ━━━━━━━━━━━━━━━━━━━━━━━━━━ 16/16 189.5 configs/s
Generation 5: exploring neighbors 100% ━━━━━━━━━━━━━━━━━━━━━ 16/16 9.5 configs/s
[18s] Generation 5 complete: 
ok=18
min=0.0673
mid=0.0697
max=0.0771
best={'atomic_indexing': [],
 'block_sizes': [1],
 'indexing': ['pointer', 'pointer', 'tensor_descriptor'],
 'load_eviction_policies': ['first', ''],
 'num_sm_multiplier': 2,
 'num_stages': 1,
 'num_warps': 8,
 'pid_type': 'persistent_interleaved',
 'range_flattens': [False],
 'range_multi_buffers': [None],
 'range_num_stages': [1],
 'range_unroll_factors': [0],
 'range_warp_specializes': [],
 'reduction_loops': [4096]}
[19s] Autotuning complete in 19.2s after searching 82 configs.
One can hardcode the best config and skip autotuning with:
    @helion.kernel(config=helion.Config(atomic_indexing=[], block_sizes=[1], indexing=['pointer', 'pointer', 'tensor_descriptor'], load_eviction_policies=['first', ''], num_sm_multiplier=2, num_stages=1, num_warps=8, pid_type='persistent_interleaved', range_flattens=[False], range_multi_buffers=[None], range_num_stages=[1], range_unroll_factors=[0], range_warp_specializes=[], reduction_loops=[4096]), static_shapes=True)

[19s] Code of selected kernel: /tmp/productB_full_cache_2/sum_2048_16384_seeded_s1/inductor/kp/ckpa54n7hcxm77mvevd7dnvxhbirxpfwm7fpf4hjon4tdk4up2nj.py
[driver] DONE best_config={'block_sizes': [1], 'reduction_loops': [4096], 'range_unroll_factors': [0], 'range_warp_specializes': [], 'range_num_stages': [1], 'range_multi_buffers': [None], 'range_flattens': [False], 'load_eviction_policies': ['first', ''], 'num_warps': 8, 'num_stages': 1, 'indexing': ['pointer', 'pointer', 'tensor_descriptor'], 'atomic_indexing': [], 'pid_type': 'persistent_interleaved', 'num_sm_multiplier': 2}
