[driver] GPU=2 helion=/home/calebkim/helion-new-heuristics/wt-reduction/helion/__init__.py
[driver] kernel=sum shape=(2048, 16384) mode=seeded rand_seed=0
[driver] disable_heuristics_env=None force='1' effort='quick' max_gen=None rand_seed_env='0' log='/home/calebkim/helion-new-heuristics/wt-reduction/logs/productB_full/sum_2048_16384_seeded_s0'
[verify] config_spec.compiler_seed_configs (n=1): [{'block_sizes': [1], 'reduction_loops': [None], 'num_warps': 16, 'num_stages': 1}]
[verify] config_spec.autotuner_heuristics: ['triton_reduction_tile']
[verify] recomputed compiler_seed_configs (n=1): [{'block_sizes': [1], 'reduction_loops': [None], 'num_warps': 16, 'num_stages': 1}]
[verify] SEEDED OK: seed config = {'block_sizes': [1], 'reduction_loops': [None], 'num_warps': 16, 'num_stages': 1}
[verify] SEED-FLAT-ENCODE: track=T1 lever=reduction_loops raw=[None] num_warps=16 -> flat-normalized reduction_loops=[None] num_warps=16  PRESERVED
[verify] EXPECTED_SEED_STR=Config(block_sizes=[1], num_stages=1, num_warps=16, reduction_loops=[None])
[0s] Starting autotuning process, this may take a while...
[0s] Autotune random seed: 0
[0s] Starting LFBOTreeSearch with initial_population=FROM_BEST_AVAILABLE, copies=2, max_generations=5, similarity_penalty=1.0
[0s] Starting with default config
[0s] Initial population: 2 total
Initial population precompiling 100% ━━━━━━━━━━━━━━━━━━━━━━━━━━━ 2/2 - configs/s
Initial population exploring neighbors 100% ━━━━━━━━━━━━━━━━━ 2/2 17.8 configs/s
[4s] Adaptive compile timeout: 30s (90% percentile=0.1s, bounds=[30.0s, 60s])
[4s] Initial random population of 2, 2 starting points: 
ok=2
min=0.0757
mid=0.0764
max=0.0764
best={'atomic_indexing': [],
 'block_sizes': [1],
 'indexing': ['pointer', 'pointer', 'pointer'],
 'load_eviction_policies': ['', ''],
 'num_stages': 1,
 'num_warps': 16,
 'pid_type': 'flat',
 'range_flattens': [None],
 'range_multi_buffers': [None],
 'range_num_stages': [0],
 'range_unroll_factors': [0],
 'range_warp_specializes': [],
 'reduction_loops': [None]}
[4s] Fitting surrogate: 2 points, 2 targets
[4s] Generation 1 starting: 13 neighbors, 2 active search path(s)
Generation 1: precompiling 100% ━━━━━━━━━━━━━━━━━━━━━━━━━━━ 13/13 46.0 configs/s
Generation 1: exploring neighbors 100% ━━━━━━━━━━━━━━━━━━━━ 13/13 10.6 configs/s
[6s] Generation 1 complete: 
ok=15
min=0.0703
mid=0.0761
max=0.0776
best={'atomic_indexing': [],
 'block_sizes': [2],
 'indexing': ['pointer', 'pointer', 'pointer'],
 'load_eviction_policies': ['first', ''],
 'num_stages': 1,
 'num_warps': 32,
 'pid_type': 'flat',
 'range_flattens': [None],
 'range_multi_buffers': [None],
 'range_num_stages': [0],
 'range_unroll_factors': [0],
 'range_warp_specializes': [],
 'reduction_loops': [None]}
[6s] Fitting surrogate: 15 points, 15 targets
[7s] Generation 2 starting: 9 neighbors, 2 active search path(s)
Generation 2: precompiling 100% ━━━━━━━━━━━━━━━━━━━━━━━━━━━━━ 9/9 36.4 configs/s
Generation 2: exploring neighbors 100% ━━━━━━━━━━━━━━━━━━━━━━ 9/9 10.4 configs/s
[8s] Generation 2 complete: 
ok=11
min=0.0690
mid=0.0703
max=0.0865
best={'atomic_indexing': [],
 'block_sizes': [2],
 'indexing': ['pointer', 'pointer', 'pointer'],
 'load_eviction_policies': ['first', ''],
 'num_sm_multiplier': 2,
 'num_stages': 1,
 'num_warps': 16,
 'pid_type': 'persistent_interleaved',
 'range_flattens': [True],
 'range_multi_buffers': [None],
 'range_num_stages': [0],
 'range_unroll_factors': [0],
 'range_warp_specializes': [],
 'reduction_loops': [8192]}
[8s] Fitting surrogate: 24 points, 24 targets
[8s] Generation 3 starting: 25 neighbors, 2 active search path(s)
Generation 3: precompiling 100% ━━━━━━━━━━━━━━━━━━━━━━━━━━━ 27/27 44.5 configs/s
Generation 3: exploring neighbors 100% ━━━━━━━━━━━━━━━━━━━━━ 27/27 7.8 configs/s
[13s] Generation 3 complete: 
error=1
ok=27
min=0.0690
mid=0.0712
max=0.0822
best={'atomic_indexing': [],
 'block_sizes': [2],
 'indexing': ['pointer', 'pointer', 'pointer'],
 'load_eviction_policies': ['first', ''],
 'num_sm_multiplier': 2,
 'num_stages': 1,
 'num_warps': 16,
 'pid_type': 'persistent_interleaved',
 'range_flattens': [True],
 'range_multi_buffers': [None],
 'range_num_stages': [0],
 'range_unroll_factors': [0],
 'range_warp_specializes': [],
 'reduction_loops': [8192]}
[13s] Fitting surrogate: 51 points, 51 targets
[13s] Generation 4 starting: 28 neighbors, 2 active search path(s)
Generation 4: precompiling 100% ━━━━━━━━━━━━━━━━━━━━━━━━━━━ 28/28 55.4 configs/s
Generation 4: exploring neighbors 100% ━━━━━━━━━━━━━━━━━━━━━ 28/28 8.5 configs/s
[18s] Generation 4 complete: 
ok=31
min=0.0687
mid=0.0693
max=0.0864
best={'atomic_indexing': [],
 'block_sizes': [2],
 'indexing': ['tensor_descriptor', 'tensor_descriptor', 'pointer'],
 'load_eviction_policies': ['first', ''],
 'num_sm_multiplier': 4,
 'num_stages': 5,
 'num_warps': 16,
 'pid_type': 'persistent_blocked',
 'range_flattens': [True],
 'range_multi_buffers': [None],
 'range_num_stages': [0],
 'range_unroll_factors': [0],
 'range_warp_specializes': [],
 'reduction_loops': [8192]}
[18s] Fitting surrogate: 79 points, 79 targets
[18s] Generation 5 starting: 27 neighbors, 2 active search path(s)
Generation 5: precompiling 100% ━━━━━━━━━━━━━━━━━━━━━━━━━━━━━━ 28/28 - configs/s
Generation 5: exploring neighbors 100% ━━━━━━━━━━━━━━━━━━━━━ 28/28 7.2 configs/s
[23s] Generation 5 complete: 
error=2
ok=28
min=0.0687
mid=0.0704
max=0.0791
best={'atomic_indexing': [],
 'block_sizes': [2],
 'indexing': ['tensor_descriptor', 'tensor_descriptor', 'pointer'],
 'load_eviction_policies': ['first', ''],
 'num_sm_multiplier': 4,
 'num_stages': 5,
 'num_warps': 16,
 'pid_type': 'persistent_blocked',
 'range_flattens': [True],
 'range_multi_buffers': [None],
 'range_num_stages': [0],
 'range_unroll_factors': [0],
 'range_warp_specializes': [],
 'reduction_loops': [8192]}
[24s] Autotuning complete in 24.5s after searching 107 configs.
One can hardcode the best config and skip autotuning with:
    @helion.kernel(config=helion.Config(atomic_indexing=[], block_sizes=[2], indexing=['tensor_descriptor', 'tensor_descriptor', 'pointer'], load_eviction_policies=['first', ''], num_sm_multiplier=4, num_stages=5, num_warps=16, pid_type='persistent_blocked', range_flattens=[True], range_multi_buffers=[None], range_num_stages=[0], range_unroll_factors=[0], range_warp_specializes=[], reduction_loops=[8192]), static_shapes=True)

[24s] 3 of 107 configs failed due to compile failures.
[24s] Code of selected kernel: /tmp/productB_full_cache_2/sum_2048_16384_seeded_s0/inductor/hf/chfdwz73tqk3stpv6fkbbs6eteaei37ezks44etk7drlsxxl52bx.py
[driver] DONE best_config={'block_sizes': [2], 'reduction_loops': [8192], 'range_unroll_factors': [0], 'range_warp_specializes': [], 'range_num_stages': [0], 'range_multi_buffers': [None], 'range_flattens': [True], 'load_eviction_policies': ['first', ''], 'num_warps': 16, 'num_stages': 5, 'indexing': ['tensor_descriptor', 'tensor_descriptor', 'pointer'], 'atomic_indexing': [], 'pid_type': 'persistent_blocked', 'num_sm_multiplier': 4}
