[driver] GPU=3 helion=/home/calebkim/helion-new-heuristics/wt-reduction/helion/__init__.py
[driver] kernel=long_sum shape=(8, 131072) mode=seeded rand_seed=1
[driver] disable_heuristics_env=None force='1' effort='quick' max_gen=None rand_seed_env='1' log='/home/calebkim/helion-new-heuristics/wt-reduction/logs/productB_postfix/long_sum_8_131072_seeded_s1'
[verify] config_spec.compiler_seed_configs (n=1): [{'block_sizes': [1], 'reduction_loops': [None], 'num_warps': 32, 'num_stages': 1}]
[verify] config_spec.autotuner_heuristics: ['triton_reduction_tile']
[verify] recomputed compiler_seed_configs (n=1): [{'block_sizes': [1], 'reduction_loops': [None], 'num_warps': 32, 'num_stages': 1}]
[verify] SEEDED OK: seed config = {'block_sizes': [1], 'reduction_loops': [None], 'num_warps': 32, 'num_stages': 1}
[verify] SEED-FLAT-ENCODE: raw reduction_loops=[None] num_warps=32 -> flat-normalized reduction_loops=[None] num_warps=32  PRESERVED
[verify] EXPECTED_SEED_STR=Config(block_sizes=[1], num_stages=1, num_warps=32, reduction_loops=[None])
[0s] Starting autotuning process, this may take a while...
[0s] Autotune random seed: 1
[0s] Starting LFBOTreeSearch with initial_population=FROM_BEST_AVAILABLE, copies=2, max_generations=5, similarity_penalty=1.0
[0s] Starting with default config
[0s] Initial population: 2 total
Initial population precompiling 100% ━━━━━━━━━━━━━━━━━━━━━━━━━━━ 2/2 - configs/s
Initial population exploring neighbors 100% ━━━━━━━━━━━━━━━━━ 2/2 18.5 configs/s
[4s] Adaptive compile timeout: 30s (90% percentile=0.1s, bounds=[30.0s, 60s])
[4s] Initial random population of 2, 2 starting points: 
ok=2
min=0.0096
mid=0.0387
max=0.0387
best={'atomic_indexing': [],
 'block_sizes': [1],
 'indexing': ['pointer', 'pointer', 'pointer'],
 'load_eviction_policies': ['', ''],
 'num_stages': 1,
 'num_warps': 32,
 'pid_type': 'flat',
 'range_flattens': [None],
 'range_multi_buffers': [None],
 'range_num_stages': [0],
 'range_unroll_factors': [0],
 'range_warp_specializes': [],
 'reduction_loops': [None]}
[4s] Fitting surrogate: 2 points, 2 targets
[4s] Generation 1 starting: 13 neighbors, 2 active search path(s)
Generation 1: precompiling 100% ━━━━━━━━━━━━━━━━━━━━━━━━━━━━ 13/13 0.4 configs/s
Generation 1: exploring neighbors 100% ━━━━━━━━━━━━━━━━━━━━━ 13/13 1.2 configs/s
[23s] Generation 1 complete: 
ok=15
min=0.0096
mid=0.0217
max=0.0879
best={'atomic_indexing': [],
 'block_sizes': [1],
 'indexing': ['pointer', 'pointer', 'pointer'],
 'load_eviction_policies': ['', ''],
 'num_stages': 1,
 'num_warps': 32,
 'pid_type': 'flat',
 'range_flattens': [None],
 'range_multi_buffers': [None],
 'range_num_stages': [0],
 'range_unroll_factors': [0],
 'range_warp_specializes': [],
 'reduction_loops': [None]}
[23s] Fitting surrogate: 15 points, 15 targets
[24s] Generation 2 starting: 9 neighbors, 2 active search path(s)
Generation 2: precompiling 100% ━━━━━━━━━━━━━━━━━━━━━━━━━━━━━━ 9/9 1.0 configs/s
Generation 2: exploring neighbors 100% ━━━━━━━━━━━━━━━━━━━━━━━ 9/9 0.8 configs/s
[44s] Generation 2 complete: 
ok=11
min=0.0076
mid=0.0152
max=0.0600
best={'atomic_indexing': [],
 'block_sizes': [1],
 'indexing': ['pointer', 'pointer', 'pointer'],
 'load_eviction_policies': ['last', ''],
 'num_stages': 1,
 'num_warps': 32,
 'pid_type': 'flat',
 'range_flattens': [None],
 'range_multi_buffers': [None],
 'range_num_stages': [0],
 'range_unroll_factors': [0],
 'range_warp_specializes': [],
 'reduction_loops': [65536]}
[44s] Fitting surrogate: 24 points, 24 targets
[44s] Copy 0 finish because of no improvement
[44s] Generation 3 starting: 7 neighbors, 1 active search path(s)
Generation 3: precompiling 100% ━━━━━━━━━━━━━━━━━━━━━━━━━━━━━ 8/8 19.8 configs/s
Generation 3: exploring neighbors 100% ━━━━━━━━━━━━━━━━━━━━━━━ 8/8 9.9 configs/s
[45s] Generation 3 complete: 
ok=9
min=0.0076
mid=0.0076
max=0.0142
best={'atomic_indexing': [],
 'block_sizes': [1],
 'indexing': ['pointer', 'pointer', 'pointer'],
 'load_eviction_policies': ['last', ''],
 'num_stages': 1,
 'num_warps': 32,
 'pid_type': 'flat',
 'range_flattens': [None],
 'range_multi_buffers': [None],
 'range_num_stages': [0],
 'range_unroll_factors': [0],
 'range_warp_specializes': [],
 'reduction_loops': [65536]}
[45s] Fitting surrogate: 32 points, 32 targets
[45s] Generation 4 starting: 8 neighbors, 1 active search path(s)
Generation 4: precompiling 100% ━━━━━━━━━━━━━━━━━━━━━━━━━━━━ 8/8 180.0 configs/s
Generation 4: exploring neighbors 100% ━━━━━━━━━━━━━━━━━━━━━━ 8/8 12.7 configs/s
[47s] Generation 4 complete: 
ok=10
min=0.0076
mid=0.0083
max=0.0138
best={'atomic_indexing': [],
 'block_sizes': [1],
 'indexing': ['pointer', 'pointer', 'pointer'],
 'load_eviction_policies': ['last', ''],
 'num_stages': 1,
 'num_warps': 32,
 'pid_type': 'flat',
 'range_flattens': [None],
 'range_multi_buffers': [None],
 'range_num_stages': [0],
 'range_unroll_factors': [0],
 'range_warp_specializes': [],
 'reduction_loops': [65536]}
[47s] Fitting surrogate: 40 points, 40 targets
[47s] Copy 1 finish because of no improvement
[47s] Autotuning stop at generation 5 because of no active search path
[48s] Autotuning complete in 48.3s after searching 40 configs.
One can hardcode the best config and skip autotuning with:
    @helion.kernel(config=helion.Config(atomic_indexing=[], block_sizes=[1], indexing=['pointer', 'pointer', 'pointer'], load_eviction_policies=['last', ''], num_stages=1, num_warps=32, pid_type='flat', range_flattens=[None], range_multi_buffers=[None], range_num_stages=[0], range_unroll_factors=[0], range_warp_specializes=[], reduction_loops=[65536]), static_shapes=True)

[48s] Code of selected kernel: /tmp/productB_postfix_cache_3/long_sum_8_131072_seeded_s1/inductor/ka/ckas7wvegk2jfavzqnqnojlxfui5gvbvfbczv56icdf66twumnj7.py
[driver] DONE best_config={'block_sizes': [1], 'reduction_loops': [65536], 'range_unroll_factors': [0], 'range_warp_specializes': [], 'range_num_stages': [0], 'range_multi_buffers': [None], 'range_flattens': [None], 'load_eviction_policies': ['last', ''], 'num_warps': 32, 'num_stages': 1, 'indexing': ['pointer', 'pointer', 'pointer'], 'atomic_indexing': [], 'pid_type': 'flat'}
