[driver] GPU=3 helion=/home/calebkim/helion-new-heuristics/wt-reduction/helion/__init__.py
[driver] kernel=long_sum shape=(8, 131072) mode=seeded rand_seed=2
[driver] disable_heuristics_env=None force='1' effort='quick' max_gen=None rand_seed_env='2' log='/home/calebkim/helion-new-heuristics/wt-reduction/logs/productB_postfix/long_sum_8_131072_seeded_s2'
[verify] config_spec.compiler_seed_configs (n=1): [{'block_sizes': [1], 'reduction_loops': [None], 'num_warps': 32, 'num_stages': 1}]
[verify] config_spec.autotuner_heuristics: ['triton_reduction_tile']
[verify] recomputed compiler_seed_configs (n=1): [{'block_sizes': [1], 'reduction_loops': [None], 'num_warps': 32, 'num_stages': 1}]
[verify] SEEDED OK: seed config = {'block_sizes': [1], 'reduction_loops': [None], 'num_warps': 32, 'num_stages': 1}
[verify] SEED-FLAT-ENCODE: raw reduction_loops=[None] num_warps=32 -> flat-normalized reduction_loops=[None] num_warps=32  PRESERVED
[verify] EXPECTED_SEED_STR=Config(block_sizes=[1], num_stages=1, num_warps=32, reduction_loops=[None])
[0s] Starting autotuning process, this may take a while...
[0s] Autotune random seed: 2
[0s] Starting LFBOTreeSearch with initial_population=FROM_BEST_AVAILABLE, copies=2, max_generations=5, similarity_penalty=1.0
[0s] Starting with default config
[0s] Initial population: 2 total
Initial population precompiling 100% ━━━━━━━━━━━━━━━━━━━━━━━━━━━ 2/2 - configs/s
Initial population exploring neighbors 100% ━━━━━━━━━━━━━━━━━━ 2/2 8.3 configs/s
[4s] Adaptive compile timeout: 30s (90% percentile=0.1s, bounds=[30.0s, 60s])
[4s] Initial random population of 2, 2 starting points: 
ok=2
min=0.0096
mid=0.0387
max=0.0387
best={'atomic_indexing': [],
 'block_sizes': [1],
 'indexing': ['pointer', 'pointer', 'pointer'],
 'load_eviction_policies': ['', ''],
 'num_stages': 1,
 'num_warps': 32,
 'pid_type': 'flat',
 'range_flattens': [None],
 'range_multi_buffers': [None],
 'range_num_stages': [0],
 'range_unroll_factors': [0],
 'range_warp_specializes': [],
 'reduction_loops': [None]}
[4s] Fitting surrogate: 2 points, 2 targets
[4s] Generation 1 starting: 13 neighbors, 2 active search path(s)
Generation 1: precompiling 100% ━━━━━━━━━━━━━━━━━━━━━━━━━━━ 13/13 45.9 configs/s
Generation 1: exploring neighbors 100% ━━━━━━━━━━━━━━━━━━━━━ 13/13 6.1 configs/s
[7s] Generation 1 complete: 
ok=15
min=0.0096
mid=0.0183
max=0.0410
best={'atomic_indexing': [],
 'block_sizes': [1],
 'indexing': ['pointer', 'pointer', 'pointer'],
 'load_eviction_policies': ['', ''],
 'num_stages': 1,
 'num_warps': 32,
 'pid_type': 'flat',
 'range_flattens': [None],
 'range_multi_buffers': [None],
 'range_num_stages': [0],
 'range_unroll_factors': [0],
 'range_warp_specializes': [],
 'reduction_loops': [None]}
[7s] Fitting surrogate: 15 points, 15 targets
[8s] Generation 2 starting: 10 neighbors, 2 active search path(s)
Generation 2: precompiling 100% ━━━━━━━━━━━━━━━━━━━━━━━━━━━ 11/11 36.2 configs/s
Generation 2: exploring neighbors 100% ━━━━━━━━━━━━━━━━━━━━━ 11/11 6.4 configs/s
[10s] Generation 2 complete: 
ok=12
min=0.0087
mid=0.0141
max=0.0659
best={'atomic_indexing': [],
 'block_sizes': [1],
 'indexing': ['pointer', 'pointer', 'pointer'],
 'load_eviction_policies': ['', 'last'],
 'maxnreg': 64,
 'num_sm_multiplier': 1,
 'num_stages': 1,
 'num_warps': 32,
 'pid_type': 'persistent_blocked',
 'range_flattens': [None],
 'range_multi_buffers': [None],
 'range_num_stages': [1],
 'range_unroll_factors': [0],
 'range_warp_specializes': [],
 'reduction_loops': [4096]}
[10s] Fitting surrogate: 26 points, 26 targets
[10s] Copy 0 finish because of no improvement
[10s] Generation 3 starting: 11 neighbors, 1 active search path(s)
Generation 3: precompiling 100% ━━━━━━━━━━━━━━━━━━━━━━━━━━━ 11/11 51.7 configs/s
Generation 3: exploring neighbors 100% ━━━━━━━━━━━━━━━━━━━━━ 11/11 9.4 configs/s
[12s] Generation 3 complete: 
ok=12
min=0.0076
mid=0.0098
max=0.0660
best={'atomic_indexing': [],
 'block_sizes': [1],
 'indexing': ['pointer', 'pointer', 'pointer'],
 'load_eviction_policies': ['last', 'last'],
 'maxnreg': 64,
 'num_sm_multiplier': 1,
 'num_stages': 1,
 'num_warps': 32,
 'pid_type': 'persistent_blocked',
 'range_flattens': [False],
 'range_multi_buffers': [None],
 'range_num_stages': [1],
 'range_unroll_factors': [0],
 'range_warp_specializes': [],
 'reduction_loops': [1024]}
[12s] Fitting surrogate: 37 points, 37 targets
[12s] Generation 4 starting: 13 neighbors, 1 active search path(s)
Generation 4: precompiling 100% ━━━━━━━━━━━━━━━━━━━━━━━━━━━ 13/13 41.5 configs/s
Generation 4: exploring neighbors 100% ━━━━━━━━━━━━━━━━━━━━━ 13/13 8.1 configs/s
[15s] Generation 4 complete: 
ok=14
min=0.0076
mid=0.0100
max=0.0158
best={'atomic_indexing': [],
 'block_sizes': [1],
 'indexing': ['pointer', 'pointer', 'pointer'],
 'load_eviction_policies': ['last', 'last'],
 'maxnreg': 64,
 'num_sm_multiplier': 1,
 'num_stages': 1,
 'num_warps': 32,
 'pid_type': 'persistent_blocked',
 'range_flattens': [False],
 'range_multi_buffers': [None],
 'range_num_stages': [2],
 'range_unroll_factors': [0],
 'range_warp_specializes': [],
 'reduction_loops': [2048]}
[15s] Fitting surrogate: 50 points, 50 targets
[15s] Generation 5 starting: 14 neighbors, 1 active search path(s)
Generation 5: precompiling 100% ━━━━━━━━━━━━━━━━━━━━━━━━━━━ 14/14 46.9 configs/s
Generation 5: exploring neighbors 100% ━━━━━━━━━━━━━━━━━━━━━ 14/14 9.6 configs/s
[17s] Generation 5 complete: 
ok=15
min=0.0076
mid=0.0079
max=0.0089
best={'atomic_indexing': [],
 'block_sizes': [1],
 'indexing': ['pointer', 'pointer', 'pointer'],
 'load_eviction_policies': ['last', 'last'],
 'maxnreg': 64,
 'num_sm_multiplier': 1,
 'num_stages': 1,
 'num_warps': 32,
 'pid_type': 'persistent_blocked',
 'range_flattens': [False],
 'range_multi_buffers': [None],
 'range_num_stages': [2],
 'range_unroll_factors': [0],
 'range_warp_specializes': [],
 'reduction_loops': [2048]}
[18s] Autotuning complete in 18.7s after searching 64 configs.
One can hardcode the best config and skip autotuning with:
    @helion.kernel(config=helion.Config(atomic_indexing=[], block_sizes=[1], indexing=['pointer', 'pointer', 'pointer'], load_eviction_policies=['last', 'last'], maxnreg=64, num_sm_multiplier=1, num_stages=1, num_warps=32, pid_type='persistent_blocked', range_flattens=[False], range_multi_buffers=[None], range_num_stages=[2], range_unroll_factors=[0], range_warp_specializes=[], reduction_loops=[2048]), static_shapes=True)

[18s] Code of selected kernel: /tmp/productB_postfix_cache_3/long_sum_8_131072_seeded_s2/inductor/a5/ca5a5saatk6xabxilvjaa6nsayrnzqvczw6o3tvov6uusqdi5dw3.py
[driver] DONE best_config={'block_sizes': [1], 'reduction_loops': [2048], 'range_unroll_factors': [0], 'range_warp_specializes': [], 'range_num_stages': [2], 'range_multi_buffers': [None], 'range_flattens': [False], 'load_eviction_policies': ['last', 'last'], 'num_warps': 32, 'num_stages': 1, 'indexing': ['pointer', 'pointer', 'pointer'], 'atomic_indexing': [], 'pid_type': 'persistent_blocked', 'num_sm_multiplier': 1, 'maxnreg': 64}
