[driver] GPU=3 helion=/home/calebkim/helion-new-heuristics/wt-reduction/helion/__init__.py
[driver] kernel=rms_norm shape=(2048, 16384) mode=seeded rand_seed=0
[driver] disable_heuristics_env=None force='1' effort='quick' max_gen=None rand_seed_env='0' log='/home/calebkim/helion-new-heuristics/wt-reduction/logs/productB_postfix/rms_norm_2048_16384_seeded_s0'
[verify] config_spec.compiler_seed_configs (n=1): [{'block_sizes': [1], 'reduction_loops': [None], 'num_warps': 16, 'num_stages': 1}]
[verify] config_spec.autotuner_heuristics: ['triton_reduction_tile']
[verify] recomputed compiler_seed_configs (n=1): [{'block_sizes': [1], 'reduction_loops': [None], 'num_warps': 16, 'num_stages': 1}]
[verify] SEEDED OK: seed config = {'block_sizes': [1], 'reduction_loops': [None], 'num_warps': 16, 'num_stages': 1}
[verify] SEED-FLAT-ENCODE: raw reduction_loops=[None] num_warps=16 -> flat-normalized reduction_loops=[None] num_warps=16  PRESERVED
[verify] EXPECTED_SEED_STR=Config(block_sizes=[1], num_stages=1, num_warps=16, reduction_loops=[None])
[0s] Starting autotuning process, this may take a while...
[0s] Autotune random seed: 0
[0s] Starting LFBOTreeSearch with initial_population=FROM_BEST_AVAILABLE, copies=2, max_generations=5, similarity_penalty=1.0
[0s] Starting with default config
[0s] Initial population: 2 total
Initial population precompiling 100% ━━━━━━━━━━━━━━━━━━━━━━━━━━━ 2/2 - configs/s
Initial population exploring neighbors 100% ━━━━━━━━━━━━━━━━━━ 2/2 7.8 configs/s
[4s] Adaptive compile timeout: 30s (90% percentile=0.2s, bounds=[30.0s, 60s])
[4s] Initial random population of 2, 2 starting points: 
ok=2
min=0.1296
mid=0.1824
max=0.1824
best={'atomic_indexing': [],
 'block_sizes': [1],
 'indexing': ['pointer', 'pointer', 'pointer', 'pointer', 'pointer', 'pointer', 'pointer',
              'pointer'],
 'load_eviction_policies': ['', '', '', '', ''],
 'num_stages': 1,
 'num_warps': 16,
 'pid_type': 'flat',
 'range_flattens': [None],
 'range_multi_buffers': [None],
 'range_num_stages': [0],
 'range_unroll_factors': [0],
 'range_warp_specializes': [],
 'reduction_loops': [None]}
[4s] Fitting surrogate: 2 points, 2 targets
[5s] Generation 1 starting: 14 neighbors, 2 active search path(s)
Generation 1: precompiling 100% ━━━━━━━━━━━━━━━━━━━━━━━━━━━ 14/14 26.9 configs/s
Generation 1: exploring neighbors 100% ━━━━━━━━━━━━━━━━━━━━━ 14/14 6.2 configs/s
[8s] Generation 1 complete: 
ok=16
min=0.1287
mid=0.1338
max=0.1984
best={'atomic_indexing': [],
 'block_sizes': [2],
 'indexing': ['pointer', 'pointer', 'pointer', 'pointer', 'pointer', 'pointer', 'pointer',
              'pointer'],
 'load_eviction_policies': ['', '', '', '', ''],
 'num_stages': 1,
 'num_warps': 16,
 'pid_type': 'flat',
 'range_flattens': [None],
 'range_multi_buffers': [None],
 'range_num_stages': [0],
 'range_unroll_factors': [0],
 'range_warp_specializes': [],
 'reduction_loops': [None]}
[8s] Fitting surrogate: 16 points, 16 targets
[8s] Generation 2 starting: 8 neighbors, 2 active search path(s)
Generation 2: precompiling 100% ━━━━━━━━━━━━━━━━━━━━━━━━━━━━━ 8/8 15.4 configs/s
Generation 2: exploring neighbors 100% ━━━━━━━━━━━━━━━━━━━━━━━ 8/8 5.5 configs/s
[11s] Generation 2 complete: 
ok=10
min=0.1287
mid=0.1525
max=0.5531
best={'atomic_indexing': [],
 'block_sizes': [2],
 'indexing': ['pointer', 'pointer', 'pointer', 'pointer', 'pointer', 'pointer', 'pointer',
              'pointer'],
 'load_eviction_policies': ['', '', '', '', ''],
 'num_stages': 1,
 'num_warps': 16,
 'pid_type': 'flat',
 'range_flattens': [None],
 'range_multi_buffers': [None],
 'range_num_stages': [0],
 'range_unroll_factors': [0],
 'range_warp_specializes': [],
 'reduction_loops': [None]}
[11s] Fitting surrogate: 24 points, 24 targets
[12s] Generation 3 starting: 23 neighbors, 2 active search path(s)
Generation 3: precompiling 100% ━━━━━━━━━━━━━━━━━━━━━━━━━━━━ 23/23 4.2 configs/s
Generation 3: exploring neighbors 100% ━━━━━━━━━━━━━━━━━━━━━ 23/23 8.1 configs/s
[16s] Generation 3 complete: 
error=1
ok=24
min=0.1287
mid=0.1298
max=0.7280
best={'atomic_indexing': [],
 'block_sizes': [2],
 'indexing': ['pointer', 'pointer', 'pointer', 'pointer', 'pointer', 'pointer', 'pointer',
              'pointer'],
 'load_eviction_policies': ['', '', 'first', '', ''],
 'num_stages': 1,
 'num_warps': 16,
 'pid_type': 'flat',
 'range_flattens': [None],
 'range_multi_buffers': [None],
 'range_num_stages': [0],
 'range_unroll_factors': [0],
 'range_warp_specializes': [],
 'reduction_loops': [None]}
[16s] Fitting surrogate: 47 points, 47 targets
[16s] Copy 0 finish because of no improvement
[16s] Copy 1 finish because of no improvement
[16s] Autotuning stop at generation 4 because of no active search path
[17s] Autotuning complete in 17.4s after searching 47 configs.
One can hardcode the best config and skip autotuning with:
    @helion.kernel(config=helion.Config(atomic_indexing=[], block_sizes=[2], indexing=['pointer', 'pointer', 'pointer', 'pointer', 'pointer', 'pointer', 'pointer', 'pointer'], load_eviction_policies=['', '', 'first', '', ''], num_stages=1, num_warps=16, pid_type='flat', range_flattens=[None], range_multi_buffers=[None], range_num_stages=[0], range_unroll_factors=[0], range_warp_specializes=[], reduction_loops=[None]), static_shapes=True)

[17s] 1 of 47 configs failed due to compile failures.
[17s] Code of selected kernel: /tmp/productB_postfix_cache_3/rms_norm_2048_16384_seeded_s0/inductor/cc/ccc72au3cliywg72oihnef4kicqy7k7txbygjmuqjsk5hyy7jasf.py
[driver] DONE best_config={'block_sizes': [2], 'reduction_loops': [None], 'range_unroll_factors': [0], 'range_warp_specializes': [], 'range_num_stages': [0], 'range_multi_buffers': [None], 'range_flattens': [None], 'load_eviction_policies': ['', '', 'first', '', ''], 'num_warps': 16, 'num_stages': 1, 'indexing': ['pointer', 'pointer', 'pointer', 'pointer', 'pointer', 'pointer', 'pointer', 'pointer'], 'atomic_indexing': [], 'pid_type': 'flat'}
