[driver] GPU=3 helion=/home/calebkim/helion-new-heuristics/wt-reduction/helion/__init__.py
[driver] kernel=rms_norm shape=(8192, 8192) mode=unseeded rand_seed=0
[driver] disable_heuristics_env='1' force='1' effort='quick' max_gen=None rand_seed_env='0' log='/home/calebkim/helion-new-heuristics/wt-reduction/logs/productB_postfix/rms_norm_8192_8192_unseeded_s0'
[verify] config_spec.compiler_seed_configs (n=0): []
[verify] config_spec.autotuner_heuristics: []
[verify] recomputed compiler_seed_configs (n=0): []
[verify] UNSEEDED OK: no compiler seed in initial population
[verify] EXPECTED_SEED_STR=None
[0s] Starting autotuning process, this may take a while...
[0s] Autotune random seed: 0
[0s] Starting LFBOTreeSearch with initial_population=FROM_BEST_AVAILABLE, copies=2, max_generations=5, similarity_penalty=1.0
[0s] Starting with default config
[0s] Initial population: 1 total
Initial population precompiling 100% ━━━━━━━━━━━━━━━━━━━━━━━━━━━ 1/1 - configs/s
Initial population exploring neighbors 100% ━━━━━━━━━━━━━━━━━━━━ 1/1 - configs/s
[4s] Adaptive compile timeout: 30s (90% percentile=0.2s, bounds=[30.0s, 60s])
[4s] Initial random population of 1, 1 starting points: 
ok=1
min=0.3351
mid=0.3351
max=0.3351
best={'atomic_indexing': [],
 'block_sizes': [1],
 'indexing': ['pointer', 'pointer', 'pointer', 'pointer', 'pointer', 'pointer', 'pointer',
              'pointer'],
 'load_eviction_policies': ['', '', '', '', ''],
 'num_stages': 1,
 'num_warps': 4,
 'pid_type': 'flat',
 'range_flattens': [None],
 'range_multi_buffers': [None],
 'range_num_stages': [0],
 'range_unroll_factors': [0],
 'range_warp_specializes': [],
 'reduction_loops': [4096]}
[4s] All labels are identical, skip training surrogate.
[4s] Generation 1 starting: 7 neighbors, 1 active search path(s)
Generation 1: precompiling 100% ━━━━━━━━━━━━━━━━━━━━━━━━━━━━━━ 8/8 5.3 configs/s
Generation 1: exploring neighbors 100% ━━━━━━━━━━━━━━━━━━━━━━━ 8/8 2.7 configs/s
[9s] Generation 1 complete: 
ok=9
min=0.2523
mid=0.3323
max=0.3994
best={'atomic_indexing': [],
 'block_sizes': [1],
 'indexing': ['pointer', 'pointer', 'pointer', 'pointer', 'pointer', 'pointer', 'pointer',
              'pointer'],
 'load_eviction_policies': ['', '', '', '', ''],
 'num_stages': 1,
 'num_warps': 16,
 'pid_type': 'flat',
 'range_flattens': [None],
 'range_multi_buffers': [None],
 'range_num_stages': [0],
 'range_unroll_factors': [0],
 'range_warp_specializes': [],
 'reduction_loops': [None]}
[9s] Fitting surrogate: 9 points, 9 targets
[9s] Generation 2 starting: 5 neighbors, 1 active search path(s)
Generation 2: precompiling 100% ━━━━━━━━━━━━━━━━━━━━━━━━━━━━━ 5/5 76.1 configs/s
Generation 2: exploring neighbors 100% ━━━━━━━━━━━━━━━━━━━━━━━ 5/5 7.2 configs/s
[10s] Generation 2 complete: 
ok=6
min=0.2520
mid=0.2523
max=0.2746
best={'atomic_indexing': [],
 'block_sizes': [4],
 'indexing': ['pointer', 'pointer', 'pointer', 'pointer', 'pointer', 'pointer', 'pointer',
              'pointer'],
 'load_eviction_policies': ['', '', '', 'first', ''],
 'num_stages': 1,
 'num_warps': 32,
 'pid_type': 'flat',
 'range_flattens': [None],
 'range_multi_buffers': [None],
 'range_num_stages': [0],
 'range_unroll_factors': [0],
 'range_warp_specializes': [],
 'reduction_loops': [None]}
[10s] Fitting surrogate: 14 points, 14 targets
[11s] Generation 3 starting: 11 neighbors, 1 active search path(s)
Generation 3: precompiling 100% ━━━━━━━━━━━━━━━━━━━━━━━━━━━ 11/11 52.7 configs/s
Generation 3: exploring neighbors 100% ━━━━━━━━━━━━━━━━━━━━━ 11/11 7.3 configs/s
[13s] Generation 3 complete: 
ok=12
min=0.2496
mid=0.2524
max=0.4651
best={'atomic_indexing': [],
 'block_sizes': [4],
 'indexing': ['pointer', 'pointer', 'pointer', 'pointer', 'pointer', 'pointer', 'pointer',
              'pointer'],
 'load_eviction_policies': ['last', '', '', 'first', ''],
 'num_stages': 1,
 'num_warps': 32,
 'pid_type': 'flat',
 'range_flattens': [None],
 'range_multi_buffers': [None],
 'range_num_stages': [0],
 'range_unroll_factors': [0],
 'range_warp_specializes': [],
 'reduction_loops': [None]}
[13s] Fitting surrogate: 25 points, 25 targets
[13s] Generation 4 starting: 13 neighbors, 1 active search path(s)
Generation 4: precompiling 100% ━━━━━━━━━━━━━━━━━━━━━━━━━━━ 14/14 13.1 configs/s
Generation 4: exploring neighbors 100% ━━━━━━━━━━━━━━━━━━━━━ 14/14 4.4 configs/s
[17s] Generation 4 complete: 
error=1
ok=14
min=0.2488
mid=0.2518
max=0.9957
best={'atomic_indexing': [],
 'block_sizes': [4],
 'indexing': ['pointer', 'pointer', 'pointer', 'pointer', 'pointer', 'tensor_descriptor', 'pointer',
              'pointer'],
 'load_eviction_policies': ['last', '', '', 'first', 'first'],
 'num_stages': 1,
 'num_warps': 8,
 'pid_type': 'flat',
 'range_flattens': [None],
 'range_multi_buffers': [None],
 'range_num_stages': [0],
 'range_unroll_factors': [0],
 'range_warp_specializes': [],
 'reduction_loops': [None]}
[17s] Fitting surrogate: 39 points, 39 targets
[18s] Generation 5 starting: 16 neighbors, 1 active search path(s)
Generation 5: precompiling 100% ━━━━━━━━━━━━━━━━━━━━━━━━━━━ 16/16 10.8 configs/s
Generation 5: exploring neighbors 100% ━━━━━━━━━━━━━━━━━━━━━ 16/16 4.5 configs/s
[23s] Generation 5 complete: 
ok=17
min=0.2488
mid=0.2506
max=1.2934
best={'atomic_indexing': [],
 'block_sizes': [4],
 'indexing': ['pointer', 'pointer', 'pointer', 'pointer', 'pointer', 'tensor_descriptor', 'pointer',
              'pointer'],
 'load_eviction_policies': ['last', '', '', 'first', 'first'],
 'num_stages': 1,
 'num_warps': 8,
 'pid_type': 'flat',
 'range_flattens': [None],
 'range_multi_buffers': [None],
 'range_num_stages': [0],
 'range_unroll_factors': [0],
 'range_warp_specializes': [],
 'reduction_loops': [None]}
[24s] Autotuning complete in 24.3s after searching 55 configs.
One can hardcode the best config and skip autotuning with:
    @helion.kernel(config=helion.Config(atomic_indexing=[], block_sizes=[4], indexing=['pointer', 'pointer', 'pointer', 'pointer', 'pointer', 'tensor_descriptor', 'pointer', 'pointer'], load_eviction_policies=['last', '', '', 'first', 'first'], num_stages=1, num_warps=8, pid_type='flat', range_flattens=[None], range_multi_buffers=[None], range_num_stages=[0], range_unroll_factors=[0], range_warp_specializes=[], reduction_loops=[None]), static_shapes=True)

[24s] 1 of 55 configs failed due to compile failures.
[24s] Code of selected kernel: /tmp/productB_postfix_cache_3/rms_norm_8192_8192_unseeded_s0/inductor/m2/cm2vpjbfcn7p5oi5sq7hdajgwh7drsdwq553kcctjhm2o4fjpea6.py
[driver] DONE best_config={'block_sizes': [4], 'reduction_loops': [None], 'range_unroll_factors': [0], 'range_warp_specializes': [], 'range_num_stages': [0], 'range_multi_buffers': [None], 'range_flattens': [None], 'load_eviction_policies': ['last', '', '', 'first', 'first'], 'num_warps': 8, 'num_stages': 1, 'indexing': ['pointer', 'pointer', 'pointer', 'pointer', 'pointer', 'tensor_descriptor', 'pointer', 'pointer'], 'atomic_indexing': [], 'pid_type': 'flat'}
